 <2023-11-21 21:23:47> Line: 369, ErrNum: 0, 新系统数据:......................................
 <2023-11-21 21:23:47> Line: 370, ErrNum: 0, 23240795460200.
 <2023-11-21 21:23:47> Line: 474, ErrNum: 0, slab_nums=0,,m_para[0~5]=0.000000,0.000000,0.000000,137.960000,0.000000,137.960000.
 <2023-11-21 21:23:47> Line: 474, ErrNum: 0, slab_nums=1,,m_para[0~5]=726.130000,688.120000,301.000000,146.610000,0.000000,146.450000.
 <2023-11-21 21:23:47> Line: 474, ErrNum: 0, slab_nums=2,,m_para[0~5]=726.930000,683.440000,301.000000,153.160000,0.000000,152.890000.
 <2023-11-21 21:23:47> Line: 474, ErrNum: 0, slab_nums=3,,m_para[0~5]=726.910000,681.180000,301.000000,160.790000,0.000000,160.390000.
 <2023-11-21 21:23:47> Line: 474, ErrNum: 0, slab_nums=4,,m_para[0~5]=725.890000,677.840000,301.000000,168.210000,0.000000,167.700000.
 <2023-11-21 21:23:47> Line: 474, ErrNum: 0, slab_nums=5,,m_para[0~5]=748.360000,695.940000,903.000000,174.710000,0.000000,174.100000.
 <2023-11-21 21:23:47> Line: 474, ErrNum: 0, slab_nums=6,,m_para[0~5]=777.480000,716.130000,1480.000000,183.820000,0.000000,183.070000.
 <2023-11-21 21:23:47> Line: 474, ErrNum: 0, slab_nums=7,,m_para[0~5]=768.980000,705.360000,1480.000000,192.130000,0.000000,191.250000.
 <2023-11-21 21:23:47> Line: 474, ErrNum: 0, slab_nums=8,,m_para[0~5]=763.150000,699.030000,1480.000000,198.680000,0.000000,197.710000.
 <2023-11-21 21:23:47> Line: 474, ErrNum: 0, slab_nums=9,,m_para[0~5]=758.170000,696.500000,1480.000000,205.020000,0.000000,203.970000.
 <2023-11-21 21:23:47> Line: 474, ErrNum: 0, slab_nums=10,,m_para[0~5]=780.600000,715.190000,2081.000000,213.010000,0.000000,211.840000.
 <2023-11-21 21:23:47> Line: 474, ErrNum: 0, slab_nums=11,,m_para[0~5]=803.800000,735.350000,2682.000000,220.300000,0.000000,219.030000.
 <2023-11-21 21:23:47> Line: 474, ErrNum: 0, slab_nums=12,,m_para[0~5]=809.370000,738.810000,2682.000000,227.830000,0.000000,226.460000.
 <2023-11-21 21:23:47> Line: 474, ErrNum: 0, slab_nums=13,,m_para[0~5]=811.230000,740.910000,2682.000000,236.750000,0.000000,235.260000.
 <2023-11-21 21:23:47> Line: 474, ErrNum: 0, slab_nums=14,,m_para[0~5]=816.270000,742.710000,2682.000000,245.650000,0.000000,244.050000.
 <2023-11-21 21:23:47> Line: 474, ErrNum: 0, slab_nums=15,,m_para[0~5]=839.600000,764.610000,3284.000000,254.640000,0.000000,252.980000.
 <2023-11-21 21:23:47> Line: 474, ErrNum: 0, slab_nums=16,,m_para[0~5]=852.590000,773.030000,3781.000000,261.970000,0.000000,260.340000.
 <2023-11-21 21:23:47> Line: 474, ErrNum: 0, slab_nums=17,,m_para[0~5]=854.030000,771.510000,3781.000000,270.880000,0.000000,269.270000.
 <2023-11-21 21:23:47> Line: 474, ErrNum: 0, slab_nums=18,,m_para[0~5]=859.070000,771.840000,3781.000000,279.760000,0.000000,278.170000.
 <2023-11-21 21:23:47> Line: 474, ErrNum: 0, slab_nums=19,,m_para[0~5]=860.600000,771.630000,3781.000000,287.080000,0.000000,285.510000.
 <2023-11-21 21:23:47> Line: 474, ErrNum: 0, slab_nums=20,,m_para[0~5]=858.660000,764.620000,3781.000000,295.560000,0.000000,294.010000.
 <2023-11-21 21:23:47> Line: 474, ErrNum: 0, slab_nums=21,,m_para[0~5]=855.050000,762.960000,3781.000000,302.450000,0.000000,300.910000.
 <2023-11-21 21:23:47> Line: 474, ErrNum: 0, slab_nums=22,,m_para[0~5]=855.950000,763.670000,3781.000000,310.650000,0.000000,309.120000.
 <2023-11-21 21:23:47> Line: 474, ErrNum: 0, slab_nums=23,,m_para[0~5]=853.460000,762.200000,3781.000000,317.310000,0.000000,315.790000.
 <2023-11-21 21:23:47> Line: 474, ErrNum: 0, slab_nums=24,,m_para[0~5]=873.310000,784.090000,4382.000000,325.710000,0.000000,324.210000.
 <2023-11-21 21:23:47> Line: 474, ErrNum: 0, slab_nums=25,,m_para[0~5]=892.450000,804.720000,4984.000000,333.280000,0.000000,331.780000.
 <2023-11-21 21:23:47> Line: 474, ErrNum: 0, slab_nums=26,,m_para[0~5]=898.880000,807.060000,4984.000000,342.580000,0.000000,341.090000.
 <2023-11-21 21:23:47> Line: 474, ErrNum: 0, slab_nums=27,,m_para[0~5]=902.240000,808.770000,4984.000000,350.250000,0.000000,348.770000.
 <2023-11-21 21:23:47> Line: 474, ErrNum: 0, slab_nums=28,,m_para[0~5]=907.780000,811.030000,4984.000000,359.440000,0.000000,357.970000.
 <2023-11-21 21:23:47> Line: 474, ErrNum: 0, slab_nums=29,,m_para[0~5]=909.710000,813.370000,4984.000000,368.520000,0.000000,367.050000.
 <2023-11-21 21:23:47> Line: 474, ErrNum: 0, slab_nums=30,,m_para[0~5]=914.490000,816.310000,4984.000000,377.570000,0.000000,376.110000.
 <2023-11-21 21:23:47> Line: 474, ErrNum: 0, slab_nums=31,,m_para[0~5]=914.750000,817.270000,4984.000000,384.970000,0.000000,383.520000.
 <2023-11-21 21:23:47> Line: 474, ErrNum: 0, slab_nums=32,,m_para[0~5]=934.470000,839.470000,5585.000000,394.240000,0.000000,392.790000.
 <2023-11-21 21:23:47> Line: 474, ErrNum: 0, slab_nums=33,,m_para[0~5]=947.140000,855.770000,6186.000000,403.840000,0.000000,402.400000.
 <2023-11-21 21:23:47> Line: 474, ErrNum: 0, slab_nums=34,,m_para[0~5]=944.010000,854.170000,6186.000000,411.800000,0.000000,410.370000.
 <2023-11-21 21:23:47> Line: 474, ErrNum: 0, slab_nums=35,,m_para[0~5]=942.100000,854.360000,6186.000000,421.100000,0.000000,419.680000.
 <2023-11-21 21:23:47> Line: 474, ErrNum: 0, slab_nums=36,,m_para[0~5]=943.740000,856.360000,6186.000000,428.750000,0.000000,427.330000.
 <2023-11-21 21:23:47> Line: 474, ErrNum: 0, slab_nums=37,,m_para[0~5]=958.800000,877.080000,6788.000000,438.170000,0.000000,436.760000.
 <2023-11-21 21:23:47> Line: 474, ErrNum: 0, slab_nums=38,,m_para[0~5]=957.770000,876.150000,6788.000000,446.030000,0.000000,444.630000.
 <2023-11-21 21:23:47> Line: 474, ErrNum: 0, slab_nums=39,,m_para[0~5]=1099.840000,1093.500000,7389.000000,455.730000,0.000000,454.630000.
 <2023-11-21 21:23:47> Line: 474, ErrNum: 0, slab_nums=40,,m_para[0~5]=1099.840000,1093.500000,7389.000000,464.810000,0.000000,464.990000.
 <2023-11-21 21:23:47> Line: 474, ErrNum: 0, slab_nums=41,,m_para[0~5]=1099.840000,1093.500000,7389.000000,475.110000,0.000000,476.500000.
 <2023-11-21 21:23:47> Line: 474, ErrNum: 0, slab_nums=42,,m_para[0~5]=1099.840000,1093.500000,7389.000000,485.120000,0.000000,487.630000.
 <2023-11-21 21:23:47> Line: 474, ErrNum: 0, slab_nums=43,,m_para[0~5]=1099.840000,1093.500000,7991.000000,493.620000,0.000000,496.850000.
 <2023-11-21 21:23:47> Line: 474, ErrNum: 0, slab_nums=44,,m_para[0~5]=1099.840000,1093.500000,7991.000000,503.790000,0.000000,507.910000.
 <2023-11-21 21:23:47> Line: 474, ErrNum: 0, slab_nums=45,,m_para[0~5]=1099.840000,1093.500000,8592.000000,512.210000,0.000000,516.970000.
 <2023-11-21 21:23:47> Line: 474, ErrNum: 0, slab_nums=46,,m_para[0~5]=1099.840000,1093.500000,8592.000000,520.600000,0.000000,525.870000.
 <2023-11-21 21:23:47> Line: 474, ErrNum: 0, slab_nums=47,,m_para[0~5]=1099.840000,1093.500000,8592.000000,530.240000,0.000000,536.310000.
 <2023-11-21 21:23:47> Line: 474, ErrNum: 0, slab_nums=48,,m_para[0~5]=1099.840000,1093.500000,8592.000000,539.660000,0.000000,546.270000.
 <2023-11-21 21:23:47> Line: 474, ErrNum: 0, slab_nums=49,,m_para[0~5]=1099.840000,1093.500000,9193.000000,547.720000,0.000000,554.770000.
 <2023-11-21 21:23:47> Line: 474, ErrNum: 0, slab_nums=50,,m_para[0~5]=1099.840000,1093.500000,9794.000000,557.940000,0.000000,565.730000.
 <2023-11-21 21:23:47> Line: 474, ErrNum: 0, slab_nums=51,,m_para[0~5]=1099.840000,1093.500000,9794.000000,566.290000,0.000000,574.340000.
 <2023-11-21 21:23:47> Line: 474, ErrNum: 0, slab_nums=52,,m_para[0~5]=1099.840000,1093.500000,9794.000000,575.970000,0.000000,584.580000.
 <2023-11-21 21:23:47> Line: 474, ErrNum: 0, slab_nums=53,,m_para[0~5]=1099.840000,1093.500000,9794.000000,584.140000,0.000000,592.920000.
 <2023-11-21 21:23:47> Line: 474, ErrNum: 0, slab_nums=54,,m_para[0~5]=1099.840000,1093.500000,9794.000000,594.020000,0.000000,603.280000.
 <2023-11-21 21:23:47> Line: 474, ErrNum: 0, slab_nums=55,,m_para[0~5]=1099.840000,1093.500000,10395.000000,604.500000,0.000000,614.120000.
 <2023-11-21 21:23:47> Line: 474, ErrNum: 0, slab_nums=56,,m_para[0~5]=1099.840000,1093.500000,10975.000000,614.010000,0.000000,623.880000.
 <2023-11-21 21:23:47> Line: 474, ErrNum: 0, slab_nums=57,,m_para[0~5]=1099.840000,1093.500000,10975.000000,625.390000,0.000000,635.670000.
 <2023-11-21 21:23:47> Line: 474, ErrNum: 0, slab_nums=58,,m_para[0~5]=1099.840000,1093.500000,10975.000000,636.590000,0.000000,647.000000.
 <2023-11-21 21:23:47> Line: 474, ErrNum: 0, slab_nums=59,,m_para[0~5]=1099.840000,1093.500000,10975.000000,645.660000,0.000000,656.090000.
 <2023-11-21 21:23:47> Line: 474, ErrNum: 0, slab_nums=60,,m_para[0~5]=1099.840000,1093.500000,11577.000000,656.590000,0.000000,667.250000.
 <2023-11-21 21:23:47> Line: 474, ErrNum: 0, slab_nums=61,,m_para[0~5]=1099.840000,1093.500000,12130.000000,667.120000,0.000000,678.040000.
 <2023-11-21 21:23:47> Line: 474, ErrNum: 0, slab_nums=62,,m_para[0~5]=1099.840000,1093.500000,12130.000000,675.750000,0.000000,686.710000.
 <2023-11-21 21:23:47> Line: 474, ErrNum: 0, slab_nums=63,,m_para[0~5]=1099.840000,1093.500000,12130.000000,685.800000,0.000000,697.010000.
 <2023-11-21 21:23:47> Line: 474, ErrNum: 0, slab_nums=64,,m_para[0~5]=1099.840000,1093.500000,12130.000000,695.720000,0.000000,707.000000.
 <2023-11-21 21:23:47> Line: 474, ErrNum: 0, slab_nums=65,,m_para[0~5]=1099.840000,1093.500000,12130.000000,705.350000,0.000000,716.700000.
 <2023-11-21 21:23:47> Line: 474, ErrNum: 0, slab_nums=66,,m_para[0~5]=1099.840000,1093.500000,12732.000000,713.460000,0.000000,724.840000.
 <2023-11-21 21:23:47> Line: 474, ErrNum: 0, slab_nums=67,,m_para[0~5]=1099.840000,1093.500000,13311.000000,723.110000,0.000000,734.130000.
 <2023-11-21 21:23:47> Line: 474, ErrNum: 0, slab_nums=68,,m_para[0~5]=1099.840000,1093.500000,13311.000000,732.570000,0.000000,743.380000.
 <2023-11-21 21:23:47> Line: 474, ErrNum: 0, slab_nums=69,,m_para[0~5]=1099.840000,1093.500000,13311.000000,740.140000,0.000000,750.650000.
 <2023-11-21 21:23:47> Line: 474, ErrNum: 0, slab_nums=70,,m_para[0~5]=1099.840000,1093.500000,13311.000000,749.080000,0.000000,759.480000.
 <2023-11-21 21:23:47> Line: 474, ErrNum: 0, slab_nums=71,,m_para[0~5]=1099.840000,1093.500000,13311.000000,757.650000,0.000000,767.900000.
 <2023-11-21 21:23:47> Line: 474, ErrNum: 0, slab_nums=72,,m_para[0~5]=1099.840000,1093.500000,14478.000000,764.930000,0.000000,774.860000.
 <2023-11-21 21:23:47> Line: 474, ErrNum: 0, slab_nums=73,,m_para[0~5]=1099.840000,1093.500000,14478.000000,773.390000,0.000000,782.710000.
 <2023-11-21 21:23:47> Line: 474, ErrNum: 0, slab_nums=74,,m_para[0~5]=1099.840000,1093.500000,14478.000000,780.210000,0.000000,789.100000.
 <2023-11-21 21:23:47> Line: 474, ErrNum: 0, slab_nums=75,,m_para[0~5]=1099.840000,1093.500000,14478.000000,786.790000,0.000000,795.330000.
 <2023-11-21 21:23:47> Line: 474, ErrNum: 0, slab_nums=76,,m_para[0~5]=1099.840000,1093.500000,14478.000000,794.630000,0.000000,802.870000.
 <2023-11-21 21:23:47> Line: 474, ErrNum: 0, slab_nums=77,,m_para[0~5]=1099.840000,1093.500000,15079.000000,801.050000,0.000000,809.020000.
 <2023-11-21 21:23:47> Line: 474, ErrNum: 0, slab_nums=78,,m_para[0~5]=1099.840000,1093.500000,15627.000000,808.690000,0.000000,816.460000.
 <2023-11-21 21:23:47> Line: 474, ErrNum: 0, slab_nums=79,,m_para[0~5]=1099.840000,1093.500000,15627.000000,814.880000,0.000000,822.450000.
 <2023-11-21 21:23:47> Line: 474, ErrNum: 0, slab_nums=80,,m_para[0~5]=1099.840000,1093.500000,15627.000000,822.530000,0.000000,830.000000.
 <2023-11-21 21:23:47> Line: 474, ErrNum: 0, slab_nums=81,,m_para[0~5]=1099.840000,1093.500000,15627.000000,830.210000,0.000000,837.570000.
 <2023-11-21 21:23:47> Line: 474, ErrNum: 0, slab_nums=82,,m_para[0~5]=1099.840000,1093.500000,15627.000000,836.880000,0.000000,844.080000.
 <2023-11-21 21:23:47> Line: 474, ErrNum: 0, slab_nums=83,,m_para[0~5]=1176.980000,1178.090000,16228.000000,844.100000,0.000000,852.090000.
 <2023-11-21 21:23:47> Line: 474, ErrNum: 0, slab_nums=84,,m_para[0~5]=1176.980000,1178.090000,16826.000000,850.660000,0.000000,858.890000.
 <2023-11-21 21:23:47> Line: 474, ErrNum: 0, slab_nums=85,,m_para[0~5]=1176.980000,1178.090000,16826.000000,858.460000,0.000000,866.840000.
 <2023-11-21 21:23:47> Line: 474, ErrNum: 0, slab_nums=86,,m_para[0~5]=1176.980000,1178.090000,16826.000000,866.320000,0.000000,874.800000.
 <2023-11-21 21:23:47> Line: 474, ErrNum: 0, slab_nums=87,,m_para[0~5]=1176.980000,1178.090000,16826.000000,872.570000,0.000000,880.960000.
 <2023-11-21 21:23:47> Line: 474, ErrNum: 0, slab_nums=88,,m_para[0~5]=1176.980000,1178.090000,17427.000000,880.060000,0.000000,888.490000.
 <2023-11-21 21:23:47> Line: 474, ErrNum: 0, slab_nums=89,,m_para[0~5]=1176.980000,1178.090000,18028.000000,886.240000,0.000000,894.680000.
 <2023-11-21 21:23:47> Line: 474, ErrNum: 0, slab_nums=90,,m_para[0~5]=1176.980000,1178.090000,18028.000000,893.650000,0.000000,902.230000.
 <2023-11-21 21:23:47> Line: 474, ErrNum: 0, slab_nums=91,,m_para[0~5]=1176.980000,1178.090000,18028.000000,899.750000,0.000000,908.350000.
 <2023-11-21 21:23:47> Line: 474, ErrNum: 0, slab_nums=92,,m_para[0~5]=1176.980000,1178.090000,18028.000000,907.250000,0.000000,916.150000.
 <2023-11-21 21:23:47> Line: 474, ErrNum: 0, slab_nums=93,,m_para[0~5]=1176.980000,1178.090000,18028.000000,913.510000,0.000000,922.440000.
 <2023-11-21 21:23:47> Line: 474, ErrNum: 0, slab_nums=94,,m_para[0~5]=1176.980000,1178.090000,18630.000000,921.260000,0.000000,930.410000.
 <2023-11-21 21:23:47> Line: 474, ErrNum: 0, slab_nums=95,,m_para[0~5]=1176.980000,1178.090000,19196.000000,927.870000,0.000000,937.130000.
 <2023-11-21 21:23:47> Line: 474, ErrNum: 0, slab_nums=96,,m_para[0~5]=1176.980000,1178.090000,19196.000000,935.790000,0.000000,945.230000.
 <2023-11-21 21:23:47> Line: 474, ErrNum: 0, slab_nums=97,,m_para[0~5]=1176.980000,1178.090000,19196.000000,942.350000,0.000000,951.740000.
 <2023-11-21 21:23:47> Line: 474, ErrNum: 0, slab_nums=98,,m_para[0~5]=1176.980000,1178.090000,19196.000000,949.000000,0.000000,958.280000.
 <2023-11-21 21:23:47> Line: 474, ErrNum: 0, slab_nums=99,,m_para[0~5]=1176.980000,1178.090000,19797.000000,957.170000,0.000000,966.450000.
 <2023-11-21 21:23:47> Line: 474, ErrNum: 0, slab_nums=100,,m_para[0~5]=1176.980000,1178.090000,20349.000000,964.150000,0.000000,973.340000.
 <2023-11-21 21:23:47> Line: 474, ErrNum: 0, slab_nums=101,,m_para[0~5]=1176.980000,1178.090000,20349.000000,970.960000,0.000000,979.990000.
 <2023-11-21 21:23:47> Line: 474, ErrNum: 0, slab_nums=102,,m_para[0~5]=1176.980000,1178.090000,20349.000000,977.560000,0.000000,986.440000.
 <2023-11-21 21:23:47> Line: 474, ErrNum: 0, slab_nums=103,,m_para[0~5]=1176.980000,1178.090000,20349.000000,984.000000,0.000000,992.740000.
 <2023-11-21 21:23:47> Line: 474, ErrNum: 0, slab_nums=104,,m_para[0~5]=1176.980000,1178.090000,20349.000000,991.670000,0.000000,1000.380000.
 <2023-11-21 21:23:47> Line: 474, ErrNum: 0, slab_nums=105,,m_para[0~5]=1176.980000,1178.090000,20951.000000,998.390000,0.000000,1007.160000.
 <2023-11-21 21:23:47> Line: 474, ErrNum: 0, slab_nums=106,,m_para[0~5]=1176.980000,1178.090000,20951.000000,1003.930000,0.000000,1012.570000.
 <2023-11-21 21:23:47> Line: 474, ErrNum: 0, slab_nums=107,,m_para[0~5]=1176.980000,1178.090000,21552.000000,1010.290000,0.000000,1018.890000.
 <2023-11-21 21:23:47> Line: 474, ErrNum: 0, slab_nums=108,,m_para[0~5]=1176.980000,1178.090000,22154.000000,1015.950000,0.000000,1024.370000.
 <2023-11-21 21:23:47> Line: 474, ErrNum: 0, slab_nums=109,,m_para[0~5]=1176.980000,1178.090000,22154.000000,1020.470000,0.000000,1028.530000.
 <2023-11-21 21:23:47> Line: 474, ErrNum: 0, slab_nums=110,,m_para[0~5]=1176.980000,1178.090000,22154.000000,1025.740000,0.000000,1033.570000.
 <2023-11-21 21:23:47> Line: 474, ErrNum: 0, slab_nums=111,,m_para[0~5]=1176.980000,1178.090000,22154.000000,1030.820000,0.000000,1038.420000.
 <2023-11-21 21:23:47> Line: 474, ErrNum: 0, slab_nums=112,,m_para[0~5]=1176.980000,1178.090000,22154.000000,1035.090000,0.000000,1042.460000.
 <2023-11-21 21:23:47> Line: 474, ErrNum: 0, slab_nums=113,,m_para[0~5]=1176.980000,1178.090000,22154.000000,1040.120000,0.000000,1047.330000.
 <2023-11-21 21:23:47> Line: 474, ErrNum: 0, slab_nums=114,,m_para[0~5]=1176.980000,1178.090000,22154.000000,1044.360000,0.000000,1051.370000.
 <2023-11-21 21:23:47> Line: 474, ErrNum: 0, slab_nums=115,,m_para[0~5]=1176.980000,1178.090000,22154.000000,1048.570000,0.000000,1055.400000.
 <2023-11-21 21:23:47> Line: 474, ErrNum: 0, slab_nums=116,,m_para[0~5]=1176.980000,1178.090000,22154.000000,1053.660000,0.000000,1060.380000.
 <2023-11-21 21:23:47> Line: 474, ErrNum: 0, slab_nums=117,,m_para[0~5]=1176.980000,1178.090000,22154.000000,1057.830000,0.000000,1064.370000.
 <2023-11-21 21:23:47> Line: 474, ErrNum: 0, slab_nums=118,,m_para[0~5]=1176.980000,1178.090000,22154.000000,1062.780000,0.000000,1069.210000.
 <2023-11-21 21:23:47> Line: 474, ErrNum: 0, slab_nums=119,,m_para[0~5]=1176.980000,1178.090000,22154.000000,1066.750000,0.000000,1073.000000.
 <2023-11-21 21:23:47> Line: 474, ErrNum: 0, slab_nums=120,,m_para[0~5]=1176.980000,1178.090000,22755.000000,1071.060000,0.000000,1077.140000.
 <2023-11-21 21:23:47> Line: 474, ErrNum: 0, slab_nums=121,,m_para[0~5]=1176.980000,1178.090000,23356.000000,1074.150000,0.000000,1080.020000.
 <2023-11-21 21:23:47> Line: 474, ErrNum: 0, slab_nums=122,,m_para[0~5]=1176.980000,1178.090000,23356.000000,1077.860000,0.000000,1083.580000.
 <2023-11-21 21:23:47> Line: 474, ErrNum: 0, slab_nums=123,,m_para[0~5]=1176.980000,1178.090000,23356.000000,1081.050000,0.000000,1086.590000.
 <2023-11-21 21:23:47> Line: 474, ErrNum: 0, slab_nums=124,,m_para[0~5]=1176.980000,1178.090000,23356.000000,1084.960000,0.000000,1090.380000.
 <2023-11-21 21:23:47> Line: 474, ErrNum: 0, slab_nums=125,,m_para[0~5]=1176.980000,1178.090000,23356.000000,1088.180000,0.000000,1093.440000.
 <2023-11-21 21:23:47> Line: 474, ErrNum: 0, slab_nums=126,,m_para[0~5]=1176.980000,1178.090000,24559.000000,1091.560000,0.000000,1096.480000.
 <2023-11-21 21:23:47> Line: 474, ErrNum: 0, slab_nums=127,,m_para[0~5]=1176.980000,1178.090000,24559.000000,1094.710000,0.000000,1099.360000.
 <2023-11-21 21:23:47> Line: 474, ErrNum: 0, slab_nums=128,,m_para[0~5]=1176.980000,1178.090000,24559.000000,1097.640000,0.000000,1102.070000.
 <2023-11-21 21:23:47> Line: 474, ErrNum: 0, slab_nums=129,,m_para[0~5]=1176.980000,1178.090000,24559.000000,1101.120000,0.000000,1105.350000.
 <2023-11-21 21:23:47> Line: 474, ErrNum: 0, slab_nums=130,,m_para[0~5]=1176.980000,1178.090000,24559.000000,1104.190000,0.000000,1108.230000.
 <2023-11-21 21:23:47> Line: 474, ErrNum: 0, slab_nums=131,,m_para[0~5]=1177.080000,1165.710000,25160.000000,1107.430000,0.000000,1111.180000.
 <2023-11-21 21:23:47> Line: 474, ErrNum: 0, slab_nums=132,,m_para[0~5]=1177.080000,1165.710000,25760.000000,1110.550000,0.000000,1114.040000.
 <2023-11-21 21:23:47> Line: 474, ErrNum: 0, slab_nums=133,,m_para[0~5]=1177.080000,1165.710000,25760.000000,1113.070000,0.000000,1116.370000.
 <2023-11-21 21:23:47> Line: 474, ErrNum: 0, slab_nums=134,,m_para[0~5]=1177.080000,1165.710000,25760.000000,1116.170000,0.000000,1119.250000.
 <2023-11-21 21:23:47> Line: 474, ErrNum: 0, slab_nums=135,,m_para[0~5]=1177.080000,1165.710000,25760.000000,1118.800000,0.000000,1121.710000.
 <2023-11-21 21:23:47> Line: 474, ErrNum: 0, slab_nums=136,,m_para[0~5]=1177.080000,1165.710000,25760.000000,1122.050000,0.000000,1124.760000.
 <2023-11-21 21:23:47> Line: 474, ErrNum: 0, slab_nums=137,,m_para[0~5]=1177.080000,1165.710000,26361.000000,1124.660000,0.000000,1127.210000.
 <2023-11-21 21:23:47> Line: 474, ErrNum: 0, slab_nums=138,,m_para[0~5]=1177.080000,1165.710000,26361.000000,1127.760000,0.000000,1130.130000.
 <2023-11-21 21:23:47> Line: 474, ErrNum: 0, slab_nums=139,,m_para[0~5]=1177.080000,1165.710000,26962.000000,1130.820000,0.000000,1133.030000.
 <2023-11-21 21:23:47> Line: 474, ErrNum: 0, slab_nums=140,,m_para[0~5]=1177.080000,1165.710000,26962.000000,1133.910000,0.000000,1135.950000.
 <2023-11-21 21:23:47> Line: 474, ErrNum: 0, slab_nums=141,,m_para[0~5]=1177.080000,1165.710000,26962.000000,1136.990000,0.000000,1138.880000.
 <2023-11-21 21:23:47> Line: 474, ErrNum: 0, slab_nums=142,,m_para[0~5]=1177.080000,1165.710000,26962.000000,1139.630000,0.000000,1141.390000.
 <2023-11-21 21:23:47> Line: 474, ErrNum: 0, slab_nums=143,,m_para[0~5]=1177.080000,1165.710000,27563.000000,1142.730000,0.000000,1144.350000.
 <2023-11-21 21:23:47> Line: 474, ErrNum: 0, slab_nums=144,,m_para[0~5]=1177.080000,1165.710000,28164.000000,1145.270000,0.000000,1146.770000.
 <2023-11-21 21:23:47> Line: 474, ErrNum: 0, slab_nums=145,,m_para[0~5]=1177.080000,1165.710000,28164.000000,1148.340000,0.000000,1149.710000.
 <2023-11-21 21:23:47> Line: 474, ErrNum: 0, slab_nums=146,,m_para[0~5]=1177.080000,1165.710000,28164.000000,1150.860000,0.000000,1152.120000.
 <2023-11-21 21:23:47> Line: 474, ErrNum: 0, slab_nums=147,,m_para[0~5]=1177.080000,1165.710000,28164.000000,1153.910000,0.000000,1155.040000.
 <2023-11-21 21:23:47> Line: 474, ErrNum: 0, slab_nums=148,,m_para[0~5]=1177.080000,1165.710000,28765.000000,1156.450000,0.000000,1157.490000.
 <2023-11-21 21:23:47> Line: 474, ErrNum: 0, slab_nums=149,,m_para[0~5]=1177.080000,1165.710000,28765.000000,1159.500000,0.000000,1160.430000.
 <2023-11-21 21:23:47> Line: 474, ErrNum: 0, slab_nums=150,,m_para[0~5]=1177.080000,1165.710000,29362.000000,1162.470000,0.000000,1163.300000.
 <2023-11-21 21:23:47> Line: 474, ErrNum: 0, slab_nums=151,,m_para[0~5]=1177.080000,1165.710000,29362.000000,1164.990000,0.000000,1165.730000.
 <2023-11-21 21:23:47> Line: 474, ErrNum: 0, slab_nums=152,,m_para[0~5]=1177.080000,1165.710000,29362.000000,1167.900000,0.000000,1168.560000.
 <2023-11-21 21:23:47> Line: 474, ErrNum: 0, slab_nums=153,,m_para[0~5]=1177.080000,1165.710000,29362.000000,1170.360000,0.000000,1170.940000.
 <2023-11-21 21:23:47> Line: 474, ErrNum: 0, slab_nums=154,,m_para[0~5]=1177.080000,1165.710000,29963.000000,1172.830000,0.000000,1173.370000.
 <2023-11-21 21:23:47> Line: 474, ErrNum: 0, slab_nums=155,,m_para[0~5]=1177.080000,1165.710000,30522.000000,1174.950000,0.000000,1175.440000.
 <2023-11-21 21:23:47> Line: 474, ErrNum: 0, slab_nums=156,,m_para[0~5]=1177.080000,1165.710000,30522.000000,1176.640000,0.000000,1177.080000.
 <2023-11-21 21:23:47> Line: 474, ErrNum: 0, slab_nums=157,,m_para[0~5]=1177.080000,1165.710000,30522.000000,1178.740000,0.000000,1179.130000.
 <2023-11-21 21:23:47> Line: 474, ErrNum: 0, slab_nums=158,,m_para[0~5]=1177.080000,1165.710000,30522.000000,1180.800000,0.000000,1181.130000.
 <2023-11-21 21:23:47> Line: 474, ErrNum: 0, slab_nums=159,,m_para[0~5]=1177.080000,1165.710000,30522.000000,1182.480000,0.000000,1182.770000.
 <2023-11-21 21:23:47> Line: 474, ErrNum: 0, slab_nums=160,,m_para[0~5]=1177.080000,1165.710000,31684.000000,1183.770000,0.000000,1184.020000.
 <2023-11-21 21:23:47> Line: 474, ErrNum: 0, slab_nums=161,,m_para[0~5]=1177.080000,1165.710000,31684.000000,1184.660000,0.000000,1184.870000.
 <2023-11-21 21:23:47> Line: 474, ErrNum: 0, slab_nums=162,,m_para[0~5]=1177.080000,1165.710000,31684.000000,1185.530000,0.000000,1185.710000.
 <2023-11-21 21:23:47> Line: 474, ErrNum: 0, slab_nums=163,,m_para[0~5]=1177.080000,1165.710000,31684.000000,1186.810000,0.000000,1186.950000.
 <2023-11-21 21:23:47> Line: 474, ErrNum: 0, slab_nums=164,,m_para[0~5]=1177.080000,1165.710000,31684.000000,1187.960000,0.000000,1188.060000.
 <2023-11-21 21:23:47> Line: 474, ErrNum: 0, slab_nums=165,,m_para[0~5]=1177.080000,1165.710000,32285.000000,1189.140000,0.000000,1189.200000.
 <2023-11-21 21:23:47> Line: 474, ErrNum: 0, slab_nums=166,,m_para[0~5]=1177.080000,1165.710000,32833.000000,1189.830000,0.000000,1189.860000.
 <2023-11-21 21:23:47> Line: 474, ErrNum: 0, slab_nums=167,,m_para[0~5]=1177.080000,1165.710000,32833.000000,1190.740000,0.000000,1190.740000.
 <2023-11-21 21:23:47> Line: 474, ErrNum: 0, slab_nums=168,,m_para[0~5]=1177.080000,1165.710000,32833.000000,1191.600000,0.000000,1191.570000.
 <2023-11-21 21:23:47> Line: 474, ErrNum: 0, slab_nums=169,,m_para[0~5]=1177.080000,1165.710000,32833.000000,1192.550000,0.000000,1192.490000.
 <2023-11-21 21:23:47> Line: 474, ErrNum: 0, slab_nums=170,,m_para[0~5]=1177.080000,1165.710000,32833.000000,1193.600000,0.000000,1193.510000.
 <2023-11-21 21:23:47> Line: 474, ErrNum: 0, slab_nums=171,,m_para[0~5]=1160.110000,1161.040000,34037.000000,1193.290000,0.000000,1194.040000.
 <2023-11-21 21:23:47> Line: 474, ErrNum: 0, slab_nums=172,,m_para[0~5]=1160.110000,1161.040000,34037.000000,1192.650000,0.000000,1194.390000.
 <2023-11-21 21:23:47> Line: 474, ErrNum: 0, slab_nums=173,,m_para[0~5]=1160.110000,1161.040000,34638.000000,1192.230000,0.000000,1194.880000.
 <2023-11-21 21:23:47> Line: 474, ErrNum: 0, slab_nums=174,,m_para[0~5]=1160.110000,1161.040000,35239.000000,1191.950000,0.000000,1195.080000.
 <2023-11-21 21:23:47> Line: 474, ErrNum: 0, slab_nums=175,,m_para[0~5]=1160.110000,1161.040000,35239.000000,1191.840000,0.000000,1195.570000.
 <2023-11-21 21:23:47> Line: 474, ErrNum: 0, slab_nums=176,,m_para[0~5]=1160.110000,1161.040000,35841.000000,1191.850000,0.000000,1195.950000.
 <2023-11-21 21:23:47> Line: 474, ErrNum: 0, slab_nums=177,,m_para[0~5]=1160.110000,1161.040000,36442.000000,1191.880000,0.000000,1196.380000.
 <2023-11-21 21:23:47> Line: 474, ErrNum: 0, slab_nums=178,,m_para[0~5]=1160.110000,1161.040000,37043.000000,1191.950000,0.000000,1196.690000.
 <2023-11-21 21:23:47> Line: 474, ErrNum: 0, slab_nums=179,,m_para[0~5]=1160.110000,1161.040000,37644.000000,1192.060000,0.000000,1197.050000.
 <2023-11-21 21:23:47> Line: 474, ErrNum: 0, slab_nums=180,,m_para[0~5]=1160.110000,1161.040000,38245.000000,1192.230000,0.000000,1197.470000.
 <2023-11-21 21:23:47> Line: 474, ErrNum: 0, slab_nums=181,,m_para[0~5]=1160.110000,1161.040000,38245.000000,1192.430000,0.000000,1197.920000.
 <2023-11-21 21:23:47> Line: 474, ErrNum: 0, slab_nums=182,,m_para[0~5]=1160.110000,1161.040000,38846.000000,1192.610000,0.000000,1198.300000.
 <2023-11-21 21:23:47> Line: 474, ErrNum: 0, slab_nums=183,,m_para[0~5]=1160.110000,1161.040000,38846.000000,1192.840000,0.000000,1198.810000.
 <2023-11-21 21:23:47> Line: 474, ErrNum: 0, slab_nums=184,,m_para[0~5]=1160.110000,1161.040000,38846.000000,1193.300000,0.000000,1199.640000.
 <2023-11-21 21:23:47> Line: 474, ErrNum: 0, slab_nums=185,,m_para[0~5]=1160.110000,1161.040000,38846.000000,1193.940000,0.000000,1200.730000.
 <2023-11-21 21:23:47> Line: 474, ErrNum: 0, slab_nums=186,,m_para[0~5]=1160.110000,1161.040000,38846.000000,1194.590000,0.000000,1201.730000.
 <2023-11-21 21:23:47> Line: 474, ErrNum: 0, slab_nums=187,,m_para[0~5]=1160.110000,1161.040000,38846.000000,1195.470000,0.000000,1203.040000.
 <2023-11-21 21:23:47> Line: 474, ErrNum: 0, slab_nums=188,,m_para[0~5]=1160.110000,1161.040000,38846.000000,1196.190000,0.000000,1204.000000.
 <2023-11-21 21:23:47> Line: 474, ErrNum: 0, slab_nums=189,,m_para[0~5]=1160.110000,1161.040000,38846.000000,1196.940000,0.000000,1204.990000.
 <2023-11-21 21:23:47> Line: 474, ErrNum: 0, slab_nums=190,,m_para[0~5]=1160.110000,1161.040000,38846.000000,1197.870000,0.000000,1206.140000.
 <2023-11-21 21:23:47> Line: 474, ErrNum: 0, slab_nums=191,,m_para[0~5]=1160.110000,1161.040000,38846.000000,1198.540000,0.000000,1206.870000.
 <2023-11-21 21:23:47> Line: 474, ErrNum: 0, slab_nums=192,,m_para[0~5]=1160.110000,1161.040000,39448.000000,1199.110000,0.000000,1207.380000.
 <2023-11-21 21:23:47> Line: 474, ErrNum: 0, slab_nums=193,,m_para[0~5]=1160.110000,1161.040000,39448.000000,1199.660000,0.000000,1208.100000.
 <2023-11-21 21:23:47> Line: 474, ErrNum: 0, slab_nums=194,,m_para[0~5]=1160.110000,1161.040000,40049.000000,1200.470000,0.000000,1209.130000.
 <2023-11-21 21:23:47> Line: 474, ErrNum: 0, slab_nums=195,,m_para[0~5]=1160.110000,1161.040000,40430.000000,1201.250000,0.000000,1210.140000.
 <2023-11-21 21:23:47> Line: 474, ErrNum: 0, slab_nums=196,,m_para[0~5]=1160.110000,1161.040000,40430.000000,1202.230000,0.000000,1211.330000.
 <2023-11-21 21:23:47> Line: 474, ErrNum: 0, slab_nums=197,,m_para[0~5]=1160.110000,1161.040000,40430.000000,1203.050000,0.000000,1212.350000.
 <2023-11-21 21:23:47> Line: 474, ErrNum: 0, slab_nums=198,,m_para[0~5]=1160.110000,1161.040000,40430.000000,1204.000000,0.000000,1213.440000.
 <2023-11-21 21:23:47> Line: 474, ErrNum: 0, slab_nums=199,,m_para[0~5]=1160.110000,1161.040000,40430.000000,1204.660000,0.000000,1214.070000.
 <2023-11-21 21:23:47> Line: 474, ErrNum: 0, slab_nums=200,,m_para[0~5]=1160.110000,1161.040000,41031.000000,1205.410000,0.000000,1214.740000.
 <2023-11-21 21:23:47> Line: 474, ErrNum: 0, slab_nums=201,,m_para[0~5]=1160.110000,1161.040000,41367.000000,1206.190000,0.000000,1215.700000.
 <2023-11-21 21:23:47> Line: 474, ErrNum: 0, slab_nums=202,,m_para[0~5]=1160.110000,1161.040000,41367.000000,1207.230000,0.000000,1216.970000.
 <2023-11-21 21:23:47> Line: 474, ErrNum: 0, slab_nums=203,,m_para[0~5]=1160.110000,1161.040000,41367.000000,1208.070000,0.000000,1217.970000.
 <2023-11-21 21:23:47> Line: 474, ErrNum: 0, slab_nums=204,,m_para[0~5]=1160.110000,1161.040000,41367.000000,1209.150000,0.000000,1219.240000.
 <2023-11-21 21:23:47> Line: 474, ErrNum: 0, slab_nums=205,,m_para[0~5]=1160.110000,1161.040000,41367.000000,1210.100000,0.000000,1220.370000.
 <2023-11-21 21:23:47> Line: 492, ErrNum: 0, dup[1]=83,dup[2]=131,dup[3]=171,dup[4]=1.
 <2023-11-21 21:23:47> Line: 531, ErrNum: 0, 老系统数据....................
 <2023-11-21 21:23:47> Line: 593, ErrNum: 0, slab_nums=0,pos=817, m_old_para[slab_nums][3]=570.000000.
 <2023-11-21 21:23:47> Line: 593, ErrNum: 0, slab_nums=1,pos=817, m_old_para[slab_nums][3]=573.000000.
 <2023-11-21 21:23:47> Line: 593, ErrNum: 0, slab_nums=2,pos=1401, m_old_para[slab_nums][3]=577.000000.
 <2023-11-21 21:23:47> Line: 593, ErrNum: 0, slab_nums=3,pos=1401, m_old_para[slab_nums][3]=580.000000.
 <2023-11-21 21:23:47> Line: 593, ErrNum: 0, slab_nums=4,pos=1401, m_old_para[slab_nums][3]=584.000000.
 <2023-11-21 21:23:47> Line: 593, ErrNum: 0, slab_nums=5,pos=1401, m_old_para[slab_nums][3]=587.000000.
 <2023-11-21 21:23:47> Line: 593, ErrNum: 0, slab_nums=6,pos=2003, m_old_para[slab_nums][3]=590.000000.
 <2023-11-21 21:23:47> Line: 593, ErrNum: 0, slab_nums=7,pos=2580, m_old_para[slab_nums][3]=593.000000.
 <2023-11-21 21:23:47> Line: 593, ErrNum: 0, slab_nums=8,pos=2580, m_old_para[slab_nums][3]=596.000000.
 <2023-11-21 21:23:47> Line: 593, ErrNum: 0, slab_nums=9,pos=2580, m_old_para[slab_nums][3]=598.000000.
 <2023-11-21 21:23:47> Line: 593, ErrNum: 0, slab_nums=10,pos=2580, m_old_para[slab_nums][3]=601.000000.
 <2023-11-21 21:23:47> Line: 593, ErrNum: 0, slab_nums=11,pos=2580, m_old_para[slab_nums][3]=603.000000.
 <2023-11-21 21:23:47> Line: 593, ErrNum: 0, slab_nums=12,pos=3782, m_old_para[slab_nums][3]=605.000000.
 <2023-11-21 21:23:47> Line: 593, ErrNum: 0, slab_nums=13,pos=3782, m_old_para[slab_nums][3]=608.000000.
 <2023-11-21 21:23:47> Line: 593, ErrNum: 0, slab_nums=14,pos=4384, m_old_para[slab_nums][3]=610.000000.
 <2023-11-21 21:23:47> Line: 593, ErrNum: 0, slab_nums=15,pos=4384, m_old_para[slab_nums][3]=613.000000.
 <2023-11-21 21:23:47> Line: 593, ErrNum: 0, slab_nums=16,pos=4384, m_old_para[slab_nums][3]=616.000000.
 <2023-11-21 21:23:47> Line: 593, ErrNum: 0, slab_nums=17,pos=4384, m_old_para[slab_nums][3]=619.000000.
 <2023-11-21 21:23:47> Line: 593, ErrNum: 0, slab_nums=18,pos=4881, m_old_para[slab_nums][3]=622.000000.
 <2023-11-21 21:23:47> Line: 593, ErrNum: 0, slab_nums=19,pos=4881, m_old_para[slab_nums][3]=624.000000.
 <2023-11-21 21:23:47> Line: 593, ErrNum: 0, slab_nums=20,pos=4881, m_old_para[slab_nums][3]=627.000000.
 <2023-11-21 21:23:47> Line: 593, ErrNum: 0, slab_nums=21,pos=4881, m_old_para[slab_nums][3]=629.000000.
 <2023-11-21 21:23:47> Line: 593, ErrNum: 0, slab_nums=22,pos=4881, m_old_para[slab_nums][3]=631.000000.
 <2023-11-21 21:23:47> Line: 593, ErrNum: 0, slab_nums=23,pos=4881, m_old_para[slab_nums][3]=634.000000.
 <2023-11-21 21:23:47> Line: 593, ErrNum: 0, slab_nums=24,pos=4881, m_old_para[slab_nums][3]=636.000000.
 <2023-11-21 21:23:47> Line: 593, ErrNum: 0, slab_nums=25,pos=5482, m_old_para[slab_nums][3]=639.000000.
 <2023-11-21 21:23:47> Line: 593, ErrNum: 0, slab_nums=26,pos=6084, m_old_para[slab_nums][3]=641.000000.
 <2023-11-21 21:23:47> Line: 593, ErrNum: 0, slab_nums=27,pos=6084, m_old_para[slab_nums][3]=644.000000.
 <2023-11-21 21:23:47> Line: 593, ErrNum: 0, slab_nums=28,pos=6084, m_old_para[slab_nums][3]=647.000000.
 <2023-11-21 21:23:47> Line: 593, ErrNum: 0, slab_nums=29,pos=6084, m_old_para[slab_nums][3]=650.000000.
 <2023-11-21 21:23:47> Line: 593, ErrNum: 0, slab_nums=30,pos=6084, m_old_para[slab_nums][3]=653.000000.
 <2023-11-21 21:23:47> Line: 593, ErrNum: 0, slab_nums=31,pos=6084, m_old_para[slab_nums][3]=656.000000.
 <2023-11-21 21:23:47> Line: 593, ErrNum: 0, slab_nums=32,pos=6084, m_old_para[slab_nums][3]=658.000000.
 <2023-11-21 21:23:47> Line: 593, ErrNum: 0, slab_nums=33,pos=6685, m_old_para[slab_nums][3]=661.000000.
 <2023-11-21 21:23:47> Line: 593, ErrNum: 0, slab_nums=34,pos=7286, m_old_para[slab_nums][3]=664.000000.
 <2023-11-21 21:23:47> Line: 593, ErrNum: 0, slab_nums=35,pos=7286, m_old_para[slab_nums][3]=666.000000.
 <2023-11-21 21:23:47> Line: 593, ErrNum: 0, slab_nums=36,pos=7286, m_old_para[slab_nums][3]=669.000000.
 <2023-11-21 21:23:47> Line: 593, ErrNum: 0, slab_nums=37,pos=7286, m_old_para[slab_nums][3]=671.000000.
 <2023-11-21 21:23:47> Line: 593, ErrNum: 0, slab_nums=38,pos=7888, m_old_para[slab_nums][3]=678.000000.
 <2023-11-21 21:23:47> Line: 593, ErrNum: 0, slab_nums=39,pos=7888, m_old_para[slab_nums][3]=684.000000.
 <2023-11-21 21:23:47> Line: 593, ErrNum: 0, slab_nums=40,pos=8489, m_old_para[slab_nums][3]=690.000000.
 <2023-11-21 21:23:47> Line: 593, ErrNum: 0, slab_nums=41,pos=8489, m_old_para[slab_nums][3]=696.000000.
 <2023-11-21 21:23:47> Line: 593, ErrNum: 0, slab_nums=42,pos=8489, m_old_para[slab_nums][3]=700.000000.
 <2023-11-21 21:23:47> Line: 593, ErrNum: 0, slab_nums=43,pos=8489, m_old_para[slab_nums][3]=705.000000.
 <2023-11-21 21:23:47> Line: 593, ErrNum: 0, slab_nums=44,pos=9091, m_old_para[slab_nums][3]=709.000000.
 <2023-11-21 21:23:47> Line: 593, ErrNum: 0, slab_nums=45,pos=9091, m_old_para[slab_nums][3]=713.000000.
 <2023-11-21 21:23:47> Line: 593, ErrNum: 0, slab_nums=46,pos=9692, m_old_para[slab_nums][3]=719.000000.
 <2023-11-21 21:23:47> Line: 593, ErrNum: 0, slab_nums=47,pos=9692, m_old_para[slab_nums][3]=724.000000.
 <2023-11-21 21:23:47> Line: 593, ErrNum: 0, slab_nums=48,pos=9692, m_old_para[slab_nums][3]=728.000000.
 <2023-11-21 21:23:47> Line: 593, ErrNum: 0, slab_nums=49,pos=9692, m_old_para[slab_nums][3]=733.000000.
 <2023-11-21 21:23:47> Line: 593, ErrNum: 0, slab_nums=50,pos=10293, m_old_para[slab_nums][3]=737.000000.
 <2023-11-21 21:23:47> Line: 593, ErrNum: 0, slab_nums=51,pos=10894, m_old_para[slab_nums][3]=742.000000.
 <2023-11-21 21:23:47> Line: 593, ErrNum: 0, slab_nums=52,pos=10894, m_old_para[slab_nums][3]=745.000000.
 <2023-11-21 21:23:47> Line: 593, ErrNum: 0, slab_nums=53,pos=10894, m_old_para[slab_nums][3]=749.000000.
 <2023-11-21 21:23:47> Line: 593, ErrNum: 0, slab_nums=54,pos=10894, m_old_para[slab_nums][3]=753.000000.
 <2023-11-21 21:23:47> Line: 593, ErrNum: 0, slab_nums=55,pos=10894, m_old_para[slab_nums][3]=757.000000.
 <2023-11-21 21:23:47> Line: 593, ErrNum: 0, slab_nums=56,pos=11495, m_old_para[slab_nums][3]=763.000000.
 <2023-11-21 21:23:47> Line: 593, ErrNum: 0, slab_nums=57,pos=12075, m_old_para[slab_nums][3]=768.000000.
 <2023-11-21 21:23:47> Line: 593, ErrNum: 0, slab_nums=58,pos=12075, m_old_para[slab_nums][3]=774.000000.
 <2023-11-21 21:23:47> Line: 593, ErrNum: 0, slab_nums=59,pos=12075, m_old_para[slab_nums][3]=779.000000.
 <2023-11-21 21:23:47> Line: 593, ErrNum: 0, slab_nums=60,pos=12075, m_old_para[slab_nums][3]=785.000000.
 <2023-11-21 21:23:47> Line: 593, ErrNum: 0, slab_nums=61,pos=12677, m_old_para[slab_nums][3]=789.000000.
 <2023-11-21 21:23:47> Line: 593, ErrNum: 0, slab_nums=62,pos=13230, m_old_para[slab_nums][3]=794.000000.
 <2023-11-21 21:23:47> Line: 593, ErrNum: 0, slab_nums=63,pos=13230, m_old_para[slab_nums][3]=799.000000.
 <2023-11-21 21:23:47> Line: 593, ErrNum: 0, slab_nums=64,pos=13230, m_old_para[slab_nums][3]=804.000000.
 <2023-11-21 21:23:47> Line: 593, ErrNum: 0, slab_nums=65,pos=13230, m_old_para[slab_nums][3]=810.000000.
 <2023-11-21 21:23:47> Line: 593, ErrNum: 0, slab_nums=66,pos=13230, m_old_para[slab_nums][3]=816.000000.
 <2023-11-21 21:23:47> Line: 593, ErrNum: 0, slab_nums=67,pos=13832, m_old_para[slab_nums][3]=826.000000.
 <2023-11-21 21:23:47> Line: 593, ErrNum: 0, slab_nums=68,pos=14411, m_old_para[slab_nums][3]=834.000000.
 <2023-11-21 21:23:47> Line: 593, ErrNum: 0, slab_nums=69,pos=14411, m_old_para[slab_nums][3]=842.000000.
 <2023-11-21 21:23:47> Line: 593, ErrNum: 0, slab_nums=70,pos=14411, m_old_para[slab_nums][3]=849.000000.
 <2023-11-21 21:23:47> Line: 593, ErrNum: 0, slab_nums=71,pos=14411, m_old_para[slab_nums][3]=857.000000.
 <2023-11-21 21:23:47> Line: 593, ErrNum: 0, slab_nums=72,pos=14411, m_old_para[slab_nums][3]=864.000000.
 <2023-11-21 21:23:47> Line: 593, ErrNum: 0, slab_nums=73,pos=15013, m_old_para[slab_nums][3]=871.000000.
 <2023-11-21 21:23:47> Line: 593, ErrNum: 0, slab_nums=74,pos=15578, m_old_para[slab_nums][3]=878.000000.
 <2023-11-21 21:23:47> Line: 593, ErrNum: 0, slab_nums=75,pos=15578, m_old_para[slab_nums][3]=885.000000.
 <2023-11-21 21:23:47> Line: 593, ErrNum: 0, slab_nums=76,pos=15578, m_old_para[slab_nums][3]=892.000000.
 <2023-11-21 21:23:47> Line: 593, ErrNum: 0, slab_nums=77,pos=15578, m_old_para[slab_nums][3]=899.000000.
 <2023-11-21 21:23:47> Line: 593, ErrNum: 0, slab_nums=78,pos=16179, m_old_para[slab_nums][3]=904.000000.
 <2023-11-21 21:23:47> Line: 593, ErrNum: 0, slab_nums=79,pos=16727, m_old_para[slab_nums][3]=909.000000.
 <2023-11-21 21:23:47> Line: 593, ErrNum: 0, slab_nums=80,pos=16727, m_old_para[slab_nums][3]=914.000000.
 <2023-11-21 21:23:47> Line: 593, ErrNum: 0, slab_nums=81,pos=16727, m_old_para[slab_nums][3]=920.000000.
 <2023-11-21 21:23:47> Line: 593, ErrNum: 0, slab_nums=82,pos=16727, m_old_para[slab_nums][3]=926.000000.
 <2023-11-21 21:23:47> Line: 593, ErrNum: 0, slab_nums=83,pos=16727, m_old_para[slab_nums][3]=932.000000.
 <2023-11-21 21:23:47> Line: 593, ErrNum: 0, slab_nums=84,pos=17328, m_old_para[slab_nums][3]=938.000000.
 <2023-11-21 21:23:47> Line: 593, ErrNum: 0, slab_nums=85,pos=17926, m_old_para[slab_nums][3]=944.000000.
 <2023-11-21 21:23:47> Line: 593, ErrNum: 0, slab_nums=86,pos=17926, m_old_para[slab_nums][3]=949.000000.
 <2023-11-21 21:23:47> Line: 593, ErrNum: 0, slab_nums=87,pos=17926, m_old_para[slab_nums][3]=955.000000.
 <2023-11-21 21:23:47> Line: 593, ErrNum: 0, slab_nums=88,pos=17926, m_old_para[slab_nums][3]=961.000000.
 <2023-11-21 21:23:47> Line: 593, ErrNum: 0, slab_nums=89,pos=18527, m_old_para[slab_nums][3]=968.000000.
 <2023-11-21 21:23:47> Line: 593, ErrNum: 0, slab_nums=90,pos=19128, m_old_para[slab_nums][3]=974.000000.
 <2023-11-21 21:23:47> Line: 593, ErrNum: 0, slab_nums=91,pos=19128, m_old_para[slab_nums][3]=980.000000.
 <2023-11-21 21:23:47> Line: 593, ErrNum: 0, slab_nums=92,pos=19128, m_old_para[slab_nums][3]=985.000000.
 <2023-11-21 21:23:47> Line: 593, ErrNum: 0, slab_nums=93,pos=19128, m_old_para[slab_nums][3]=991.000000.
 <2023-11-21 21:23:47> Line: 593, ErrNum: 0, slab_nums=94,pos=19128, m_old_para[slab_nums][3]=997.000000.
 <2023-11-21 21:23:47> Line: 593, ErrNum: 0, slab_nums=95,pos=19730, m_old_para[slab_nums][3]=1004.000000.
 <2023-11-21 21:23:47> Line: 593, ErrNum: 0, slab_nums=96,pos=20296, m_old_para[slab_nums][3]=1010.000000.
 <2023-11-21 21:23:47> Line: 593, ErrNum: 0, slab_nums=97,pos=20296, m_old_para[slab_nums][3]=1016.000000.
 <2023-11-21 21:23:47> Line: 593, ErrNum: 0, slab_nums=98,pos=20296, m_old_para[slab_nums][3]=1021.000000.
 <2023-11-21 21:23:47> Line: 593, ErrNum: 0, slab_nums=99,pos=20296, m_old_para[slab_nums][3]=1027.000000.
 <2023-11-21 21:23:47> Line: 593, ErrNum: 0, slab_nums=100,pos=20296, m_old_para[slab_nums][3]=1033.000000.
 <2023-11-21 21:23:47> Line: 593, ErrNum: 0, slab_nums=101,pos=21449, m_old_para[slab_nums][3]=1038.000000.
 <2023-11-21 21:23:47> Line: 593, ErrNum: 0, slab_nums=102,pos=21449, m_old_para[slab_nums][3]=1044.000000.
 <2023-11-21 21:23:47> Line: 593, ErrNum: 0, slab_nums=103,pos=21449, m_old_para[slab_nums][3]=1049.000000.
 <2023-11-21 21:23:47> Line: 593, ErrNum: 0, slab_nums=104,pos=21449, m_old_para[slab_nums][3]=1054.000000.
 <2023-11-21 21:23:47> Line: 593, ErrNum: 0, slab_nums=105,pos=21449, m_old_para[slab_nums][3]=1059.000000.
 <2023-11-21 21:23:47> Line: 593, ErrNum: 0, slab_nums=106,pos=22051, m_old_para[slab_nums][3]=1058.000000.
 <2023-11-21 21:23:47> Line: 593, ErrNum: 0, slab_nums=107,pos=22051, m_old_para[slab_nums][3]=1064.000000.
 <2023-11-21 21:23:47> Line: 593, ErrNum: 0, slab_nums=108,pos=22652, m_old_para[slab_nums][3]=1071.000000.
 <2023-11-21 21:23:47> Line: 593, ErrNum: 0, slab_nums=109,pos=23254, m_old_para[slab_nums][3]=1077.000000.
 <2023-11-21 21:23:47> Line: 593, ErrNum: 0, slab_nums=110,pos=23254, m_old_para[slab_nums][3]=1082.000000.
 <2023-11-21 21:23:47> Line: 593, ErrNum: 0, slab_nums=111,pos=23254, m_old_para[slab_nums][3]=1087.000000.
 <2023-11-21 21:23:47> Line: 593, ErrNum: 0, slab_nums=112,pos=23254, m_old_para[slab_nums][3]=1091.000000.
 <2023-11-21 21:23:47> Line: 593, ErrNum: 0, slab_nums=113,pos=23254, m_old_para[slab_nums][3]=1096.000000.
 <2023-11-21 21:23:47> Line: 593, ErrNum: 0, slab_nums=114,pos=23254, m_old_para[slab_nums][3]=1100.000000.
 <2023-11-21 21:23:47> Line: 593, ErrNum: 0, slab_nums=115,pos=23254, m_old_para[slab_nums][3]=1105.000000.
 <2023-11-21 21:23:47> Line: 593, ErrNum: 0, slab_nums=116,pos=23254, m_old_para[slab_nums][3]=1109.000000.
 <2023-11-21 21:23:47> Line: 593, ErrNum: 0, slab_nums=117,pos=23254, m_old_para[slab_nums][3]=1113.000000.
 <2023-11-21 21:23:47> Line: 593, ErrNum: 0, slab_nums=118,pos=23254, m_old_para[slab_nums][3]=1118.000000.
 <2023-11-21 21:23:47> Line: 593, ErrNum: 0, slab_nums=119,pos=23254, m_old_para[slab_nums][3]=1122.000000.
 <2023-11-21 21:23:47> Line: 593, ErrNum: 0, slab_nums=120,pos=23254, m_old_para[slab_nums][3]=1126.000000.
 <2023-11-21 21:23:47> Line: 593, ErrNum: 0, slab_nums=121,pos=23855, m_old_para[slab_nums][3]=1130.000000.
 <2023-11-21 21:23:47> Line: 593, ErrNum: 0, slab_nums=122,pos=24456, m_old_para[slab_nums][3]=1133.000000.
 <2023-11-21 21:23:47> Line: 593, ErrNum: 0, slab_nums=123,pos=24456, m_old_para[slab_nums][3]=1137.000000.
 <2023-11-21 21:23:47> Line: 593, ErrNum: 0, slab_nums=124,pos=24456, m_old_para[slab_nums][3]=1140.000000.
 <2023-11-21 21:23:47> Line: 593, ErrNum: 0, slab_nums=125,pos=24456, m_old_para[slab_nums][3]=1143.000000.
 <2023-11-21 21:23:47> Line: 593, ErrNum: 0, slab_nums=126,pos=24456, m_old_para[slab_nums][3]=1146.000000.
 <2023-11-21 21:23:47> Line: 593, ErrNum: 0, slab_nums=127,pos=25057, m_old_para[slab_nums][3]=1139.000000.
 <2023-11-21 21:23:47> Line: 593, ErrNum: 0, slab_nums=128,pos=25659, m_old_para[slab_nums][3]=1139.000000.
 <2023-11-21 21:23:47> Line: 593, ErrNum: 0, slab_nums=129,pos=25659, m_old_para[slab_nums][3]=1140.000000.
 <2023-11-21 21:23:47> Line: 593, ErrNum: 0, slab_nums=130,pos=25659, m_old_para[slab_nums][3]=1142.000000.
 <2023-11-21 21:23:47> Line: 593, ErrNum: 0, slab_nums=131,pos=25659, m_old_para[slab_nums][3]=1143.000000.
 <2023-11-21 21:23:47> Line: 593, ErrNum: 0, slab_nums=132,pos=25659, m_old_para[slab_nums][3]=1145.000000.
 <2023-11-21 21:23:47> Line: 593, ErrNum: 0, slab_nums=133,pos=26260, m_old_para[slab_nums][3]=1147.000000.
 <2023-11-21 21:23:47> Line: 593, ErrNum: 0, slab_nums=134,pos=26860, m_old_para[slab_nums][3]=1149.000000.
 <2023-11-21 21:23:47> Line: 593, ErrNum: 0, slab_nums=135,pos=26860, m_old_para[slab_nums][3]=1150.000000.
 <2023-11-21 21:23:47> Line: 593, ErrNum: 0, slab_nums=136,pos=26860, m_old_para[slab_nums][3]=1152.000000.
 <2023-11-21 21:23:47> Line: 593, ErrNum: 0, slab_nums=137,pos=26860, m_old_para[slab_nums][3]=1154.000000.
 <2023-11-21 21:23:47> Line: 593, ErrNum: 0, slab_nums=138,pos=27461, m_old_para[slab_nums][3]=1157.000000.
 <2023-11-21 21:23:47> Line: 593, ErrNum: 0, slab_nums=139,pos=27461, m_old_para[slab_nums][3]=1159.000000.
 <2023-11-21 21:23:47> Line: 593, ErrNum: 0, slab_nums=140,pos=28062, m_old_para[slab_nums][3]=1162.000000.
 <2023-11-21 21:23:47> Line: 593, ErrNum: 0, slab_nums=141,pos=28062, m_old_para[slab_nums][3]=1164.000000.
 <2023-11-21 21:23:47> Line: 593, ErrNum: 0, slab_nums=142,pos=28062, m_old_para[slab_nums][3]=1167.000000.
 <2023-11-21 21:23:47> Line: 593, ErrNum: 0, slab_nums=143,pos=28062, m_old_para[slab_nums][3]=1170.000000.
 <2023-11-21 21:23:47> Line: 593, ErrNum: 0, slab_nums=144,pos=28663, m_old_para[slab_nums][3]=1172.000000.
 <2023-11-21 21:23:47> Line: 593, ErrNum: 0, slab_nums=145,pos=29264, m_old_para[slab_nums][3]=1175.000000.
 <2023-11-21 21:23:47> Line: 593, ErrNum: 0, slab_nums=146,pos=29264, m_old_para[slab_nums][3]=1177.000000.
 <2023-11-21 21:23:47> Line: 593, ErrNum: 0, slab_nums=147,pos=29264, m_old_para[slab_nums][3]=1180.000000.
 <2023-11-21 21:23:47> Line: 593, ErrNum: 0, slab_nums=148,pos=29264, m_old_para[slab_nums][3]=1182.000000.
 <2023-11-21 21:23:47> Line: 593, ErrNum: 0, slab_nums=149,pos=29865, m_old_para[slab_nums][3]=1185.000000.
 <2023-11-21 21:23:47> Line: 593, ErrNum: 0, slab_nums=150,pos=29865, m_old_para[slab_nums][3]=1187.000000.
 <2023-11-21 21:23:47> Line: 593, ErrNum: 0, slab_nums=151,pos=30462, m_old_para[slab_nums][3]=1190.000000.
 <2023-11-21 21:23:47> Line: 593, ErrNum: 0, slab_nums=152,pos=30462, m_old_para[slab_nums][3]=1192.000000.
 <2023-11-21 21:23:47> Line: 593, ErrNum: 0, slab_nums=153,pos=30462, m_old_para[slab_nums][3]=1194.000000.
 <2023-11-21 21:23:47> Line: 593, ErrNum: 0, slab_nums=154,pos=30462, m_old_para[slab_nums][3]=1197.000000.
 <2023-11-21 21:23:47> Line: 593, ErrNum: 0, slab_nums=155,pos=31063, m_old_para[slab_nums][3]=1199.000000.
 <2023-11-21 21:23:47> Line: 593, ErrNum: 0, slab_nums=156,pos=31622, m_old_para[slab_nums][3]=1199.000000.
 <2023-11-21 21:23:47> Line: 593, ErrNum: 0, slab_nums=157,pos=31622, m_old_para[slab_nums][3]=1202.000000.
 <2023-11-21 21:23:47> Line: 593, ErrNum: 0, slab_nums=158,pos=31622, m_old_para[slab_nums][3]=1204.000000.
 <2023-11-21 21:23:47> Line: 593, ErrNum: 0, slab_nums=159,pos=31622, m_old_para[slab_nums][3]=1206.000000.
 <2023-11-21 21:23:47> Line: 593, ErrNum: 0, slab_nums=160,pos=31622, m_old_para[slab_nums][3]=1208.000000.
 <2023-11-21 21:23:47> Line: 593, ErrNum: 0, slab_nums=161,pos=32224, m_old_para[slab_nums][3]=1209.000000.
 <2023-11-21 21:23:47> Line: 593, ErrNum: 0, slab_nums=162,pos=32784, m_old_para[slab_nums][3]=1211.000000.
 <2023-11-21 21:23:47> Line: 593, ErrNum: 0, slab_nums=163,pos=32784, m_old_para[slab_nums][3]=1212.000000.
 <2023-11-21 21:23:47> Line: 593, ErrNum: 0, slab_nums=164,pos=32784, m_old_para[slab_nums][3]=1214.000000.
 <2023-11-21 21:23:47> Line: 593, ErrNum: 0, slab_nums=165,pos=32784, m_old_para[slab_nums][3]=1216.000000.
 <2023-11-21 21:23:47> Line: 593, ErrNum: 0, slab_nums=166,pos=33385, m_old_para[slab_nums][3]=1218.000000.
 <2023-11-21 21:23:47> Line: 593, ErrNum: 0, slab_nums=167,pos=33933, m_old_para[slab_nums][3]=1198.000000.
 <2023-11-21 21:23:47> Line: 593, ErrNum: 0, slab_nums=168,pos=33933, m_old_para[slab_nums][3]=1193.000000.
 <2023-11-21 21:23:47> Line: 593, ErrNum: 0, slab_nums=169,pos=33933, m_old_para[slab_nums][3]=1189.000000.
 <2023-11-21 21:23:47> Line: 593, ErrNum: 0, slab_nums=170,pos=33933, m_old_para[slab_nums][3]=1186.000000.
 <2023-11-21 21:23:47> Line: 593, ErrNum: 0, slab_nums=171,pos=33933, m_old_para[slab_nums][3]=1182.000000.
 <2023-11-21 21:23:47> Line: 593, ErrNum: 0, slab_nums=172,pos=34535, m_old_para[slab_nums][3]=1179.000000.
 <2023-11-21 21:23:47> Line: 593, ErrNum: 0, slab_nums=173,pos=35137, m_old_para[slab_nums][3]=1178.000000.
 <2023-11-21 21:23:47> Line: 593, ErrNum: 0, slab_nums=174,pos=35738, m_old_para[slab_nums][3]=1177.000000.
 <2023-11-21 21:23:47> Line: 593, ErrNum: 0, slab_nums=175,pos=36339, m_old_para[slab_nums][3]=1176.000000.
 <2023-11-21 21:23:47> Line: 593, ErrNum: 0, slab_nums=176,pos=36339, m_old_para[slab_nums][3]=1176.000000.
 <2023-11-21 21:23:47> Line: 593, ErrNum: 0, slab_nums=177,pos=36941, m_old_para[slab_nums][3]=1175.000000.
 <2023-11-21 21:23:47> Line: 593, ErrNum: 0, slab_nums=178,pos=37542, m_old_para[slab_nums][3]=1176.000000.
 <2023-11-21 21:23:47> Line: 593, ErrNum: 0, slab_nums=179,pos=38143, m_old_para[slab_nums][3]=1177.000000.
 <2023-11-21 21:23:47> Line: 593, ErrNum: 0, slab_nums=180,pos=38744, m_old_para[slab_nums][3]=1178.000000.
 <2023-11-21 21:23:47> Line: 593, ErrNum: 0, slab_nums=181,pos=39345, m_old_para[slab_nums][3]=1179.000000.
 <2023-11-21 21:23:47> Line: 593, ErrNum: 0, slab_nums=182,pos=39345, m_old_para[slab_nums][3]=1180.000000.
 <2023-11-21 21:23:47> Line: 593, ErrNum: 0, slab_nums=183,pos=39946, m_old_para[slab_nums][3]=1181.000000.
 <2023-11-21 21:23:47> Line: 593, ErrNum: 0, slab_nums=184,pos=39946, m_old_para[slab_nums][3]=1183.000000.
 <2023-11-21 21:23:47> Line: 593, ErrNum: 0, slab_nums=185,pos=39946, m_old_para[slab_nums][3]=1185.000000.
 <2023-11-21 21:23:47> Line: 593, ErrNum: 0, slab_nums=186,pos=39946, m_old_para[slab_nums][3]=1187.000000.
 <2023-11-21 21:23:47> Line: 593, ErrNum: 0, slab_nums=187,pos=39946, m_old_para[slab_nums][3]=1188.000000.
 <2023-11-21 21:23:47> Line: 593, ErrNum: 0, slab_nums=188,pos=39946, m_old_para[slab_nums][3]=1190.000000.
 <2023-11-21 21:23:47> Line: 593, ErrNum: 0, slab_nums=189,pos=39946, m_old_para[slab_nums][3]=1192.000000.
 <2023-11-21 21:23:47> Line: 593, ErrNum: 0, slab_nums=190,pos=39946, m_old_para[slab_nums][3]=1194.000000.
 <2023-11-21 21:23:47> Line: 593, ErrNum: 0, slab_nums=191,pos=39946, m_old_para[slab_nums][3]=1195.000000.
 <2023-11-21 21:23:47> Line: 593, ErrNum: 0, slab_nums=192,pos=39946, m_old_para[slab_nums][3]=1196.000000.
 <2023-11-21 21:23:47> Line: 593, ErrNum: 0, slab_nums=193,pos=40548, m_old_para[slab_nums][3]=1197.000000.
 <2023-11-21 21:23:47> Line: 593, ErrNum: 0, slab_nums=194,pos=40548, m_old_para[slab_nums][3]=1198.000000.
 <2023-11-21 21:23:47> Line: 593, ErrNum: 0, slab_nums=195,pos=41149, m_old_para[slab_nums][3]=1200.000000.
 <2023-11-21 21:23:47> Line: 593, ErrNum: 0, slab_nums=196,pos=41530, m_old_para[slab_nums][3]=1202.000000.
 <2023-11-21 21:23:47> Line: 593, ErrNum: 0, slab_nums=197,pos=41530, m_old_para[slab_nums][3]=1204.000000.
 <2023-11-21 21:23:47> Line: 593, ErrNum: 0, slab_nums=198,pos=41530, m_old_para[slab_nums][3]=1205.000000.
 <2023-11-21 21:23:47> Line: 649, ErrNum: 0, 调用Tempcalc,传入参数: WX=0, cnt=206, m=6,matcode=5,fceno=1,thk=0.230000,chargetemp=137.960000,COFIX_REC=1.000000,COFIX_PRE=1.000000,COFIX_HEAT1=1.000000,COFIX_HEAT2=1.000000,COFIX_SOAK=1.000000.
 <2023-11-21 21:23:53> Line: 659, ErrNum: 0, 调用Tempcalc后,m_para[0][4]=0.000000.
 <2023-11-21 21:23:53> Line: 659, ErrNum: 0, 调用Tempcalc后,m_para[1][4]=146.338635.
 <2023-11-21 21:23:53> Line: 659, ErrNum: 0, 调用Tempcalc后,m_para[2][4]=154.988530.
 <2023-11-21 21:23:53> Line: 659, ErrNum: 0, 调用Tempcalc后,m_para[3][4]=163.305062.
 <2023-11-21 21:23:53> Line: 659, ErrNum: 0, 调用Tempcalc后,m_para[4][4]=171.388413.
 <2023-11-21 21:23:53> Line: 659, ErrNum: 0, 调用Tempcalc后,m_para[5][4]=180.074176.
 <2023-11-21 21:23:53> Line: 659, ErrNum: 0, 调用Tempcalc后,m_para[6][4]=189.626661.
 <2023-11-21 21:23:53> Line: 659, ErrNum: 0, 调用Tempcalc后,m_para[7][4]=198.740086.
 <2023-11-21 21:23:53> Line: 659, ErrNum: 0, 调用Tempcalc后,m_para[8][4]=207.505445.
 <2023-11-21 21:23:53> Line: 659, ErrNum: 0, 调用Tempcalc后,m_para[9][4]=216.058630.
 <2023-11-21 21:23:53> Line: 659, ErrNum: 0, 调用Tempcalc后,m_para[10][4]=225.337456.
 <2023-11-21 21:23:53> Line: 659, ErrNum: 0, 调用Tempcalc后,m_para[11][4]=235.453149.
 <2023-11-21 21:23:53> Line: 659, ErrNum: 0, 调用Tempcalc后,m_para[12][4]=245.676288.
 <2023-11-21 21:23:53> Line: 659, ErrNum: 0, 调用Tempcalc后,m_para[13][4]=255.861271.
 <2023-11-21 21:23:53> Line: 659, ErrNum: 0, 调用Tempcalc后,m_para[14][4]=266.079153.
 <2023-11-21 21:23:53> Line: 659, ErrNum: 0, 调用Tempcalc后,m_para[15][4]=276.473084.
 <2023-11-21 21:23:53> Line: 659, ErrNum: 0, 调用Tempcalc后,m_para[16][4]=287.195817.
 <2023-11-21 21:23:53> Line: 659, ErrNum: 0, 调用Tempcalc后,m_para[17][4]=297.768399.
 <2023-11-21 21:23:53> Line: 659, ErrNum: 0, 调用Tempcalc后,m_para[18][4]=308.264520.
 <2023-11-21 21:23:53> Line: 659, ErrNum: 0, 调用Tempcalc后,m_para[19][4]=318.604596.
 <2023-11-21 21:23:53> Line: 659, ErrNum: 0, 调用Tempcalc后,m_para[20][4]=328.563388.
 <2023-11-21 21:23:53> Line: 659, ErrNum: 0, 调用Tempcalc后,m_para[21][4]=338.232673.
 <2023-11-21 21:23:53> Line: 659, ErrNum: 0, 调用Tempcalc后,m_para[22][4]=347.769127.
 <2023-11-21 21:23:53> Line: 659, ErrNum: 0, 调用Tempcalc后,m_para[23][4]=357.065352.
 <2023-11-21 21:23:53> Line: 659, ErrNum: 0, 调用Tempcalc后,m_para[24][4]=367.072437.
 <2023-11-21 21:23:53> Line: 659, ErrNum: 0, 调用Tempcalc后,m_para[25][4]=377.778769.
 <2023-11-21 21:23:53> Line: 659, ErrNum: 0, 调用Tempcalc后,m_para[26][4]=388.419537.
 <2023-11-21 21:23:53> Line: 659, ErrNum: 0, 调用Tempcalc后,m_para[27][4]=398.877846.
 <2023-11-21 21:23:53> Line: 659, ErrNum: 0, 调用Tempcalc后,m_para[28][4]=409.224720.
 <2023-11-21 21:23:53> Line: 659, ErrNum: 0, 调用Tempcalc后,m_para[29][4]=419.395019.
 <2023-11-21 21:23:53> Line: 659, ErrNum: 0, 调用Tempcalc后,m_para[30][4]=429.456792.
 <2023-11-21 21:23:53> Line: 659, ErrNum: 0, 调用Tempcalc后,m_para[31][4]=439.271508.
 <2023-11-21 21:23:53> Line: 659, ErrNum: 0, 调用Tempcalc后,m_para[32][4]=449.756552.
 <2023-11-21 21:23:53> Line: 659, ErrNum: 0, 调用Tempcalc后,m_para[33][4]=460.605087.
 <2023-11-21 21:23:53> Line: 659, ErrNum: 0, 调用Tempcalc后,m_para[34][4]=470.958407.
 <2023-11-21 21:23:53> Line: 659, ErrNum: 0, 调用Tempcalc后,m_para[35][4]=480.912064.
 <2023-11-21 21:23:53> Line: 659, ErrNum: 0, 调用Tempcalc后,m_para[36][4]=490.630173.
 <2023-11-21 21:23:53> Line: 659, ErrNum: 0, 调用Tempcalc后,m_para[37][4]=500.904701.
 <2023-11-21 21:23:53> Line: 659, ErrNum: 0, 调用Tempcalc后,m_para[38][4]=510.750564.
 <2023-11-21 21:23:53> Line: 659, ErrNum: 0, 调用Tempcalc后,m_para[39][4]=527.886343.
 <2023-11-21 21:23:53> Line: 659, ErrNum: 0, 调用Tempcalc后,m_para[40][4]=544.569395.
 <2023-11-21 21:23:53> Line: 659, ErrNum: 0, 调用Tempcalc后,m_para[41][4]=560.328294.
 <2023-11-21 21:23:53> Line: 659, ErrNum: 0, 调用Tempcalc后,m_para[42][4]=575.289150.
 <2023-11-21 21:23:53> Line: 659, ErrNum: 0, 调用Tempcalc后,m_para[43][4]=589.632902.
 <2023-11-21 21:23:53> Line: 659, ErrNum: 0, 调用Tempcalc后,m_para[44][4]=603.372668.
 <2023-11-21 21:23:53> Line: 659, ErrNum: 0, 调用Tempcalc后,m_para[45][4]=616.534303.
 <2023-11-21 21:23:53> Line: 659, ErrNum: 0, 调用Tempcalc后,m_para[46][4]=629.159212.
 <2023-11-21 21:23:53> Line: 659, ErrNum: 0, 调用Tempcalc后,m_para[47][4]=641.290341.
 <2023-11-21 21:23:53> Line: 659, ErrNum: 0, 调用Tempcalc后,m_para[48][4]=652.960934.
 <2023-11-21 21:23:53> Line: 659, ErrNum: 0, 调用Tempcalc后,m_para[49][4]=664.200891.
 <2023-11-21 21:23:53> Line: 659, ErrNum: 0, 调用Tempcalc后,m_para[50][4]=675.041749.
 <2023-11-21 21:23:53> Line: 659, ErrNum: 0, 调用Tempcalc后,m_para[51][4]=685.511188.
 <2023-11-21 21:23:53> Line: 659, ErrNum: 0, 调用Tempcalc后,m_para[52][4]=695.634709.
 <2023-11-21 21:23:53> Line: 659, ErrNum: 0, 调用Tempcalc后,m_para[53][4]=705.436046.
 <2023-11-21 21:23:53> Line: 659, ErrNum: 0, 调用Tempcalc后,m_para[54][4]=714.935837.
 <2023-11-21 21:23:53> Line: 659, ErrNum: 0, 调用Tempcalc后,m_para[55][4]=724.151853.
 <2023-11-21 21:23:53> Line: 659, ErrNum: 0, 调用Tempcalc后,m_para[56][4]=733.100321.
 <2023-11-21 21:23:53> Line: 659, ErrNum: 0, 调用Tempcalc后,m_para[57][4]=741.796575.
 <2023-11-21 21:23:53> Line: 659, ErrNum: 0, 调用Tempcalc后,m_para[58][4]=750.255038.
 <2023-11-21 21:23:53> Line: 659, ErrNum: 0, 调用Tempcalc后,m_para[59][4]=758.489793.
 <2023-11-21 21:23:53> Line: 659, ErrNum: 0, 调用Tempcalc后,m_para[60][4]=766.357672.
 <2023-11-21 21:23:53> Line: 659, ErrNum: 0, 调用Tempcalc后,m_para[61][4]=774.068303.
 <2023-11-21 21:23:53> Line: 659, ErrNum: 0, 调用Tempcalc后,m_para[62][4]=781.624608.
 <2023-11-21 21:23:53> Line: 659, ErrNum: 0, 调用Tempcalc后,m_para[63][4]=789.035490.
 <2023-11-21 21:23:53> Line: 659, ErrNum: 0, 调用Tempcalc后,m_para[64][4]=796.317013.
 <2023-11-21 21:23:53> Line: 659, ErrNum: 0, 调用Tempcalc后,m_para[65][4]=803.487469.
 <2023-11-21 21:23:53> Line: 659, ErrNum: 0, 调用Tempcalc后,m_para[66][4]=810.564453.
 <2023-11-21 21:23:53> Line: 659, ErrNum: 0, 调用Tempcalc后,m_para[67][4]=817.561061.
 <2023-11-21 21:23:53> Line: 659, ErrNum: 0, 调用Tempcalc后,m_para[68][4]=824.481169.
 <2023-11-21 21:23:53> Line: 659, ErrNum: 0, 调用Tempcalc后,m_para[69][4]=831.316547.
 <2023-11-21 21:23:53> Line: 659, ErrNum: 0, 调用Tempcalc后,m_para[70][4]=838.051380.
 <2023-11-21 21:23:53> Line: 659, ErrNum: 0, 调用Tempcalc后,m_para[71][4]=844.673549.
 <2023-11-21 21:23:53> Line: 659, ErrNum: 0, 调用Tempcalc后,m_para[72][4]=851.178082.
 <2023-11-21 21:23:53> Line: 659, ErrNum: 0, 调用Tempcalc后,m_para[73][4]=857.564396.
 <2023-11-21 21:23:53> Line: 659, ErrNum: 0, 调用Tempcalc后,m_para[74][4]=863.832360.
 <2023-11-21 21:23:53> Line: 659, ErrNum: 0, 调用Tempcalc后,m_para[75][4]=869.979999.
 <2023-11-21 21:23:53> Line: 659, ErrNum: 0, 调用Tempcalc后,m_para[76][4]=876.004583.
 <2023-11-21 21:23:53> Line: 659, ErrNum: 0, 调用Tempcalc后,m_para[77][4]=881.906311.
 <2023-11-21 21:23:53> Line: 659, ErrNum: 0, 调用Tempcalc后,m_para[78][4]=887.691624.
 <2023-11-21 21:23:53> Line: 659, ErrNum: 0, 调用Tempcalc后,m_para[79][4]=893.370086.
 <2023-11-21 21:23:53> Line: 659, ErrNum: 0, 调用Tempcalc后,m_para[80][4]=898.949325.
 <2023-11-21 21:23:53> Line: 659, ErrNum: 0, 调用Tempcalc后,m_para[81][4]=904.432723.
 <2023-11-21 21:23:53> Line: 659, ErrNum: 0, 调用Tempcalc后,m_para[82][4]=909.820289.
 <2023-11-21 21:23:53> Line: 659, ErrNum: 0, 调用Tempcalc后,m_para[83][4]=918.080307.
 <2023-11-21 21:23:53> Line: 659, ErrNum: 0, 调用Tempcalc后,m_para[84][4]=925.732031.
 <2023-11-21 21:23:53> Line: 659, ErrNum: 0, 调用Tempcalc后,m_para[85][4]=932.939853.
 <2023-11-21 21:23:53> Line: 659, ErrNum: 0, 调用Tempcalc后,m_para[86][4]=939.858302.
 <2023-11-21 21:23:53> Line: 659, ErrNum: 0, 调用Tempcalc后,m_para[87][4]=946.553622.
 <2023-11-21 21:23:53> Line: 659, ErrNum: 0, 调用Tempcalc后,m_para[88][4]=953.061744.
 <2023-11-21 21:23:53> Line: 659, ErrNum: 0, 调用Tempcalc后,m_para[89][4]=959.404307.
 <2023-11-21 21:23:53> Line: 659, ErrNum: 0, 调用Tempcalc后,m_para[90][4]=965.587342.
 <2023-11-21 21:23:53> Line: 659, ErrNum: 0, 调用Tempcalc后,m_para[91][4]=971.613650.
 <2023-11-21 21:23:53> Line: 659, ErrNum: 0, 调用Tempcalc后,m_para[92][4]=977.488039.
 <2023-11-21 21:23:53> Line: 659, ErrNum: 0, 调用Tempcalc后,m_para[93][4]=983.214308.
 <2023-11-21 21:23:53> Line: 659, ErrNum: 0, 调用Tempcalc后,m_para[94][4]=988.795829.
 <2023-11-21 21:23:53> Line: 659, ErrNum: 0, 调用Tempcalc后,m_para[95][4]=994.235475.
 <2023-11-21 21:23:53> Line: 659, ErrNum: 0, 调用Tempcalc后,m_para[96][4]=999.535443.
 <2023-11-21 21:23:53> Line: 659, ErrNum: 0, 调用Tempcalc后,m_para[97][4]=1004.697299.
 <2023-11-21 21:23:53> Line: 659, ErrNum: 0, 调用Tempcalc后,m_para[98][4]=1009.722744.
 <2023-11-21 21:23:53> Line: 659, ErrNum: 0, 调用Tempcalc后,m_para[99][4]=1014.614102.
 <2023-11-21 21:23:53> Line: 659, ErrNum: 0, 调用Tempcalc后,m_para[100][4]=1019.374082.
 <2023-11-21 21:23:53> Line: 659, ErrNum: 0, 调用Tempcalc后,m_para[101][4]=1024.005636.
 <2023-11-21 21:23:53> Line: 659, ErrNum: 0, 调用Tempcalc后,m_para[102][4]=1028.511822.
 <2023-11-21 21:23:53> Line: 659, ErrNum: 0, 调用Tempcalc后,m_para[103][4]=1032.895700.
 <2023-11-21 21:23:53> Line: 659, ErrNum: 0, 调用Tempcalc后,m_para[104][4]=1037.160191.
 <2023-11-21 21:23:53> Line: 659, ErrNum: 0, 调用Tempcalc后,m_para[105][4]=1040.944603.
 <2023-11-21 21:23:53> Line: 659, ErrNum: 0, 调用Tempcalc后,m_para[106][4]=1044.688273.
 <2023-11-21 21:23:53> Line: 659, ErrNum: 0, 调用Tempcalc后,m_para[107][4]=1048.373532.
 <2023-11-21 21:23:53> Line: 659, ErrNum: 0, 调用Tempcalc后,m_para[108][4]=1051.983251.
 <2023-11-21 21:23:53> Line: 659, ErrNum: 0, 调用Tempcalc后,m_para[109][4]=1055.511383.
 <2023-11-21 21:23:53> Line: 659, ErrNum: 0, 调用Tempcalc后,m_para[110][4]=1058.955451.
 <2023-11-21 21:23:53> Line: 659, ErrNum: 0, 调用Tempcalc后,m_para[111][4]=1062.314611.
 <2023-11-21 21:23:53> Line: 659, ErrNum: 0, 调用Tempcalc后,m_para[112][4]=1065.588896.
 <2023-11-21 21:23:53> Line: 659, ErrNum: 0, 调用Tempcalc后,m_para[113][4]=1068.778866.
 <2023-11-21 21:23:53> Line: 659, ErrNum: 0, 调用Tempcalc后,m_para[114][4]=1071.885414.
 <2023-11-21 21:23:53> Line: 659, ErrNum: 0, 调用Tempcalc后,m_para[115][4]=1074.909661.
 <2023-11-21 21:23:53> Line: 659, ErrNum: 0, 调用Tempcalc后,m_para[116][4]=1077.852879.
 <2023-11-21 21:23:53> Line: 659, ErrNum: 0, 调用Tempcalc后,m_para[117][4]=1080.716450.
 <2023-11-21 21:23:53> Line: 659, ErrNum: 0, 调用Tempcalc后,m_para[118][4]=1083.501833.
 <2023-11-21 21:23:53> Line: 659, ErrNum: 0, 调用Tempcalc后,m_para[119][4]=1086.210545.
 <2023-11-21 21:23:53> Line: 659, ErrNum: 0, 调用Tempcalc后,m_para[120][4]=1088.844138.
 <2023-11-21 21:23:53> Line: 659, ErrNum: 0, 调用Tempcalc后,m_para[121][4]=1091.404203.
 <2023-11-21 21:23:53> Line: 659, ErrNum: 0, 调用Tempcalc后,m_para[122][4]=1093.892359.
 <2023-11-21 21:23:53> Line: 659, ErrNum: 0, 调用Tempcalc后,m_para[123][4]=1096.310242.
 <2023-11-21 21:23:53> Line: 659, ErrNum: 0, 调用Tempcalc后,m_para[124][4]=1098.659504.
 <2023-11-21 21:23:53> Line: 659, ErrNum: 0, 调用Tempcalc后,m_para[125][4]=1100.941803.
 <2023-11-21 21:23:53> Line: 659, ErrNum: 0, 调用Tempcalc后,m_para[126][4]=1103.158799.
 <2023-11-21 21:23:53> Line: 659, ErrNum: 0, 调用Tempcalc后,m_para[127][4]=1105.312145.
 <2023-11-21 21:23:53> Line: 659, ErrNum: 0, 调用Tempcalc后,m_para[128][4]=1107.403489.
 <2023-11-21 21:23:53> Line: 659, ErrNum: 0, 调用Tempcalc后,m_para[129][4]=1109.434468.
 <2023-11-21 21:23:53> Line: 659, ErrNum: 0, 调用Tempcalc后,m_para[130][4]=1111.406705.
 <2023-11-21 21:23:53> Line: 659, ErrNum: 0, 调用Tempcalc后,m_para[131][4]=1112.972539.
 <2023-11-21 21:23:53> Line: 659, ErrNum: 0, 调用Tempcalc后,m_para[132][4]=1114.546170.
 <2023-11-21 21:23:53> Line: 659, ErrNum: 0, 调用Tempcalc后,m_para[133][4]=1116.109260.
 <2023-11-21 21:23:53> Line: 659, ErrNum: 0, 调用Tempcalc后,m_para[134][4]=1117.645441.
 <2023-11-21 21:23:53> Line: 659, ErrNum: 0, 调用Tempcalc后,m_para[135][4]=1119.148701.
 <2023-11-21 21:23:53> Line: 659, ErrNum: 0, 调用Tempcalc后,m_para[136][4]=1120.616302.
 <2023-11-21 21:23:53> Line: 659, ErrNum: 0, 调用Tempcalc后,m_para[137][4]=1122.046983.
 <2023-11-21 21:23:53> Line: 659, ErrNum: 0, 调用Tempcalc后,m_para[138][4]=1123.440281.
 <2023-11-21 21:23:53> Line: 659, ErrNum: 0, 调用Tempcalc后,m_para[139][4]=1124.796205.
 <2023-11-21 21:23:53> Line: 659, ErrNum: 0, 调用Tempcalc后,m_para[140][4]=1126.115070.
 <2023-11-21 21:23:53> Line: 659, ErrNum: 0, 调用Tempcalc后,m_para[141][4]=1127.397386.
 <2023-11-21 21:23:53> Line: 659, ErrNum: 0, 调用Tempcalc后,m_para[142][4]=1128.643798.
 <2023-11-21 21:23:53> Line: 659, ErrNum: 0, 调用Tempcalc后,m_para[143][4]=1129.855039.
 <2023-11-21 21:23:53> Line: 659, ErrNum: 0, 调用Tempcalc后,m_para[144][4]=1131.031896.
 <2023-11-21 21:23:53> Line: 659, ErrNum: 0, 调用Tempcalc后,m_para[145][4]=1132.175191.
 <2023-11-21 21:23:53> Line: 659, ErrNum: 0, 调用Tempcalc后,m_para[146][4]=1133.285762.
 <2023-11-21 21:23:53> Line: 659, ErrNum: 0, 调用Tempcalc后,m_para[147][4]=1134.364454.
 <2023-11-21 21:23:53> Line: 659, ErrNum: 0, 调用Tempcalc后,m_para[148][4]=1135.412107.
 <2023-11-21 21:23:53> Line: 659, ErrNum: 0, 调用Tempcalc后,m_para[149][4]=1136.429553.
 <2023-11-21 21:23:53> Line: 659, ErrNum: 0, 调用Tempcalc后,m_para[150][4]=1137.417614.
 <2023-11-21 21:23:53> Line: 659, ErrNum: 0, 调用Tempcalc后,m_para[151][4]=1138.377093.
 <2023-11-21 21:23:53> Line: 659, ErrNum: 0, 调用Tempcalc后,m_para[152][4]=1139.308777.
 <2023-11-21 21:23:53> Line: 659, ErrNum: 0, 调用Tempcalc后,m_para[153][4]=1140.213435.
 <2023-11-21 21:23:53> Line: 659, ErrNum: 0, 调用Tempcalc后,m_para[154][4]=1141.076341.
 <2023-11-21 21:23:53> Line: 659, ErrNum: 0, 调用Tempcalc后,m_para[155][4]=1141.916809.
 <2023-11-21 21:23:53> Line: 659, ErrNum: 0, 调用Tempcalc后,m_para[156][4]=1142.734646.
 <2023-11-21 21:23:53> Line: 659, ErrNum: 0, 调用Tempcalc后,m_para[157][4]=1143.529714.
 <2023-11-21 21:23:53> Line: 659, ErrNum: 0, 调用Tempcalc后,m_para[158][4]=1144.302324.
 <2023-11-21 21:23:53> Line: 659, ErrNum: 0, 调用Tempcalc后,m_para[159][4]=1145.052922.
 <2023-11-21 21:23:53> Line: 659, ErrNum: 0, 调用Tempcalc后,m_para[160][4]=1145.782011.
 <2023-11-21 21:23:53> Line: 659, ErrNum: 0, 调用Tempcalc后,m_para[161][4]=1146.490113.
 <2023-11-21 21:23:53> Line: 659, ErrNum: 0, 调用Tempcalc后,m_para[162][4]=1147.177761.
 <2023-11-21 21:23:53> Line: 659, ErrNum: 0, 调用Tempcalc后,m_para[163][4]=1147.845488.
 <2023-11-21 21:23:53> Line: 659, ErrNum: 0, 调用Tempcalc后,m_para[164][4]=1148.493823.
 <2023-11-21 21:23:53> Line: 659, ErrNum: 0, 调用Tempcalc后,m_para[165][4]=1149.123288.
 <2023-11-21 21:23:53> Line: 659, ErrNum: 0, 调用Tempcalc后,m_para[166][4]=1149.734396.
 <2023-11-21 21:23:53> Line: 659, ErrNum: 0, 调用Tempcalc后,m_para[167][4]=1150.327652.
 <2023-11-21 21:23:53> Line: 659, ErrNum: 0, 调用Tempcalc后,m_para[168][4]=1150.903549.
 <2023-11-21 21:23:53> Line: 659, ErrNum: 0, 调用Tempcalc后,m_para[169][4]=1151.462569.
 <2023-11-21 21:23:53> Line: 659, ErrNum: 0, 调用Tempcalc后,m_para[170][4]=1152.005184.
 <2023-11-21 21:23:53> Line: 659, ErrNum: 0, 调用Tempcalc后,m_para[171][4]=1152.019191.
 <2023-11-21 21:23:53> Line: 659, ErrNum: 0, 调用Tempcalc后,m_para[172][4]=1152.094393.
 <2023-11-21 21:23:53> Line: 659, ErrNum: 0, 调用Tempcalc后,m_para[173][4]=1152.213481.
 <2023-11-21 21:23:53> Line: 659, ErrNum: 0, 调用Tempcalc后,m_para[174][4]=1152.353437.
 <2023-11-21 21:23:53> Line: 659, ErrNum: 0, 调用Tempcalc后,m_para[175][4]=1152.504718.
 <2023-11-21 21:23:53> Line: 659, ErrNum: 0, 调用Tempcalc后,m_para[176][4]=1152.662071.
 <2023-11-21 21:23:53> Line: 659, ErrNum: 0, 调用Tempcalc后,m_para[177][4]=1152.822226.
 <2023-11-21 21:23:53> Line: 659, ErrNum: 0, 调用Tempcalc后,m_para[178][4]=1152.983019.
 <2023-11-21 21:23:53> Line: 659, ErrNum: 0, 调用Tempcalc后,m_para[179][4]=1153.142967.
 <2023-11-21 21:23:53> Line: 659, ErrNum: 0, 调用Tempcalc后,m_para[180][4]=1153.301047.
 <2023-11-21 21:23:53> Line: 659, ErrNum: 0, 调用Tempcalc后,m_para[181][4]=1153.456549.
 <2023-11-21 21:23:53> Line: 659, ErrNum: 0, 调用Tempcalc后,m_para[182][4]=1153.608991.
 <2023-11-21 21:23:53> Line: 659, ErrNum: 0, 调用Tempcalc后,m_para[183][4]=1153.758052.
 <2023-11-21 21:23:53> Line: 659, ErrNum: 0, 调用Tempcalc后,m_para[184][4]=1153.903530.
 <2023-11-21 21:23:53> Line: 659, ErrNum: 0, 调用Tempcalc后,m_para[185][4]=1154.045308.
 <2023-11-21 21:23:53> Line: 659, ErrNum: 0, 调用Tempcalc后,m_para[186][4]=1154.183333.
 <2023-11-21 21:23:53> Line: 659, ErrNum: 0, 调用Tempcalc后,m_para[187][4]=1154.317595.
 <2023-11-21 21:23:53> Line: 659, ErrNum: 0, 调用Tempcalc后,m_para[188][4]=1154.448117.
 <2023-11-21 21:23:53> Line: 659, ErrNum: 0, 调用Tempcalc后,m_para[189][4]=1154.574943.
 <2023-11-21 21:23:53> Line: 659, ErrNum: 0, 调用Tempcalc后,m_para[190][4]=1154.698137.
 <2023-11-21 21:23:53> Line: 659, ErrNum: 0, 调用Tempcalc后,m_para[191][4]=1154.817770.
 <2023-11-21 21:23:53> Line: 659, ErrNum: 0, 调用Tempcalc后,m_para[192][4]=1154.921453.
 <2023-11-21 21:23:53> Line: 659, ErrNum: 0, 调用Tempcalc后,m_para[193][4]=1155.023766.
 <2023-11-21 21:23:53> Line: 659, ErrNum: 0, 调用Tempcalc后,m_para[194][4]=1155.124374.
 <2023-11-21 21:23:53> Line: 659, ErrNum: 0, 调用Tempcalc后,m_para[195][4]=1155.222769.
 <2023-11-21 21:23:53> Line: 659, ErrNum: 0, 调用Tempcalc后,m_para[196][4]=1155.318778.
 <2023-11-21 21:23:53> Line: 659, ErrNum: 0, 调用Tempcalc后,m_para[197][4]=1155.412337.
 <2023-11-21 21:23:53> Line: 659, ErrNum: 0, 调用Tempcalc后,m_para[198][4]=1155.503433.
 <2023-11-21 21:23:53> Line: 659, ErrNum: 0, 调用Tempcalc后,m_para[199][4]=1155.592077.
 <2023-11-21 21:23:53> Line: 659, ErrNum: 0, 调用Tempcalc后,m_para[200][4]=1155.678301.
 <2023-11-21 21:23:53> Line: 659, ErrNum: 0, 调用Tempcalc后,m_para[201][4]=1155.762144.
 <2023-11-21 21:23:53> Line: 659, ErrNum: 0, 调用Tempcalc后,m_para[202][4]=1155.843654.
 <2023-11-21 21:23:53> Line: 659, ErrNum: 0, 调用Tempcalc后,m_para[203][4]=1155.922881.
 <2023-11-21 21:23:53> Line: 659, ErrNum: 0, 调用Tempcalc后,m_para[204][4]=1155.999879.
 <2023-11-21 21:23:53> Line: 659, ErrNum: 0, 调用Tempcalc后,m_para[205][4]=1156.074704.
