 <2023-11-21 21:27:24> Line: 368, ErrNum: 0, 新系统数据:......................................
 <2023-11-21 21:27:24> Line: 369, ErrNum: 0, 23240794680100.
 <2023-11-21 21:27:24> Line: 473, ErrNum: 0, slab_nums=0,,m_para[0~5]=0.000000,0.000000,0.000000,137.960000,0.000000,137.960000.
 <2023-11-21 21:27:24> Line: 473, ErrNum: 0, slab_nums=1,,m_para[0~5]=687.090000,647.000000,0.000000,144.610000,0.000000,144.490000.
 <2023-11-21 21:27:24> Line: 473, ErrNum: 0, slab_nums=2,,m_para[0~5]=686.500000,646.220000,0.000000,151.430000,0.000000,151.190000.
 <2023-11-21 21:27:24> Line: 473, ErrNum: 0, slab_nums=3,,m_para[0~5]=686.410000,647.390000,0.000000,156.900000,0.000000,156.560000.
 <2023-11-21 21:27:24> Line: 473, ErrNum: 0, slab_nums=4,,m_para[0~5]=692.500000,653.020000,155.000000,163.430000,0.000000,162.990000.
 <2023-11-21 21:27:24> Line: 473, ErrNum: 0, slab_nums=5,,m_para[0~5]=718.800000,675.250000,756.000000,170.430000,0.000000,169.870000.
 <2023-11-21 21:27:24> Line: 473, ErrNum: 0, slab_nums=6,,m_para[0~5]=722.200000,676.040000,756.000000,176.420000,0.000000,175.770000.
 <2023-11-21 21:27:24> Line: 473, ErrNum: 0, slab_nums=7,,m_para[0~5]=723.020000,673.300000,756.000000,182.260000,0.000000,181.520000.
 <2023-11-21 21:27:24> Line: 473, ErrNum: 0, slab_nums=8,,m_para[0~5]=744.260000,689.620000,1358.000000,189.520000,0.000000,188.680000.
 <2023-11-21 21:27:24> Line: 473, ErrNum: 0, slab_nums=9,,m_para[0~5]=756.690000,700.370000,1641.000000,197.220000,0.000000,196.260000.
 <2023-11-21 21:27:24> Line: 473, ErrNum: 0, slab_nums=10,,m_para[0~5]=758.330000,697.720000,1641.000000,203.610000,0.000000,202.560000.
 <2023-11-21 21:27:24> Line: 473, ErrNum: 0, slab_nums=11,,m_para[0~5]=756.580000,694.280000,1641.000000,209.820000,0.000000,208.690000.
 <2023-11-21 21:27:24> Line: 473, ErrNum: 0, slab_nums=12,,m_para[0~5]=755.570000,693.960000,1641.000000,217.170000,0.000000,215.940000.
 <2023-11-21 21:27:24> Line: 473, ErrNum: 0, slab_nums=13,,m_para[0~5]=755.690000,694.840000,1641.000000,223.240000,0.000000,221.930000.
 <2023-11-21 21:27:24> Line: 473, ErrNum: 0, slab_nums=14,,m_para[0~5]=754.780000,693.430000,1641.000000,230.400000,0.000000,229.000000.
 <2023-11-21 21:27:24> Line: 473, ErrNum: 0, slab_nums=15,,m_para[0~5]=775.960000,712.650000,2242.000000,236.700000,0.000000,235.220000.
 <2023-11-21 21:27:24> Line: 473, ErrNum: 0, slab_nums=16,,m_para[0~5]=800.610000,732.700000,2843.000000,243.630000,0.000000,242.060000.
 <2023-11-21 21:27:24> Line: 473, ErrNum: 0, slab_nums=17,,m_para[0~5]=814.950000,739.270000,3194.000000,252.110000,0.000000,250.460000.
 <2023-11-21 21:27:24> Line: 473, ErrNum: 0, slab_nums=18,,m_para[0~5]=814.530000,737.350000,3194.000000,258.540000,0.000000,256.920000.
 <2023-11-21 21:27:24> Line: 473, ErrNum: 0, slab_nums=19,,m_para[0~5]=814.510000,738.350000,3194.000000,266.240000,0.000000,264.650000.
 <2023-11-21 21:27:24> Line: 473, ErrNum: 0, slab_nums=20,,m_para[0~5]=815.750000,739.250000,3194.000000,272.620000,0.000000,271.050000.
 <2023-11-21 21:27:24> Line: 473, ErrNum: 0, slab_nums=21,,m_para[0~5]=812.930000,739.350000,3194.000000,280.140000,0.000000,278.580000.
 <2023-11-21 21:27:24> Line: 473, ErrNum: 0, slab_nums=22,,m_para[0~5]=828.760000,757.240000,3795.000000,286.690000,0.000000,285.140000.
 <2023-11-21 21:27:24> Line: 473, ErrNum: 0, slab_nums=23,,m_para[0~5]=846.120000,778.590000,4396.000000,295.130000,0.000000,293.600000.
 <2023-11-21 21:27:24> Line: 473, ErrNum: 0, slab_nums=24,,m_para[0~5]=862.510000,796.370000,4854.000000,304.090000,0.000000,302.570000.
 <2023-11-21 21:27:24> Line: 473, ErrNum: 0, slab_nums=25,,m_para[0~5]=863.910000,798.260000,4854.000000,311.590000,0.000000,310.080000.
 <2023-11-21 21:27:24> Line: 473, ErrNum: 0, slab_nums=26,,m_para[0~5]=863.370000,793.650000,4854.000000,320.290000,0.000000,318.790000.
 <2023-11-21 21:27:24> Line: 473, ErrNum: 0, slab_nums=27,,m_para[0~5]=875.930000,810.760000,5455.000000,327.740000,0.000000,326.240000.
 <2023-11-21 21:27:24> Line: 473, ErrNum: 0, slab_nums=28,,m_para[0~5]=889.500000,830.440000,6056.000000,337.160000,0.000000,335.670000.
 <2023-11-21 21:27:24> Line: 473, ErrNum: 0, slab_nums=29,,m_para[0~5]=888.620000,832.070000,6056.000000,345.030000,0.000000,343.550000.
 <2023-11-21 21:27:24> Line: 473, ErrNum: 0, slab_nums=30,,m_para[0~5]=887.250000,827.930000,6056.000000,352.650000,0.000000,351.170000.
 <2023-11-21 21:27:24> Line: 473, ErrNum: 0, slab_nums=31,,m_para[0~5]=884.310000,824.730000,6056.000000,360.040000,0.000000,358.570000.
 <2023-11-21 21:27:24> Line: 473, ErrNum: 0, slab_nums=32,,m_para[0~5]=884.180000,823.430000,6056.000000,368.740000,0.000000,367.270000.
 <2023-11-21 21:27:24> Line: 473, ErrNum: 0, slab_nums=33,,m_para[0~5]=897.270000,841.070000,6657.000000,376.210000,0.000000,374.740000.
 <2023-11-21 21:27:24> Line: 473, ErrNum: 0, slab_nums=34,,m_para[0~5]=915.760000,860.420000,7258.000000,385.740000,0.000000,384.280000.
 <2023-11-21 21:27:24> Line: 473, ErrNum: 0, slab_nums=35,,m_para[0~5]=916.880000,861.340000,7258.000000,393.700000,0.000000,392.250000.
 <2023-11-21 21:27:24> Line: 473, ErrNum: 0, slab_nums=36,,m_para[0~5]=915.920000,859.900000,7258.000000,402.980000,0.000000,401.540000.
 <2023-11-21 21:27:24> Line: 473, ErrNum: 0, slab_nums=37,,m_para[0~5]=1099.840000,1093.500000,7860.000000,413.900000,0.000000,415.780000.
 <2023-11-21 21:27:24> Line: 473, ErrNum: 0, slab_nums=38,,m_para[0~5]=1099.840000,1093.500000,8461.000000,423.380000,0.000000,426.870000.
 <2023-11-21 21:27:24> Line: 473, ErrNum: 0, slab_nums=39,,m_para[0~5]=1099.840000,1093.500000,8461.000000,434.680000,0.000000,439.860000.
 <2023-11-21 21:27:24> Line: 473, ErrNum: 0, slab_nums=40,,m_para[0~5]=1099.840000,1093.500000,8461.000000,443.910000,0.000000,450.000000.
 <2023-11-21 21:27:24> Line: 473, ErrNum: 0, slab_nums=41,,m_para[0~5]=1099.840000,1093.500000,8461.000000,454.550000,0.000000,461.990000.
 <2023-11-21 21:27:24> Line: 473, ErrNum: 0, slab_nums=42,,m_para[0~5]=1099.840000,1093.500000,8461.000000,463.230000,0.000000,471.340000.
 <2023-11-21 21:27:24> Line: 473, ErrNum: 0, slab_nums=43,,m_para[0~5]=1099.840000,1093.500000,9663.000000,474.180000,0.000000,483.580000.
 <2023-11-21 21:27:24> Line: 473, ErrNum: 0, slab_nums=44,,m_para[0~5]=1099.840000,1093.500000,9973.000000,483.760000,0.000000,493.850000.
 <2023-11-21 21:27:24> Line: 473, ErrNum: 0, slab_nums=45,,m_para[0~5]=1099.840000,1093.500000,9973.000000,494.800000,0.000000,506.010000.
 <2023-11-21 21:27:24> Line: 473, ErrNum: 0, slab_nums=46,,m_para[0~5]=1099.840000,1093.500000,9973.000000,503.730000,0.000000,515.370000.
 <2023-11-21 21:27:24> Line: 473, ErrNum: 0, slab_nums=47,,m_para[0~5]=1099.840000,1093.500000,10574.000000,514.420000,0.000000,526.990000.
 <2023-11-21 21:27:24> Line: 473, ErrNum: 0, slab_nums=48,,m_para[0~5]=1099.840000,1093.500000,11175.000000,523.760000,0.000000,537.020000.
 <2023-11-21 21:27:24> Line: 473, ErrNum: 0, slab_nums=49,,m_para[0~5]=1099.840000,1093.500000,11175.000000,532.920000,0.000000,546.890000.
 <2023-11-21 21:27:24> Line: 473, ErrNum: 0, slab_nums=50,,m_para[0~5]=1099.840000,1093.500000,11175.000000,541.900000,0.000000,556.490000.
 <2023-11-21 21:27:24> Line: 473, ErrNum: 0, slab_nums=51,,m_para[0~5]=1099.840000,1093.500000,11175.000000,552.190000,0.000000,567.580000.
 <2023-11-21 21:27:24> Line: 473, ErrNum: 0, slab_nums=52,,m_para[0~5]=1099.840000,1093.500000,11776.000000,560.890000,0.000000,576.630000.
 <2023-11-21 21:27:24> Line: 473, ErrNum: 0, slab_nums=53,,m_para[0~5]=1099.840000,1093.500000,12378.000000,571.310000,0.000000,587.940000.
 <2023-11-21 21:27:24> Line: 473, ErrNum: 0, slab_nums=54,,m_para[0~5]=1099.840000,1093.500000,12378.000000,580.000000,0.000000,596.740000.
 <2023-11-21 21:27:24> Line: 473, ErrNum: 0, slab_nums=55,,m_para[0~5]=1099.840000,1093.500000,12378.000000,589.910000,0.000000,607.140000.
 <2023-11-21 21:27:24> Line: 473, ErrNum: 0, slab_nums=56,,m_para[0~5]=1099.840000,1093.500000,12378.000000,598.070000,0.000000,615.320000.
 <2023-11-21 21:27:24> Line: 473, ErrNum: 0, slab_nums=57,,m_para[0~5]=1099.840000,1093.500000,12980.000000,607.870000,0.000000,625.370000.
 <2023-11-21 21:27:24> Line: 473, ErrNum: 0, slab_nums=58,,m_para[0~5]=1099.840000,1093.500000,13581.000000,616.440000,0.000000,634.200000.
 <2023-11-21 21:27:24> Line: 473, ErrNum: 0, slab_nums=59,,m_para[0~5]=1099.840000,1093.500000,13581.000000,626.520000,0.000000,644.610000.
 <2023-11-21 21:27:24> Line: 473, ErrNum: 0, slab_nums=60,,m_para[0~5]=1099.840000,1093.500000,13581.000000,634.840000,0.000000,652.810000.
 <2023-11-21 21:27:24> Line: 473, ErrNum: 0, slab_nums=61,,m_para[0~5]=1099.840000,1093.500000,13581.000000,644.270000,0.000000,662.390000.
 <2023-11-21 21:27:24> Line: 473, ErrNum: 0, slab_nums=62,,m_para[0~5]=1099.840000,1093.500000,14182.000000,652.210000,0.000000,670.290000.
 <2023-11-21 21:27:24> Line: 473, ErrNum: 0, slab_nums=63,,m_para[0~5]=1099.840000,1093.500000,14783.000000,660.140000,0.000000,678.240000.
 <2023-11-21 21:27:24> Line: 473, ErrNum: 0, slab_nums=64,,m_para[0~5]=1099.840000,1093.500000,14783.000000,669.420000,0.000000,687.720000.
 <2023-11-21 21:27:24> Line: 473, ErrNum: 0, slab_nums=65,,m_para[0~5]=1099.840000,1093.500000,14783.000000,678.280000,0.000000,696.690000.
 <2023-11-21 21:27:24> Line: 473, ErrNum: 0, slab_nums=66,,m_para[0~5]=1099.840000,1093.500000,14783.000000,685.520000,0.000000,703.770000.
 <2023-11-21 21:27:24> Line: 473, ErrNum: 0, slab_nums=67,,m_para[0~5]=1099.840000,1093.500000,15385.000000,694.020000,0.000000,712.360000.
 <2023-11-21 21:27:24> Line: 473, ErrNum: 0, slab_nums=68,,m_para[0~5]=1176.980000,1178.090000,15985.000000,700.840000,0.000000,719.200000.
 <2023-11-21 21:27:24> Line: 473, ErrNum: 0, slab_nums=69,,m_para[0~5]=1176.980000,1178.090000,16316.000000,708.670000,0.000000,727.220000.
 <2023-11-21 21:27:24> Line: 473, ErrNum: 0, slab_nums=70,,m_para[0~5]=1176.980000,1178.090000,16316.000000,715.170000,0.000000,733.530000.
 <2023-11-21 21:27:24> Line: 473, ErrNum: 0, slab_nums=71,,m_para[0~5]=1176.980000,1178.090000,16316.000000,721.530000,0.000000,739.790000.
 <2023-11-21 21:27:24> Line: 473, ErrNum: 0, slab_nums=72,,m_para[0~5]=1176.980000,1178.090000,16918.000000,729.330000,0.000000,747.860000.
 <2023-11-21 21:27:24> Line: 473, ErrNum: 0, slab_nums=73,,m_para[0~5]=1176.980000,1178.090000,17350.000000,737.110000,0.000000,755.820000.
 <2023-11-21 21:27:24> Line: 473, ErrNum: 0, slab_nums=74,,m_para[0~5]=1176.980000,1178.090000,17350.000000,744.900000,0.000000,763.790000.
 <2023-11-21 21:27:24> Line: 473, ErrNum: 0, slab_nums=75,,m_para[0~5]=1176.980000,1178.090000,17350.000000,751.490000,0.000000,770.280000.
 <2023-11-21 21:27:24> Line: 473, ErrNum: 0, slab_nums=76,,m_para[0~5]=1176.980000,1178.090000,17350.000000,759.450000,0.000000,778.540000.
 <2023-11-21 21:27:24> Line: 473, ErrNum: 0, slab_nums=77,,m_para[0~5]=1176.980000,1178.090000,17951.000000,766.450000,0.000000,785.270000.
 <2023-11-21 21:27:24> Line: 473, ErrNum: 0, slab_nums=78,,m_para[0~5]=1176.980000,1178.090000,18553.000000,775.140000,0.000000,794.100000.
 <2023-11-21 21:27:24> Line: 473, ErrNum: 0, slab_nums=79,,m_para[0~5]=1176.980000,1178.090000,18553.000000,782.370000,0.000000,801.130000.
 <2023-11-21 21:27:24> Line: 473, ErrNum: 0, slab_nums=80,,m_para[0~5]=1176.980000,1178.090000,18553.000000,789.480000,0.000000,808.120000.
 <2023-11-21 21:27:24> Line: 473, ErrNum: 0, slab_nums=81,,m_para[0~5]=1176.980000,1178.090000,18553.000000,797.900000,0.000000,816.710000.
 <2023-11-21 21:27:24> Line: 473, ErrNum: 0, slab_nums=82,,m_para[0~5]=1176.980000,1178.090000,19154.000000,806.570000,0.000000,825.550000.
 <2023-11-21 21:27:24> Line: 473, ErrNum: 0, slab_nums=83,,m_para[0~5]=1176.980000,1178.090000,19756.000000,813.850000,0.000000,833.100000.
 <2023-11-21 21:27:24> Line: 473, ErrNum: 0, slab_nums=84,,m_para[0~5]=1176.980000,1178.090000,19756.000000,822.220000,0.000000,841.750000.
 <2023-11-21 21:27:24> Line: 473, ErrNum: 0, slab_nums=85,,m_para[0~5]=1176.980000,1178.090000,19756.000000,828.920000,0.000000,848.400000.
 <2023-11-21 21:27:24> Line: 473, ErrNum: 0, slab_nums=86,,m_para[0~5]=1176.980000,1178.090000,19756.000000,836.850000,0.000000,856.410000.
 <2023-11-21 21:27:24> Line: 473, ErrNum: 0, slab_nums=87,,m_para[0~5]=1176.980000,1178.090000,19756.000000,843.520000,0.000000,862.900000.
 <2023-11-21 21:27:24> Line: 473, ErrNum: 0, slab_nums=88,,m_para[0~5]=1176.980000,1178.090000,20357.000000,851.860000,0.000000,871.190000.
 <2023-11-21 21:27:24> Line: 473, ErrNum: 0, slab_nums=89,,m_para[0~5]=1176.980000,1178.090000,20958.000000,859.110000,0.000000,878.850000.
 <2023-11-21 21:27:24> Line: 473, ErrNum: 0, slab_nums=90,,m_para[0~5]=1176.980000,1178.090000,21339.000000,865.280000,0.000000,884.900000.
 <2023-11-21 21:27:24> Line: 473, ErrNum: 0, slab_nums=91,,m_para[0~5]=1176.980000,1178.090000,21339.000000,871.380000,0.000000,890.630000.
 <2023-11-21 21:27:24> Line: 473, ErrNum: 0, slab_nums=92,,m_para[0~5]=1176.980000,1178.090000,21339.000000,878.480000,0.000000,897.750000.
 <2023-11-21 21:27:24> Line: 473, ErrNum: 0, slab_nums=93,,m_para[0~5]=1176.980000,1178.090000,21940.000000,885.380000,0.000000,904.870000.
 <2023-11-21 21:27:24> Line: 473, ErrNum: 0, slab_nums=94,,m_para[0~5]=1176.980000,1178.090000,22543.000000,890.910000,0.000000,910.390000.
 <2023-11-21 21:27:24> Line: 473, ErrNum: 0, slab_nums=95,,m_para[0~5]=1176.980000,1178.090000,22543.000000,897.330000,0.000000,916.860000.
 <2023-11-21 21:27:24> Line: 473, ErrNum: 0, slab_nums=96,,m_para[0~5]=1176.980000,1178.090000,22543.000000,902.800000,0.000000,922.280000.
 <2023-11-21 21:27:24> Line: 473, ErrNum: 0, slab_nums=97,,m_para[0~5]=1176.980000,1178.090000,22543.000000,909.490000,0.000000,929.190000.
 <2023-11-21 21:27:24> Line: 473, ErrNum: 0, slab_nums=98,,m_para[0~5]=1176.980000,1178.090000,23145.000000,915.280000,0.000000,935.070000.
 <2023-11-21 21:27:24> Line: 473, ErrNum: 0, slab_nums=99,,m_para[0~5]=1176.980000,1178.090000,23145.000000,922.210000,0.000000,942.270000.
 <2023-11-21 21:27:24> Line: 473, ErrNum: 0, slab_nums=100,,m_para[0~5]=1176.980000,1178.090000,23732.000000,928.250000,0.000000,948.220000.
 <2023-11-21 21:27:24> Line: 473, ErrNum: 0, slab_nums=101,,m_para[0~5]=1176.980000,1178.090000,23732.000000,935.560000,0.000000,955.390000.
 <2023-11-21 21:27:24> Line: 473, ErrNum: 0, slab_nums=102,,m_para[0~5]=1176.980000,1178.090000,23732.000000,941.830000,0.000000,961.490000.
 <2023-11-21 21:27:24> Line: 473, ErrNum: 0, slab_nums=103,,m_para[0~5]=1176.980000,1178.090000,24334.000000,948.270000,0.000000,967.910000.
 <2023-11-21 21:27:24> Line: 473, ErrNum: 0, slab_nums=104,,m_para[0~5]=1176.980000,1178.090000,24334.000000,955.950000,0.000000,975.680000.
 <2023-11-21 21:27:24> Line: 473, ErrNum: 0, slab_nums=105,,m_para[0~5]=1176.980000,1178.090000,24334.000000,962.330000,0.000000,981.820000.
 <2023-11-21 21:27:24> Line: 473, ErrNum: 0, slab_nums=106,,m_para[0~5]=1176.980000,1178.090000,24334.000000,969.820000,0.000000,989.230000.
 <2023-11-21 21:27:24> Line: 473, ErrNum: 0, slab_nums=107,,m_para[0~5]=1177.080000,1165.710000,24935.000000,976.180000,0.000000,994.970000.
 <2023-11-21 21:27:24> Line: 473, ErrNum: 0, slab_nums=108,,m_para[0~5]=1177.080000,1165.710000,25536.000000,983.520000,0.000000,1000.880000.
 <2023-11-21 21:27:24> Line: 473, ErrNum: 0, slab_nums=109,,m_para[0~5]=1177.080000,1165.710000,25536.000000,989.280000,0.000000,1005.770000.
 <2023-11-21 21:27:24> Line: 473, ErrNum: 0, slab_nums=110,,m_para[0~5]=1177.080000,1165.710000,25536.000000,995.800000,0.000000,1011.380000.
 <2023-11-21 21:27:24> Line: 473, ErrNum: 0, slab_nums=111,,m_para[0~5]=1177.080000,1165.710000,25536.000000,1002.050000,0.000000,1016.820000.
 <2023-11-21 21:27:24> Line: 473, ErrNum: 0, slab_nums=112,,m_para[0~5]=1177.080000,1165.710000,26137.000000,1007.500000,0.000000,1021.660000.
 <2023-11-21 21:27:24> Line: 473, ErrNum: 0, slab_nums=113,,m_para[0~5]=1177.080000,1165.710000,26738.000000,1014.330000,0.000000,1027.790000.
 <2023-11-21 21:27:24> Line: 473, ErrNum: 0, slab_nums=114,,m_para[0~5]=1177.080000,1165.710000,26738.000000,1019.970000,0.000000,1032.880000.
 <2023-11-21 21:27:24> Line: 473, ErrNum: 0, slab_nums=115,,m_para[0~5]=1177.080000,1165.710000,27239.000000,1026.800000,0.000000,1039.100000.
 <2023-11-21 21:27:24> Line: 473, ErrNum: 0, slab_nums=116,,m_para[0~5]=1177.080000,1165.710000,27239.000000,1033.610000,0.000000,1045.320000.
 <2023-11-21 21:27:24> Line: 473, ErrNum: 0, slab_nums=117,,m_para[0~5]=1177.080000,1165.710000,27239.000000,1039.240000,0.000000,1050.490000.
 <2023-11-21 21:27:24> Line: 473, ErrNum: 0, slab_nums=118,,m_para[0~5]=1177.080000,1165.710000,27239.000000,1043.140000,0.000000,1053.980000.
 <2023-11-21 21:27:24> Line: 473, ErrNum: 0, slab_nums=119,,m_para[0~5]=1177.080000,1165.710000,27239.000000,1046.180000,0.000000,1056.630000.
 <2023-11-21 21:27:24> Line: 473, ErrNum: 0, slab_nums=120,,m_para[0~5]=1177.080000,1165.710000,27239.000000,1049.630000,0.000000,1059.630000.
 <2023-11-21 21:27:24> Line: 473, ErrNum: 0, slab_nums=121,,m_para[0~5]=1177.080000,1165.710000,27239.000000,1052.290000,0.000000,1061.880000.
 <2023-11-21 21:27:24> Line: 473, ErrNum: 0, slab_nums=122,,m_para[0~5]=1177.080000,1165.710000,27239.000000,1054.540000,0.000000,1063.800000.
 <2023-11-21 21:27:24> Line: 473, ErrNum: 0, slab_nums=123,,m_para[0~5]=1177.080000,1165.710000,27840.000000,1056.970000,0.000000,1065.900000.
 <2023-11-21 21:27:24> Line: 473, ErrNum: 0, slab_nums=124,,m_para[0~5]=1177.080000,1165.710000,28289.000000,1060.110000,0.000000,1068.650000.
 <2023-11-21 21:27:24> Line: 473, ErrNum: 0, slab_nums=125,,m_para[0~5]=1177.080000,1165.710000,28289.000000,1062.700000,0.000000,1070.930000.
 <2023-11-21 21:27:24> Line: 473, ErrNum: 0, slab_nums=126,,m_para[0~5]=1177.080000,1165.710000,28289.000000,1065.320000,0.000000,1073.240000.
 <2023-11-21 21:27:24> Line: 473, ErrNum: 0, slab_nums=127,,m_para[0~5]=1177.080000,1165.710000,28890.000000,1068.220000,0.000000,1075.790000.
 <2023-11-21 21:27:24> Line: 473, ErrNum: 0, slab_nums=128,,m_para[0~5]=1177.080000,1165.710000,28890.000000,1070.550000,0.000000,1077.840000.
 <2023-11-21 21:27:24> Line: 473, ErrNum: 0, slab_nums=129,,m_para[0~5]=1177.080000,1165.710000,29423.000000,1072.690000,0.000000,1079.700000.
 <2023-11-21 21:27:24> Line: 473, ErrNum: 0, slab_nums=130,,m_para[0~5]=1177.080000,1165.710000,29423.000000,1075.150000,0.000000,1081.840000.
 <2023-11-21 21:27:24> Line: 473, ErrNum: 0, slab_nums=131,,m_para[0~5]=1177.080000,1165.710000,29423.000000,1077.100000,0.000000,1083.540000.
 <2023-11-21 21:27:24> Line: 473, ErrNum: 0, slab_nums=132,,m_para[0~5]=1177.080000,1165.710000,30024.000000,1079.400000,0.000000,1085.550000.
 <2023-11-21 21:27:24> Line: 473, ErrNum: 0, slab_nums=133,,m_para[0~5]=1177.080000,1165.710000,30024.000000,1081.160000,0.000000,1087.060000.
 <2023-11-21 21:27:24> Line: 473, ErrNum: 0, slab_nums=134,,m_para[0~5]=1177.080000,1165.710000,30611.000000,1082.800000,0.000000,1088.470000.
 <2023-11-21 21:27:24> Line: 473, ErrNum: 0, slab_nums=135,,m_para[0~5]=1177.080000,1165.710000,30611.000000,1084.610000,0.000000,1090.020000.
 <2023-11-21 21:27:24> Line: 473, ErrNum: 0, slab_nums=136,,m_para[0~5]=1177.080000,1165.710000,30611.000000,1086.410000,0.000000,1091.560000.
 <2023-11-21 21:27:24> Line: 473, ErrNum: 0, slab_nums=137,,m_para[0~5]=1177.080000,1165.710000,30611.000000,1087.910000,0.000000,1092.850000.
 <2023-11-21 21:27:24> Line: 473, ErrNum: 0, slab_nums=138,,m_para[0~5]=1177.080000,1165.710000,31212.000000,1089.780000,0.000000,1094.470000.
 <2023-11-21 21:27:24> Line: 473, ErrNum: 0, slab_nums=139,,m_para[0~5]=1177.080000,1165.710000,31795.000000,1091.100000,0.000000,1095.590000.
 <2023-11-21 21:27:24> Line: 473, ErrNum: 0, slab_nums=140,,m_para[0~5]=1177.080000,1165.710000,31795.000000,1092.390000,0.000000,1096.700000.
 <2023-11-21 21:27:24> Line: 473, ErrNum: 0, slab_nums=141,,m_para[0~5]=1177.080000,1165.710000,31795.000000,1093.720000,0.000000,1097.810000.
 <2023-11-21 21:27:24> Line: 473, ErrNum: 0, slab_nums=142,,m_para[0~5]=1177.080000,1165.710000,31795.000000,1094.900000,0.000000,1098.780000.
 <2023-11-21 21:27:24> Line: 473, ErrNum: 0, slab_nums=143,,m_para[0~5]=1177.080000,1165.710000,31795.000000,1095.930000,0.000000,1099.610000.
 <2023-11-21 21:27:24> Line: 473, ErrNum: 0, slab_nums=144,,m_para[0~5]=1177.080000,1165.710000,32396.000000,1097.020000,0.000000,1100.530000.
 <2023-11-21 21:27:24> Line: 473, ErrNum: 0, slab_nums=145,,m_para[0~5]=1177.080000,1165.710000,32396.000000,1098.320000,0.000000,1101.650000.
 <2023-11-21 21:27:24> Line: 473, ErrNum: 0, slab_nums=146,,m_para[0~5]=1177.080000,1165.710000,32897.000000,1099.400000,0.000000,1102.580000.
 <2023-11-21 21:27:24> Line: 473, ErrNum: 0, slab_nums=147,,m_para[0~5]=1177.080000,1165.710000,32897.000000,1100.680000,0.000000,1103.690000.
 <2023-11-21 21:27:24> Line: 473, ErrNum: 0, slab_nums=148,,m_para[0~5]=1177.080000,1165.710000,32897.000000,1101.960000,0.000000,1104.790000.
 <2023-11-21 21:27:24> Line: 473, ErrNum: 0, slab_nums=149,,m_para[0~5]=1177.080000,1165.710000,32897.000000,1102.900000,0.000000,1105.590000.
 <2023-11-21 21:27:24> Line: 473, ErrNum: 0, slab_nums=150,,m_para[0~5]=1177.080000,1165.710000,33498.000000,1103.960000,0.000000,1106.500000.
 <2023-11-21 21:27:24> Line: 473, ErrNum: 0, slab_nums=151,,m_para[0~5]=1160.110000,1161.040000,34100.000000,1102.920000,0.000000,1107.180000.
 <2023-11-21 21:27:24> Line: 473, ErrNum: 0, slab_nums=152,,m_para[0~5]=1160.110000,1161.040000,34657.000000,1101.380000,0.000000,1107.870000.
 <2023-11-21 21:27:24> Line: 473, ErrNum: 0, slab_nums=153,,m_para[0~5]=1160.110000,1161.040000,34657.000000,1100.400000,0.000000,1108.520000.
 <2023-11-21 21:27:24> Line: 473, ErrNum: 0, slab_nums=154,,m_para[0~5]=1160.110000,1161.040000,34657.000000,1099.810000,0.000000,1108.990000.
 <2023-11-21 21:27:24> Line: 473, ErrNum: 0, slab_nums=155,,m_para[0~5]=1160.110000,1161.040000,35259.000000,1099.380000,0.000000,1109.490000.
 <2023-11-21 21:27:24> Line: 473, ErrNum: 0, slab_nums=156,,m_para[0~5]=1160.110000,1161.040000,36462.000000,1098.980000,0.000000,1110.010000.
 <2023-11-21 21:27:24> Line: 473, ErrNum: 0, slab_nums=157,,m_para[0~5]=1160.110000,1161.040000,36462.000000,1098.760000,0.000000,1110.460000.
 <2023-11-21 21:27:24> Line: 473, ErrNum: 0, slab_nums=158,,m_para[0~5]=1160.110000,1161.040000,37064.000000,1098.570000,0.000000,1110.970000.
 <2023-11-21 21:27:24> Line: 473, ErrNum: 0, slab_nums=159,,m_para[0~5]=1160.110000,1161.040000,37666.000000,1098.460000,0.000000,1111.400000.
 <2023-11-21 21:27:24> Line: 473, ErrNum: 0, slab_nums=160,,m_para[0~5]=1160.110000,1161.040000,37666.000000,1098.410000,0.000000,1111.850000.
 <2023-11-21 21:27:24> Line: 473, ErrNum: 0, slab_nums=161,,m_para[0~5]=1160.110000,1161.040000,37666.000000,1098.420000,0.000000,1112.450000.
 <2023-11-21 21:27:24> Line: 473, ErrNum: 0, slab_nums=162,,m_para[0~5]=1160.110000,1161.040000,37666.000000,1098.440000,0.000000,1112.860000.
 <2023-11-21 21:27:24> Line: 473, ErrNum: 0, slab_nums=163,,m_para[0~5]=1160.110000,1161.040000,38267.000000,1098.480000,0.000000,1113.290000.
 <2023-11-21 21:27:24> Line: 473, ErrNum: 0, slab_nums=164,,m_para[0~5]=1160.110000,1161.040000,38267.000000,1098.540000,0.000000,1113.700000.
 <2023-11-21 21:27:24> Line: 473, ErrNum: 0, slab_nums=165,,m_para[0~5]=1160.110000,1161.040000,38267.000000,1098.550000,0.000000,1114.100000.
 <2023-11-21 21:27:24> Line: 473, ErrNum: 0, slab_nums=166,,m_para[0~5]=1160.110000,1161.040000,38267.000000,1098.450000,0.000000,1114.170000.
 <2023-11-21 21:27:24> Line: 473, ErrNum: 0, slab_nums=167,,m_para[0~5]=1160.110000,1161.040000,38868.000000,1098.240000,0.000000,1114.170000.
 <2023-11-21 21:27:24> Line: 473, ErrNum: 0, slab_nums=168,,m_para[0~5]=1160.110000,1161.040000,39469.000000,1098.030000,0.000000,1114.180000.
 <2023-11-21 21:27:24> Line: 473, ErrNum: 0, slab_nums=169,,m_para[0~5]=1160.110000,1161.040000,39469.000000,1097.890000,0.000000,1114.310000.
 <2023-11-21 21:27:24> Line: 473, ErrNum: 0, slab_nums=170,,m_para[0~5]=1160.110000,1161.040000,39469.000000,1097.830000,0.000000,1114.570000.
 <2023-11-21 21:27:24> Line: 473, ErrNum: 0, slab_nums=171,,m_para[0~5]=1160.110000,1161.040000,39469.000000,1097.860000,0.000000,1114.890000.
 <2023-11-21 21:27:24> Line: 473, ErrNum: 0, slab_nums=172,,m_para[0~5]=1160.110000,1161.040000,39469.000000,1097.890000,0.000000,1115.210000.
 <2023-11-21 21:27:24> Line: 473, ErrNum: 0, slab_nums=173,,m_para[0~5]=1160.110000,1161.040000,39469.000000,1097.850000,0.000000,1115.320000.
 <2023-11-21 21:27:24> Line: 473, ErrNum: 0, slab_nums=174,,m_para[0~5]=1160.110000,1161.040000,40070.000000,1097.820000,0.000000,1115.450000.
 <2023-11-21 21:27:24> Line: 473, ErrNum: 0, slab_nums=175,,m_para[0~5]=1160.110000,1161.040000,40671.000000,1097.830000,0.000000,1115.710000.
 <2023-11-21 21:27:24> Line: 473, ErrNum: 0, slab_nums=176,,m_para[0~5]=1160.110000,1161.040000,40671.000000,1097.850000,0.000000,1115.890000.
 <2023-11-21 21:27:24> Line: 473, ErrNum: 0, slab_nums=177,,m_para[0~5]=1160.110000,1161.040000,40671.000000,1097.920000,0.000000,1116.240000.
 <2023-11-21 21:27:24> Line: 473, ErrNum: 0, slab_nums=178,,m_para[0~5]=1160.110000,1161.040000,40671.000000,1097.960000,0.000000,1116.430000.
 <2023-11-21 21:27:24> Line: 473, ErrNum: 0, slab_nums=179,,m_para[0~5]=1160.110000,1161.040000,41273.000000,1097.970000,0.000000,1116.660000.
 <2023-11-21 21:27:24> Line: 473, ErrNum: 0, slab_nums=180,,m_para[0~5]=1160.110000,1161.040000,41615.000000,1097.910000,0.000000,1116.830000.
 <2023-11-21 21:27:24> Line: 473, ErrNum: 0, slab_nums=181,,m_para[0~5]=1160.110000,1161.040000,41615.000000,1097.860000,0.000000,1117.020000.
 <2023-11-21 21:27:24> Line: 473, ErrNum: 0, slab_nums=182,,m_para[0~5]=1160.110000,1161.040000,41615.000000,1097.770000,0.000000,1117.090000.
 <2023-11-21 21:27:24> Line: 473, ErrNum: 0, slab_nums=183,,m_para[0~5]=1160.110000,1161.040000,41615.000000,1097.750000,0.000000,1117.290000.
 <2023-11-21 21:27:24> Line: 491, ErrNum: 0, dup[1]=68,dup[2]=107,dup[3]=151,dup[4]=1.
 <2023-11-21 21:27:24> Line: 530, ErrNum: 0, 老系统数据....................
 <2023-11-21 21:27:24> Line: 592, ErrNum: 0, slab_nums=0,pos=699, m_old_para[slab_nums][3]=617.000000.
 <2023-11-21 21:27:24> Line: 592, ErrNum: 0, slab_nums=1,pos=699, m_old_para[slab_nums][3]=619.000000.
 <2023-11-21 21:27:24> Line: 592, ErrNum: 0, slab_nums=2,pos=699, m_old_para[slab_nums][3]=621.000000.
 <2023-11-21 21:27:24> Line: 592, ErrNum: 0, slab_nums=3,pos=699, m_old_para[slab_nums][3]=624.000000.
 <2023-11-21 21:27:24> Line: 592, ErrNum: 0, slab_nums=4,pos=699, m_old_para[slab_nums][3]=626.000000.
 <2023-11-21 21:27:24> Line: 592, ErrNum: 0, slab_nums=5,pos=1300, m_old_para[slab_nums][3]=628.000000.
 <2023-11-21 21:27:24> Line: 592, ErrNum: 0, slab_nums=6,pos=1901, m_old_para[slab_nums][3]=630.000000.
 <2023-11-21 21:27:24> Line: 592, ErrNum: 0, slab_nums=7,pos=1901, m_old_para[slab_nums][3]=632.000000.
 <2023-11-21 21:27:24> Line: 592, ErrNum: 0, slab_nums=8,pos=1901, m_old_para[slab_nums][3]=634.000000.
 <2023-11-21 21:27:24> Line: 592, ErrNum: 0, slab_nums=9,pos=2503, m_old_para[slab_nums][3]=636.000000.
 <2023-11-21 21:27:24> Line: 592, ErrNum: 0, slab_nums=10,pos=2786, m_old_para[slab_nums][3]=638.000000.
 <2023-11-21 21:27:24> Line: 592, ErrNum: 0, slab_nums=11,pos=2786, m_old_para[slab_nums][3]=640.000000.
 <2023-11-21 21:27:24> Line: 592, ErrNum: 0, slab_nums=12,pos=2786, m_old_para[slab_nums][3]=642.000000.
 <2023-11-21 21:27:24> Line: 592, ErrNum: 0, slab_nums=13,pos=2786, m_old_para[slab_nums][3]=643.000000.
 <2023-11-21 21:27:24> Line: 592, ErrNum: 0, slab_nums=14,pos=2786, m_old_para[slab_nums][3]=645.000000.
 <2023-11-21 21:27:24> Line: 592, ErrNum: 0, slab_nums=15,pos=2786, m_old_para[slab_nums][3]=647.000000.
 <2023-11-21 21:27:24> Line: 592, ErrNum: 0, slab_nums=16,pos=3387, m_old_para[slab_nums][3]=648.000000.
 <2023-11-21 21:27:24> Line: 592, ErrNum: 0, slab_nums=17,pos=3988, m_old_para[slab_nums][3]=650.000000.
 <2023-11-21 21:27:24> Line: 592, ErrNum: 0, slab_nums=18,pos=3988, m_old_para[slab_nums][3]=652.000000.
 <2023-11-21 21:27:24> Line: 592, ErrNum: 0, slab_nums=19,pos=4339, m_old_para[slab_nums][3]=654.000000.
 <2023-11-21 21:27:24> Line: 592, ErrNum: 0, slab_nums=20,pos=4339, m_old_para[slab_nums][3]=656.000000.
 <2023-11-21 21:27:24> Line: 592, ErrNum: 0, slab_nums=21,pos=4339, m_old_para[slab_nums][3]=657.000000.
 <2023-11-21 21:27:24> Line: 592, ErrNum: 0, slab_nums=22,pos=4339, m_old_para[slab_nums][3]=659.000000.
 <2023-11-21 21:27:24> Line: 592, ErrNum: 0, slab_nums=23,pos=4940, m_old_para[slab_nums][3]=661.000000.
 <2023-11-21 21:27:24> Line: 592, ErrNum: 0, slab_nums=24,pos=5541, m_old_para[slab_nums][3]=663.000000.
 <2023-11-21 21:27:24> Line: 592, ErrNum: 0, slab_nums=25,pos=5999, m_old_para[slab_nums][3]=665.000000.
 <2023-11-21 21:27:24> Line: 592, ErrNum: 0, slab_nums=26,pos=5999, m_old_para[slab_nums][3]=667.000000.
 <2023-11-21 21:27:24> Line: 592, ErrNum: 0, slab_nums=27,pos=5999, m_old_para[slab_nums][3]=670.000000.
 <2023-11-21 21:27:24> Line: 592, ErrNum: 0, slab_nums=28,pos=6600, m_old_para[slab_nums][3]=672.000000.
 <2023-11-21 21:27:24> Line: 592, ErrNum: 0, slab_nums=29,pos=7201, m_old_para[slab_nums][3]=674.000000.
 <2023-11-21 21:27:24> Line: 592, ErrNum: 0, slab_nums=30,pos=7201, m_old_para[slab_nums][3]=676.000000.
 <2023-11-21 21:27:24> Line: 592, ErrNum: 0, slab_nums=31,pos=7201, m_old_para[slab_nums][3]=678.000000.
 <2023-11-21 21:27:24> Line: 592, ErrNum: 0, slab_nums=32,pos=7201, m_old_para[slab_nums][3]=679.000000.
 <2023-11-21 21:27:24> Line: 592, ErrNum: 0, slab_nums=33,pos=7201, m_old_para[slab_nums][3]=681.000000.
 <2023-11-21 21:27:24> Line: 592, ErrNum: 0, slab_nums=34,pos=7802, m_old_para[slab_nums][3]=685.000000.
 <2023-11-21 21:27:24> Line: 592, ErrNum: 0, slab_nums=35,pos=8403, m_old_para[slab_nums][3]=690.000000.
 <2023-11-21 21:27:24> Line: 592, ErrNum: 0, slab_nums=36,pos=8403, m_old_para[slab_nums][3]=694.000000.
 <2023-11-21 21:27:24> Line: 592, ErrNum: 0, slab_nums=37,pos=8403, m_old_para[slab_nums][3]=698.000000.
 <2023-11-21 21:27:24> Line: 592, ErrNum: 0, slab_nums=38,pos=8403, m_old_para[slab_nums][3]=702.000000.
 <2023-11-21 21:27:24> Line: 592, ErrNum: 0, slab_nums=39,pos=9606, m_old_para[slab_nums][3]=707.000000.
 <2023-11-21 21:27:24> Line: 592, ErrNum: 0, slab_nums=40,pos=9606, m_old_para[slab_nums][3]=712.000000.
 <2023-11-21 21:27:24> Line: 592, ErrNum: 0, slab_nums=41,pos=9606, m_old_para[slab_nums][3]=717.000000.
 <2023-11-21 21:27:24> Line: 592, ErrNum: 0, slab_nums=42,pos=9606, m_old_para[slab_nums][3]=721.000000.
 <2023-11-21 21:27:24> Line: 592, ErrNum: 0, slab_nums=43,pos=9606, m_old_para[slab_nums][3]=726.000000.
 <2023-11-21 21:27:24> Line: 592, ErrNum: 0, slab_nums=44,pos=10207, m_old_para[slab_nums][3]=730.000000.
 <2023-11-21 21:27:24> Line: 592, ErrNum: 0, slab_nums=45,pos=11118, m_old_para[slab_nums][3]=734.000000.
 <2023-11-21 21:27:24> Line: 592, ErrNum: 0, slab_nums=46,pos=11118, m_old_para[slab_nums][3]=738.000000.
 <2023-11-21 21:27:24> Line: 592, ErrNum: 0, slab_nums=47,pos=11118, m_old_para[slab_nums][3]=742.000000.
 <2023-11-21 21:27:24> Line: 592, ErrNum: 0, slab_nums=48,pos=11719, m_old_para[slab_nums][3]=746.000000.
 <2023-11-21 21:27:24> Line: 592, ErrNum: 0, slab_nums=49,pos=12320, m_old_para[slab_nums][3]=750.000000.
 <2023-11-21 21:27:24> Line: 592, ErrNum: 0, slab_nums=50,pos=12320, m_old_para[slab_nums][3]=754.000000.
 <2023-11-21 21:27:24> Line: 592, ErrNum: 0, slab_nums=51,pos=12320, m_old_para[slab_nums][3]=758.000000.
 <2023-11-21 21:27:24> Line: 592, ErrNum: 0, slab_nums=52,pos=12320, m_old_para[slab_nums][3]=762.000000.
 <2023-11-21 21:27:24> Line: 592, ErrNum: 0, slab_nums=53,pos=12921, m_old_para[slab_nums][3]=763.000000.
 <2023-11-21 21:27:24> Line: 592, ErrNum: 0, slab_nums=54,pos=13523, m_old_para[slab_nums][3]=768.000000.
 <2023-11-21 21:27:24> Line: 592, ErrNum: 0, slab_nums=55,pos=13523, m_old_para[slab_nums][3]=772.000000.
 <2023-11-21 21:27:24> Line: 592, ErrNum: 0, slab_nums=56,pos=13523, m_old_para[slab_nums][3]=775.000000.
 <2023-11-21 21:27:24> Line: 592, ErrNum: 0, slab_nums=57,pos=13523, m_old_para[slab_nums][3]=779.000000.
 <2023-11-21 21:27:24> Line: 592, ErrNum: 0, slab_nums=58,pos=13523, m_old_para[slab_nums][3]=783.000000.
 <2023-11-21 21:27:24> Line: 592, ErrNum: 0, slab_nums=59,pos=14726, m_old_para[slab_nums][3]=789.000000.
 <2023-11-21 21:27:24> Line: 592, ErrNum: 0, slab_nums=60,pos=14726, m_old_para[slab_nums][3]=795.000000.
 <2023-11-21 21:27:24> Line: 592, ErrNum: 0, slab_nums=61,pos=14726, m_old_para[slab_nums][3]=801.000000.
 <2023-11-21 21:27:24> Line: 592, ErrNum: 0, slab_nums=62,pos=14726, m_old_para[slab_nums][3]=807.000000.
 <2023-11-21 21:27:24> Line: 592, ErrNum: 0, slab_nums=63,pos=15327, m_old_para[slab_nums][3]=812.000000.
 <2023-11-21 21:27:24> Line: 592, ErrNum: 0, slab_nums=64,pos=15928, m_old_para[slab_nums][3]=820.000000.
 <2023-11-21 21:27:24> Line: 592, ErrNum: 0, slab_nums=65,pos=15928, m_old_para[slab_nums][3]=827.000000.
 <2023-11-21 21:27:24> Line: 592, ErrNum: 0, slab_nums=66,pos=15928, m_old_para[slab_nums][3]=833.000000.
 <2023-11-21 21:27:24> Line: 592, ErrNum: 0, slab_nums=67,pos=15928, m_old_para[slab_nums][3]=840.000000.
 <2023-11-21 21:27:24> Line: 592, ErrNum: 0, slab_nums=68,pos=16530, m_old_para[slab_nums][3]=846.000000.
 <2023-11-21 21:27:24> Line: 592, ErrNum: 0, slab_nums=69,pos=17130, m_old_para[slab_nums][3]=851.000000.
 <2023-11-21 21:27:24> Line: 592, ErrNum: 0, slab_nums=70,pos=17461, m_old_para[slab_nums][3]=856.000000.
 <2023-11-21 21:27:24> Line: 592, ErrNum: 0, slab_nums=71,pos=17461, m_old_para[slab_nums][3]=861.000000.
 <2023-11-21 21:27:24> Line: 592, ErrNum: 0, slab_nums=72,pos=17461, m_old_para[slab_nums][3]=866.000000.
 <2023-11-21 21:27:24> Line: 592, ErrNum: 0, slab_nums=73,pos=18063, m_old_para[slab_nums][3]=872.000000.
 <2023-11-21 21:27:24> Line: 592, ErrNum: 0, slab_nums=74,pos=18495, m_old_para[slab_nums][3]=878.000000.
 <2023-11-21 21:27:24> Line: 592, ErrNum: 0, slab_nums=75,pos=18495, m_old_para[slab_nums][3]=883.000000.
 <2023-11-21 21:27:24> Line: 592, ErrNum: 0, slab_nums=76,pos=18495, m_old_para[slab_nums][3]=889.000000.
 <2023-11-21 21:27:24> Line: 592, ErrNum: 0, slab_nums=77,pos=18495, m_old_para[slab_nums][3]=895.000000.
 <2023-11-21 21:27:24> Line: 592, ErrNum: 0, slab_nums=78,pos=19096, m_old_para[slab_nums][3]=901.000000.
 <2023-11-21 21:27:24> Line: 592, ErrNum: 0, slab_nums=79,pos=19698, m_old_para[slab_nums][3]=907.000000.
 <2023-11-21 21:27:24> Line: 592, ErrNum: 0, slab_nums=80,pos=19698, m_old_para[slab_nums][3]=913.000000.
 <2023-11-21 21:27:24> Line: 592, ErrNum: 0, slab_nums=81,pos=19698, m_old_para[slab_nums][3]=919.000000.
 <2023-11-21 21:27:24> Line: 592, ErrNum: 0, slab_nums=82,pos=19698, m_old_para[slab_nums][3]=925.000000.
 <2023-11-21 21:27:24> Line: 592, ErrNum: 0, slab_nums=83,pos=20299, m_old_para[slab_nums][3]=931.000000.
 <2023-11-21 21:27:24> Line: 592, ErrNum: 0, slab_nums=84,pos=20901, m_old_para[slab_nums][3]=937.000000.
 <2023-11-21 21:27:24> Line: 592, ErrNum: 0, slab_nums=85,pos=20901, m_old_para[slab_nums][3]=942.000000.
 <2023-11-21 21:27:24> Line: 592, ErrNum: 0, slab_nums=86,pos=20901, m_old_para[slab_nums][3]=947.000000.
 <2023-11-21 21:27:24> Line: 592, ErrNum: 0, slab_nums=87,pos=20901, m_old_para[slab_nums][3]=952.000000.
 <2023-11-21 21:27:24> Line: 592, ErrNum: 0, slab_nums=88,pos=20901, m_old_para[slab_nums][3]=958.000000.
 <2023-11-21 21:27:24> Line: 592, ErrNum: 0, slab_nums=89,pos=21502, m_old_para[slab_nums][3]=963.000000.
 <2023-11-21 21:27:24> Line: 592, ErrNum: 0, slab_nums=90,pos=22103, m_old_para[slab_nums][3]=962.000000.
 <2023-11-21 21:27:24> Line: 592, ErrNum: 0, slab_nums=91,pos=22484, m_old_para[slab_nums][3]=968.000000.
 <2023-11-21 21:27:24> Line: 592, ErrNum: 0, slab_nums=92,pos=22484, m_old_para[slab_nums][3]=974.000000.
 <2023-11-21 21:27:24> Line: 592, ErrNum: 0, slab_nums=93,pos=22484, m_old_para[slab_nums][3]=980.000000.
 <2023-11-21 21:27:24> Line: 592, ErrNum: 0, slab_nums=94,pos=23085, m_old_para[slab_nums][3]=986.000000.
 <2023-11-21 21:27:24> Line: 592, ErrNum: 0, slab_nums=95,pos=23688, m_old_para[slab_nums][3]=992.000000.
 <2023-11-21 21:27:24> Line: 592, ErrNum: 0, slab_nums=96,pos=23688, m_old_para[slab_nums][3]=997.000000.
 <2023-11-21 21:27:24> Line: 592, ErrNum: 0, slab_nums=97,pos=23688, m_old_para[slab_nums][3]=1003.000000.
 <2023-11-21 21:27:24> Line: 592, ErrNum: 0, slab_nums=98,pos=23688, m_old_para[slab_nums][3]=1008.000000.
 <2023-11-21 21:27:24> Line: 592, ErrNum: 0, slab_nums=99,pos=24290, m_old_para[slab_nums][3]=1014.000000.
 <2023-11-21 21:27:24> Line: 592, ErrNum: 0, slab_nums=100,pos=24290, m_old_para[slab_nums][3]=1019.000000.
 <2023-11-21 21:27:24> Line: 592, ErrNum: 0, slab_nums=101,pos=24877, m_old_para[slab_nums][3]=1026.000000.
 <2023-11-21 21:27:24> Line: 592, ErrNum: 0, slab_nums=102,pos=24877, m_old_para[slab_nums][3]=1033.000000.
 <2023-11-21 21:27:24> Line: 592, ErrNum: 0, slab_nums=103,pos=24877, m_old_para[slab_nums][3]=1039.000000.
 <2023-11-21 21:27:24> Line: 592, ErrNum: 0, slab_nums=104,pos=25479, m_old_para[slab_nums][3]=1046.000000.
 <2023-11-21 21:27:24> Line: 592, ErrNum: 0, slab_nums=105,pos=25479, m_old_para[slab_nums][3]=1052.000000.
 <2023-11-21 21:27:24> Line: 592, ErrNum: 0, slab_nums=106,pos=26080, m_old_para[slab_nums][3]=1058.000000.
 <2023-11-21 21:27:24> Line: 592, ErrNum: 0, slab_nums=107,pos=26080, m_old_para[slab_nums][3]=1065.000000.
 <2023-11-21 21:27:24> Line: 592, ErrNum: 0, slab_nums=108,pos=26080, m_old_para[slab_nums][3]=1071.000000.
 <2023-11-21 21:27:24> Line: 592, ErrNum: 0, slab_nums=109,pos=26681, m_old_para[slab_nums][3]=1077.000000.
 <2023-11-21 21:27:24> Line: 592, ErrNum: 0, slab_nums=110,pos=26681, m_old_para[slab_nums][3]=1083.000000.
 <2023-11-21 21:27:24> Line: 592, ErrNum: 0, slab_nums=111,pos=27282, m_old_para[slab_nums][3]=1089.000000.
 <2023-11-21 21:27:24> Line: 592, ErrNum: 0, slab_nums=112,pos=27282, m_old_para[slab_nums][3]=1095.000000.
 <2023-11-21 21:27:24> Line: 592, ErrNum: 0, slab_nums=113,pos=27282, m_old_para[slab_nums][3]=1101.000000.
 <2023-11-21 21:27:24> Line: 592, ErrNum: 0, slab_nums=114,pos=27282, m_old_para[slab_nums][3]=1107.000000.
 <2023-11-21 21:27:24> Line: 592, ErrNum: 0, slab_nums=115,pos=27883, m_old_para[slab_nums][3]=1112.000000.
 <2023-11-21 21:27:24> Line: 592, ErrNum: 0, slab_nums=116,pos=28384, m_old_para[slab_nums][3]=1118.000000.
 <2023-11-21 21:27:24> Line: 592, ErrNum: 0, slab_nums=117,pos=28384, m_old_para[slab_nums][3]=1124.000000.
 <2023-11-21 21:27:24> Line: 592, ErrNum: 0, slab_nums=118,pos=28384, m_old_para[slab_nums][3]=1129.000000.
 <2023-11-21 21:27:24> Line: 592, ErrNum: 0, slab_nums=119,pos=28384, m_old_para[slab_nums][3]=1131.000000.
 <2023-11-21 21:27:24> Line: 592, ErrNum: 0, slab_nums=120,pos=28384, m_old_para[slab_nums][3]=1130.000000.
 <2023-11-21 21:27:24> Line: 592, ErrNum: 0, slab_nums=121,pos=28384, m_old_para[slab_nums][3]=1131.000000.
 <2023-11-21 21:27:24> Line: 592, ErrNum: 0, slab_nums=122,pos=28384, m_old_para[slab_nums][3]=1129.000000.
 <2023-11-21 21:27:24> Line: 592, ErrNum: 0, slab_nums=123,pos=28384, m_old_para[slab_nums][3]=1129.000000.
 <2023-11-21 21:27:24> Line: 592, ErrNum: 0, slab_nums=124,pos=28985, m_old_para[slab_nums][3]=1131.000000.
 <2023-11-21 21:27:24> Line: 592, ErrNum: 0, slab_nums=125,pos=28985, m_old_para[slab_nums][3]=1132.000000.
 <2023-11-21 21:27:24> Line: 592, ErrNum: 0, slab_nums=126,pos=29434, m_old_para[slab_nums][3]=1133.000000.
 <2023-11-21 21:27:24> Line: 592, ErrNum: 0, slab_nums=127,pos=29434, m_old_para[slab_nums][3]=1134.000000.
 <2023-11-21 21:27:24> Line: 592, ErrNum: 0, slab_nums=128,pos=30035, m_old_para[slab_nums][3]=1135.000000.
 <2023-11-21 21:27:24> Line: 592, ErrNum: 0, slab_nums=129,pos=30035, m_old_para[slab_nums][3]=1136.000000.
 <2023-11-21 21:27:24> Line: 592, ErrNum: 0, slab_nums=130,pos=30568, m_old_para[slab_nums][3]=1135.000000.
 <2023-11-21 21:27:24> Line: 592, ErrNum: 0, slab_nums=131,pos=30568, m_old_para[slab_nums][3]=1135.000000.
 <2023-11-21 21:27:24> Line: 592, ErrNum: 0, slab_nums=132,pos=30568, m_old_para[slab_nums][3]=1136.000000.
 <2023-11-21 21:27:24> Line: 592, ErrNum: 0, slab_nums=133,pos=31169, m_old_para[slab_nums][3]=1136.000000.
 <2023-11-21 21:27:24> Line: 592, ErrNum: 0, slab_nums=134,pos=31169, m_old_para[slab_nums][3]=1136.000000.
 <2023-11-21 21:27:24> Line: 592, ErrNum: 0, slab_nums=135,pos=31756, m_old_para[slab_nums][3]=1137.000000.
 <2023-11-21 21:27:24> Line: 592, ErrNum: 0, slab_nums=136,pos=31756, m_old_para[slab_nums][3]=1137.000000.
 <2023-11-21 21:27:24> Line: 592, ErrNum: 0, slab_nums=137,pos=31756, m_old_para[slab_nums][3]=1137.000000.
 <2023-11-21 21:27:24> Line: 592, ErrNum: 0, slab_nums=138,pos=31756, m_old_para[slab_nums][3]=1137.000000.
 <2023-11-21 21:27:24> Line: 592, ErrNum: 0, slab_nums=139,pos=32357, m_old_para[slab_nums][3]=1138.000000.
 <2023-11-21 21:27:24> Line: 592, ErrNum: 0, slab_nums=140,pos=32940, m_old_para[slab_nums][3]=1139.000000.
 <2023-11-21 21:27:24> Line: 592, ErrNum: 0, slab_nums=141,pos=32940, m_old_para[slab_nums][3]=1139.000000.
 <2023-11-21 21:27:24> Line: 592, ErrNum: 0, slab_nums=142,pos=32940, m_old_para[slab_nums][3]=1138.000000.
 <2023-11-21 21:27:24> Line: 592, ErrNum: 0, slab_nums=143,pos=32940, m_old_para[slab_nums][3]=1137.000000.
 <2023-11-21 21:27:24> Line: 592, ErrNum: 0, slab_nums=144,pos=32940, m_old_para[slab_nums][3]=1137.000000.
 <2023-11-21 21:27:24> Line: 592, ErrNum: 0, slab_nums=145,pos=33541, m_old_para[slab_nums][3]=1138.000000.
 <2023-11-21 21:27:24> Line: 592, ErrNum: 0, slab_nums=146,pos=33541, m_old_para[slab_nums][3]=1138.000000.
 <2023-11-21 21:27:24> Line: 592, ErrNum: 0, slab_nums=147,pos=34042, m_old_para[slab_nums][3]=1133.000000.
 <2023-11-21 21:27:24> Line: 592, ErrNum: 0, slab_nums=148,pos=34042, m_old_para[slab_nums][3]=1132.000000.
 <2023-11-21 21:27:24> Line: 592, ErrNum: 0, slab_nums=149,pos=34042, m_old_para[slab_nums][3]=1130.000000.
 <2023-11-21 21:27:24> Line: 592, ErrNum: 0, slab_nums=150,pos=34042, m_old_para[slab_nums][3]=1129.000000.
 <2023-11-21 21:27:24> Line: 592, ErrNum: 0, slab_nums=151,pos=34643, m_old_para[slab_nums][3]=1127.000000.
 <2023-11-21 21:27:24> Line: 592, ErrNum: 0, slab_nums=152,pos=35245, m_old_para[slab_nums][3]=1126.000000.
 <2023-11-21 21:27:24> Line: 592, ErrNum: 0, slab_nums=153,pos=35802, m_old_para[slab_nums][3]=1126.000000.
 <2023-11-21 21:27:24> Line: 592, ErrNum: 0, slab_nums=154,pos=35802, m_old_para[slab_nums][3]=1125.000000.
 <2023-11-21 21:27:24> Line: 592, ErrNum: 0, slab_nums=155,pos=35802, m_old_para[slab_nums][3]=1124.000000.
 <2023-11-21 21:27:24> Line: 592, ErrNum: 0, slab_nums=156,pos=36404, m_old_para[slab_nums][3]=1124.000000.
 <2023-11-21 21:27:24> Line: 592, ErrNum: 0, slab_nums=157,pos=37006, m_old_para[slab_nums][3]=1123.000000.
 <2023-11-21 21:27:24> Line: 592, ErrNum: 0, slab_nums=158,pos=37607, m_old_para[slab_nums][3]=1123.000000.
 <2023-11-21 21:27:24> Line: 592, ErrNum: 0, slab_nums=159,pos=38209, m_old_para[slab_nums][3]=1123.000000.
 <2023-11-21 21:27:24> Line: 592, ErrNum: 0, slab_nums=160,pos=38811, m_old_para[slab_nums][3]=1123.000000.
 <2023-11-21 21:27:24> Line: 592, ErrNum: 0, slab_nums=161,pos=38811, m_old_para[slab_nums][3]=1123.000000.
 <2023-11-21 21:27:24> Line: 592, ErrNum: 0, slab_nums=162,pos=38811, m_old_para[slab_nums][3]=1123.000000.
 <2023-11-21 21:27:24> Line: 592, ErrNum: 0, slab_nums=163,pos=38811, m_old_para[slab_nums][3]=1123.000000.
 <2023-11-21 21:27:24> Line: 592, ErrNum: 0, slab_nums=164,pos=39412, m_old_para[slab_nums][3]=1123.000000.
 <2023-11-21 21:27:24> Line: 592, ErrNum: 0, slab_nums=165,pos=39412, m_old_para[slab_nums][3]=1123.000000.
 <2023-11-21 21:27:24> Line: 592, ErrNum: 0, slab_nums=166,pos=39412, m_old_para[slab_nums][3]=1123.000000.
 <2023-11-21 21:27:24> Line: 592, ErrNum: 0, slab_nums=167,pos=39412, m_old_para[slab_nums][3]=1122.000000.
 <2023-11-21 21:27:24> Line: 592, ErrNum: 0, slab_nums=168,pos=40013, m_old_para[slab_nums][3]=1121.000000.
 <2023-11-21 21:27:24> Line: 592, ErrNum: 0, slab_nums=169,pos=40614, m_old_para[slab_nums][3]=1121.000000.
 <2023-11-21 21:27:24> Line: 592, ErrNum: 0, slab_nums=170,pos=40614, m_old_para[slab_nums][3]=1121.000000.
 <2023-11-21 21:27:24> Line: 592, ErrNum: 0, slab_nums=171,pos=40614, m_old_para[slab_nums][3]=1121.000000.
 <2023-11-21 21:27:24> Line: 592, ErrNum: 0, slab_nums=172,pos=40614, m_old_para[slab_nums][3]=1121.000000.
 <2023-11-21 21:27:24> Line: 592, ErrNum: 0, slab_nums=173,pos=40614, m_old_para[slab_nums][3]=1121.000000.
 <2023-11-21 21:27:24> Line: 592, ErrNum: 0, slab_nums=174,pos=40614, m_old_para[slab_nums][3]=1120.000000.
 <2023-11-21 21:27:24> Line: 592, ErrNum: 0, slab_nums=175,pos=41215, m_old_para[slab_nums][3]=1120.000000.
 <2023-11-21 21:27:24> Line: 592, ErrNum: 0, slab_nums=176,pos=41816, m_old_para[slab_nums][3]=1120.000000.
 <2023-11-21 21:27:24> Line: 592, ErrNum: 0, slab_nums=177,pos=41816, m_old_para[slab_nums][3]=1120.000000.
 <2023-11-21 21:27:24> Line: 592, ErrNum: 0, slab_nums=178,pos=41816, m_old_para[slab_nums][3]=1120.000000.
 <2023-11-21 21:27:24> Line: 592, ErrNum: 0, slab_nums=179,pos=41816, m_old_para[slab_nums][3]=1120.000000.
 <2023-11-21 21:27:24> Line: 592, ErrNum: 0, slab_nums=180,pos=42418, m_old_para[slab_nums][3]=1119.000000.
 <2023-11-21 21:27:24> Line: 648, ErrNum: 0, 调用Tempcalc,传入参数: WX=0, cnt=184, m=6,matcode=5,fceno=1,thk=0.230000,chargetemp=137.960000,COFIX_REC=1.000000,COFIX_PRE=1.000000,COFIX_HEAT1=1.000000,COFIX_HEAT2=1.000000,COFIX_SOAK=1.000000.
 <2023-11-21 21:27:30> Line: 658, ErrNum: 0, 调用Tempcalc后,m_para[0][4]=0.000000.
 <2023-11-21 21:27:30> Line: 658, ErrNum: 0, 调用Tempcalc后,m_para[1][4]=145.032320.
 <2023-11-21 21:27:30> Line: 658, ErrNum: 0, 调用Tempcalc后,m_para[2][4]=152.366149.
 <2023-11-21 21:27:30> Line: 658, ErrNum: 0, 调用Tempcalc后,m_para[3][4]=159.481438.
 <2023-11-21 21:27:30> Line: 658, ErrNum: 0, 调用Tempcalc后,m_para[4][4]=166.670916.
 <2023-11-21 21:27:30> Line: 658, ErrNum: 0, 调用Tempcalc后,m_para[5][4]=174.585857.
 <2023-11-21 21:27:30> Line: 658, ErrNum: 0, 调用Tempcalc后,m_para[6][4]=182.515174.
 <2023-11-21 21:27:30> Line: 658, ErrNum: 0, 调用Tempcalc后,m_para[7][4]=190.319788.
 <2023-11-21 21:27:30> Line: 658, ErrNum: 0, 调用Tempcalc后,m_para[8][4]=198.721670.
 <2023-11-21 21:27:30> Line: 658, ErrNum: 0, 调用Tempcalc后,m_para[9][4]=207.520669.
 <2023-11-21 21:27:30> Line: 658, ErrNum: 0, 调用Tempcalc后,m_para[10][4]=216.238549.
 <2023-11-21 21:27:30> Line: 658, ErrNum: 0, 调用Tempcalc后,m_para[11][4]=224.775988.
 <2023-11-21 21:27:30> Line: 658, ErrNum: 0, 调用Tempcalc后,m_para[12][4]=233.214410.
 <2023-11-21 21:27:30> Line: 658, ErrNum: 0, 调用Tempcalc后,m_para[13][4]=241.607416.
 <2023-11-21 21:27:30> Line: 658, ErrNum: 0, 调用Tempcalc后,m_para[14][4]=249.895754.
 <2023-11-21 21:27:30> Line: 658, ErrNum: 0, 调用Tempcalc后,m_para[15][4]=258.890579.
 <2023-11-21 21:27:30> Line: 658, ErrNum: 0, 调用Tempcalc后,m_para[16][4]=268.735851.
 <2023-11-21 21:27:30> Line: 658, ErrNum: 0, 调用Tempcalc后,m_para[17][4]=278.278555.
 <2023-11-21 21:27:30> Line: 658, ErrNum: 0, 调用Tempcalc后,m_para[18][4]=287.614954.
 <2023-11-21 21:27:30> Line: 658, ErrNum: 0, 调用Tempcalc后,m_para[19][4]=296.845566.
 <2023-11-21 21:27:30> Line: 658, ErrNum: 0, 调用Tempcalc后,m_para[20][4]=305.992240.
 <2023-11-21 21:27:30> Line: 658, ErrNum: 0, 调用Tempcalc后,m_para[21][4]=314.955189.
 <2023-11-21 21:27:30> Line: 658, ErrNum: 0, 调用Tempcalc后,m_para[22][4]=324.454974.
 <2023-11-21 21:27:30> Line: 658, ErrNum: 0, 调用Tempcalc后,m_para[23][4]=334.621397.
 <2023-11-21 21:27:30> Line: 658, ErrNum: 0, 调用Tempcalc后,m_para[24][4]=345.323636.
 <2023-11-21 21:27:30> Line: 658, ErrNum: 0, 调用Tempcalc后,m_para[25][4]=355.845446.
 <2023-11-21 21:27:30> Line: 658, ErrNum: 0, 调用Tempcalc后,m_para[26][4]=365.972428.
 <2023-11-21 21:27:30> Line: 658, ErrNum: 0, 调用Tempcalc后,m_para[27][4]=376.518852.
 <2023-11-21 21:27:30> Line: 658, ErrNum: 0, 调用Tempcalc后,m_para[28][4]=387.592092.
 <2023-11-21 21:27:30> Line: 658, ErrNum: 0, 调用Tempcalc后,m_para[29][4]=398.383788.
 <2023-11-21 21:27:30> Line: 658, ErrNum: 0, 调用Tempcalc后,m_para[30][4]=408.715241.
 <2023-11-21 21:27:30> Line: 658, ErrNum: 0, 调用Tempcalc后,m_para[31][4]=418.621443.
 <2023-11-21 21:27:30> Line: 658, ErrNum: 0, 调用Tempcalc后,m_para[32][4]=428.233119.
 <2023-11-21 21:27:30> Line: 658, ErrNum: 0, 调用Tempcalc后,m_para[33][4]=438.296144.
 <2023-11-21 21:27:30> Line: 658, ErrNum: 0, 调用Tempcalc后,m_para[34][4]=448.947840.
 <2023-11-21 21:27:30> Line: 658, ErrNum: 0, 调用Tempcalc后,m_para[35][4]=459.287285.
 <2023-11-21 21:27:30> Line: 658, ErrNum: 0, 调用Tempcalc后,m_para[36][4]=469.202367.
 <2023-11-21 21:27:30> Line: 658, ErrNum: 0, 调用Tempcalc后,m_para[37][4]=488.020743.
 <2023-11-21 21:27:30> Line: 658, ErrNum: 0, 调用Tempcalc后,m_para[38][4]=506.323343.
 <2023-11-21 21:27:30> Line: 658, ErrNum: 0, 调用Tempcalc后,m_para[39][4]=523.604685.
 <2023-11-21 21:27:30> Line: 658, ErrNum: 0, 调用Tempcalc后,m_para[40][4]=540.156350.
 <2023-11-21 21:27:30> Line: 658, ErrNum: 0, 调用Tempcalc后,m_para[41][4]=555.965387.
 <2023-11-21 21:27:30> Line: 658, ErrNum: 0, 调用Tempcalc后,m_para[42][4]=571.070657.
 <2023-11-21 21:27:30> Line: 658, ErrNum: 0, 调用Tempcalc后,m_para[43][4]=585.551145.
 <2023-11-21 21:27:30> Line: 658, ErrNum: 0, 调用Tempcalc后,m_para[44][4]=599.456444.
 <2023-11-21 21:27:30> Line: 658, ErrNum: 0, 调用Tempcalc后,m_para[45][4]=612.805418.
 <2023-11-21 21:27:30> Line: 658, ErrNum: 0, 调用Tempcalc后,m_para[46][4]=625.615089.
 <2023-11-21 21:27:30> Line: 658, ErrNum: 0, 调用Tempcalc后,m_para[47][4]=637.917744.
 <2023-11-21 21:27:30> Line: 658, ErrNum: 0, 调用Tempcalc后,m_para[48][4]=649.745300.
 <2023-11-21 21:27:30> Line: 658, ErrNum: 0, 调用Tempcalc后,m_para[49][4]=661.130490.
 <2023-11-21 21:27:30> Line: 658, ErrNum: 0, 调用Tempcalc后,m_para[50][4]=672.104160.
 <2023-11-21 21:27:30> Line: 658, ErrNum: 0, 调用Tempcalc后,m_para[51][4]=682.694720.
 <2023-11-21 21:27:30> Line: 658, ErrNum: 0, 调用Tempcalc后,m_para[52][4]=692.745532.
 <2023-11-21 21:27:30> Line: 658, ErrNum: 0, 调用Tempcalc后,m_para[53][4]=702.507951.
 <2023-11-21 21:27:30> Line: 658, ErrNum: 0, 调用Tempcalc后,m_para[54][4]=711.988046.
 <2023-11-21 21:27:30> Line: 658, ErrNum: 0, 调用Tempcalc后,m_para[55][4]=721.194013.
 <2023-11-21 21:27:30> Line: 658, ErrNum: 0, 调用Tempcalc后,m_para[56][4]=730.137238.
 <2023-11-21 21:27:30> Line: 658, ErrNum: 0, 调用Tempcalc后,m_para[57][4]=738.830368.
 <2023-11-21 21:27:30> Line: 658, ErrNum: 0, 调用Tempcalc后,m_para[58][4]=747.286788.
 <2023-11-21 21:27:30> Line: 658, ErrNum: 0, 调用Tempcalc后,m_para[59][4]=755.519426.
 <2023-11-21 21:27:30> Line: 658, ErrNum: 0, 调用Tempcalc后,m_para[60][4]=763.542338.
 <2023-11-21 21:27:30> Line: 658, ErrNum: 0, 调用Tempcalc后,m_para[61][4]=771.371100.
 <2023-11-21 21:27:30> Line: 658, ErrNum: 0, 调用Tempcalc后,m_para[62][4]=779.022047.
 <2023-11-21 21:27:30> Line: 658, ErrNum: 0, 调用Tempcalc后,m_para[63][4]=786.511864.
 <2023-11-21 21:27:30> Line: 658, ErrNum: 0, 调用Tempcalc后,m_para[64][4]=793.859378.
 <2023-11-21 21:27:30> Line: 658, ErrNum: 0, 调用Tempcalc后,m_para[65][4]=801.084730.
 <2023-11-21 21:27:30> Line: 658, ErrNum: 0, 调用Tempcalc后,m_para[66][4]=808.207433.
 <2023-11-21 21:27:30> Line: 658, ErrNum: 0, 调用Tempcalc后,m_para[67][4]=815.243855.
 <2023-11-21 21:27:30> Line: 658, ErrNum: 0, 调用Tempcalc后,m_para[68][4]=824.612855.
 <2023-11-21 21:27:30> Line: 658, ErrNum: 0, 调用Tempcalc后,m_para[69][4]=833.468400.
 <2023-11-21 21:27:30> Line: 658, ErrNum: 0, 调用Tempcalc后,m_para[70][4]=841.927857.
 <2023-11-21 21:27:30> Line: 658, ErrNum: 0, 调用Tempcalc后,m_para[71][4]=850.117211.
 <2023-11-21 21:27:30> Line: 658, ErrNum: 0, 调用Tempcalc后,m_para[72][4]=858.089153.
 <2023-11-21 21:27:30> Line: 658, ErrNum: 0, 调用Tempcalc后,m_para[73][4]=865.875844.
 <2023-11-21 21:27:30> Line: 658, ErrNum: 0, 调用Tempcalc后,m_para[74][4]=873.496085.
 <2023-11-21 21:27:30> Line: 658, ErrNum: 0, 调用Tempcalc后,m_para[75][4]=880.958947.
 <2023-11-21 21:27:30> Line: 658, ErrNum: 0, 调用Tempcalc后,m_para[76][4]=888.267141.
 <2023-11-21 21:27:30> Line: 658, ErrNum: 0, 调用Tempcalc后,m_para[77][4]=895.428472.
 <2023-11-21 21:27:30> Line: 658, ErrNum: 0, 调用Tempcalc后,m_para[78][4]=902.457149.
 <2023-11-21 21:27:30> Line: 658, ErrNum: 0, 调用Tempcalc后,m_para[79][4]=909.370284.
 <2023-11-21 21:27:30> Line: 658, ErrNum: 0, 调用Tempcalc后,m_para[80][4]=916.182991.
 <2023-11-21 21:27:30> Line: 658, ErrNum: 0, 调用Tempcalc后,m_para[81][4]=922.905651.
 <2023-11-21 21:27:30> Line: 658, ErrNum: 0, 调用Tempcalc后,m_para[82][4]=929.537627.
 <2023-11-21 21:27:30> Line: 658, ErrNum: 0, 调用Tempcalc后,m_para[83][4]=936.080468.
 <2023-11-21 21:27:30> Line: 658, ErrNum: 0, 调用Tempcalc后,m_para[84][4]=942.533800.
 <2023-11-21 21:27:30> Line: 658, ErrNum: 0, 调用Tempcalc后,m_para[85][4]=948.895525.
 <2023-11-21 21:27:30> Line: 658, ErrNum: 0, 调用Tempcalc后,m_para[86][4]=955.162178.
 <2023-11-21 21:27:30> Line: 658, ErrNum: 0, 调用Tempcalc后,m_para[87][4]=961.316448.
 <2023-11-21 21:27:30> Line: 658, ErrNum: 0, 调用Tempcalc后,m_para[88][4]=967.350572.
 <2023-11-21 21:27:30> Line: 658, ErrNum: 0, 调用Tempcalc后,m_para[89][4]=972.728775.
 <2023-11-21 21:27:30> Line: 658, ErrNum: 0, 调用Tempcalc后,m_para[90][4]=978.081381.
 <2023-11-21 21:27:30> Line: 658, ErrNum: 0, 调用Tempcalc后,m_para[91][4]=983.377333.
 <2023-11-21 21:27:30> Line: 658, ErrNum: 0, 调用Tempcalc后,m_para[92][4]=988.587371.
 <2023-11-21 21:27:30> Line: 658, ErrNum: 0, 调用Tempcalc后,m_para[93][4]=993.698767.
 <2023-11-21 21:27:30> Line: 658, ErrNum: 0, 调用Tempcalc后,m_para[94][4]=998.704077.
 <2023-11-21 21:27:30> Line: 658, ErrNum: 0, 调用Tempcalc后,m_para[95][4]=1003.598751.
 <2023-11-21 21:27:30> Line: 658, ErrNum: 0, 调用Tempcalc后,m_para[96][4]=1008.380600.
 <2023-11-21 21:27:30> Line: 658, ErrNum: 0, 调用Tempcalc后,m_para[97][4]=1013.049031.
 <2023-11-21 21:27:30> Line: 658, ErrNum: 0, 调用Tempcalc后,m_para[98][4]=1017.604468.
 <2023-11-21 21:27:30> Line: 658, ErrNum: 0, 调用Tempcalc后,m_para[99][4]=1022.047993.
 <2023-11-21 21:27:30> Line: 658, ErrNum: 0, 调用Tempcalc后,m_para[100][4]=1026.381092.
 <2023-11-21 21:27:30> Line: 658, ErrNum: 0, 调用Tempcalc后,m_para[101][4]=1030.605452.
 <2023-11-21 21:27:30> Line: 658, ErrNum: 0, 调用Tempcalc后,m_para[102][4]=1034.722821.
 <2023-11-21 21:27:30> Line: 658, ErrNum: 0, 调用Tempcalc后,m_para[103][4]=1038.734992.
 <2023-11-21 21:27:30> Line: 658, ErrNum: 0, 调用Tempcalc后,m_para[104][4]=1042.643868.
 <2023-11-21 21:27:30> Line: 658, ErrNum: 0, 调用Tempcalc后,m_para[105][4]=1046.451442.
 <2023-11-21 21:27:30> Line: 658, ErrNum: 0, 调用Tempcalc后,m_para[106][4]=1050.159766.
 <2023-11-21 21:27:30> Line: 658, ErrNum: 0, 调用Tempcalc后,m_para[107][4]=1053.386452.
 <2023-11-21 21:27:30> Line: 658, ErrNum: 0, 调用Tempcalc后,m_para[108][4]=1056.585381.
 <2023-11-21 21:27:30> Line: 658, ErrNum: 0, 调用Tempcalc后,m_para[109][4]=1059.739576.
 <2023-11-21 21:27:30> Line: 658, ErrNum: 0, 调用Tempcalc后,m_para[110][4]=1062.831544.
 <2023-11-21 21:27:30> Line: 658, ErrNum: 0, 调用Tempcalc后,m_para[111][4]=1065.854974.
 <2023-11-21 21:27:30> Line: 658, ErrNum: 0, 调用Tempcalc后,m_para[112][4]=1068.807113.
 <2023-11-21 21:27:30> Line: 658, ErrNum: 0, 调用Tempcalc后,m_para[113][4]=1071.686834.
 <2023-11-21 21:27:30> Line: 658, ErrNum: 0, 调用Tempcalc后,m_para[114][4]=1074.493895.
 <2023-11-21 21:27:30> Line: 658, ErrNum: 0, 调用Tempcalc后,m_para[115][4]=1077.228591.
 <2023-11-21 21:27:30> Line: 658, ErrNum: 0, 调用Tempcalc后,m_para[116][4]=1079.891571.
 <2023-11-21 21:27:30> Line: 658, ErrNum: 0, 调用Tempcalc后,m_para[117][4]=1082.483727.
 <2023-11-21 21:27:30> Line: 658, ErrNum: 0, 调用Tempcalc后,m_para[118][4]=1085.006122.
 <2023-11-21 21:27:30> Line: 658, ErrNum: 0, 调用Tempcalc后,m_para[119][4]=1087.459943.
 <2023-11-21 21:27:30> Line: 658, ErrNum: 0, 调用Tempcalc后,m_para[120][4]=1089.846469.
 <2023-11-21 21:27:30> Line: 658, ErrNum: 0, 调用Tempcalc后,m_para[121][4]=1092.167047.
 <2023-11-21 21:27:30> Line: 658, ErrNum: 0, 调用Tempcalc后,m_para[122][4]=1094.423080.
 <2023-11-21 21:27:30> Line: 658, ErrNum: 0, 调用Tempcalc后,m_para[123][4]=1096.616003.
 <2023-11-21 21:27:30> Line: 658, ErrNum: 0, 调用Tempcalc后,m_para[124][4]=1098.747279.
 <2023-11-21 21:27:30> Line: 658, ErrNum: 0, 调用Tempcalc后,m_para[125][4]=1100.818383.
 <2023-11-21 21:27:30> Line: 658, ErrNum: 0, 调用Tempcalc后,m_para[126][4]=1102.830795.
 <2023-11-21 21:27:30> Line: 658, ErrNum: 0, 调用Tempcalc后,m_para[127][4]=1104.785998.
 <2023-11-21 21:27:30> Line: 658, ErrNum: 0, 调用Tempcalc后,m_para[128][4]=1106.685470.
 <2023-11-21 21:27:30> Line: 658, ErrNum: 0, 调用Tempcalc后,m_para[129][4]=1108.499794.
 <2023-11-21 21:27:30> Line: 658, ErrNum: 0, 调用Tempcalc后,m_para[130][4]=1110.267519.
 <2023-11-21 21:27:30> Line: 658, ErrNum: 0, 调用Tempcalc后,m_para[131][4]=1111.988275.
 <2023-11-21 21:27:30> Line: 658, ErrNum: 0, 调用Tempcalc后,m_para[132][4]=1113.661808.
 <2023-11-21 21:27:30> Line: 658, ErrNum: 0, 调用Tempcalc后,m_para[133][4]=1115.288784.
 <2023-11-21 21:27:30> Line: 658, ErrNum: 0, 调用Tempcalc后,m_para[134][4]=1116.870139.
 <2023-11-21 21:27:30> Line: 658, ErrNum: 0, 调用Tempcalc后,m_para[135][4]=1118.406927.
 <2023-11-21 21:27:30> Line: 658, ErrNum: 0, 调用Tempcalc后,m_para[136][4]=1119.900248.
 <2023-11-21 21:27:30> Line: 658, ErrNum: 0, 调用Tempcalc后,m_para[137][4]=1121.351222.
 <2023-11-21 21:27:30> Line: 658, ErrNum: 0, 调用Tempcalc后,m_para[138][4]=1122.760969.
 <2023-11-21 21:27:30> Line: 658, ErrNum: 0, 调用Tempcalc后,m_para[139][4]=1124.130599.
 <2023-11-21 21:27:30> Line: 658, ErrNum: 0, 调用Tempcalc后,m_para[140][4]=1125.461207.
 <2023-11-21 21:27:30> Line: 658, ErrNum: 0, 调用Tempcalc后,m_para[141][4]=1126.753871.
 <2023-11-21 21:27:30> Line: 658, ErrNum: 0, 调用Tempcalc后,m_para[142][4]=1128.009641.
 <2023-11-21 21:27:30> Line: 658, ErrNum: 0, 调用Tempcalc后,m_para[143][4]=1129.229548.
 <2023-11-21 21:27:30> Line: 658, ErrNum: 0, 调用Tempcalc后,m_para[144][4]=1130.414595.
 <2023-11-21 21:27:30> Line: 658, ErrNum: 0, 调用Tempcalc后,m_para[145][4]=1131.565757.
 <2023-11-21 21:27:30> Line: 658, ErrNum: 0, 调用Tempcalc后,m_para[146][4]=1132.683986.
 <2023-11-21 21:27:30> Line: 658, ErrNum: 0, 调用Tempcalc后,m_para[147][4]=1133.770204.
 <2023-11-21 21:27:30> Line: 658, ErrNum: 0, 调用Tempcalc后,m_para[148][4]=1134.825308.
 <2023-11-21 21:27:30> Line: 658, ErrNum: 0, 调用Tempcalc后,m_para[149][4]=1135.850168.
 <2023-11-21 21:27:30> Line: 658, ErrNum: 0, 调用Tempcalc后,m_para[150][4]=1136.845629.
 <2023-11-21 21:27:30> Line: 658, ErrNum: 0, 调用Tempcalc后,m_para[151][4]=1137.286672.
 <2023-11-21 21:27:30> Line: 658, ErrNum: 0, 调用Tempcalc后,m_para[152][4]=1137.778774.
 <2023-11-21 21:27:30> Line: 658, ErrNum: 0, 调用Tempcalc后,m_para[153][4]=1138.304268.
 <2023-11-21 21:27:30> Line: 658, ErrNum: 0, 调用Tempcalc后,m_para[154][4]=1138.839897.
 <2023-11-21 21:27:30> Line: 658, ErrNum: 0, 调用Tempcalc后,m_para[155][4]=1139.376222.
 <2023-11-21 21:27:30> Line: 658, ErrNum: 0, 调用Tempcalc后,m_para[156][4]=1139.908176.
 <2023-11-21 21:27:30> Line: 658, ErrNum: 0, 调用Tempcalc后,m_para[157][4]=1140.432704.
 <2023-11-21 21:27:30> Line: 658, ErrNum: 0, 调用Tempcalc后,m_para[158][4]=1140.947868.
 <2023-11-21 21:27:30> Line: 658, ErrNum: 0, 调用Tempcalc后,m_para[159][4]=1141.452417.
 <2023-11-21 21:27:30> Line: 658, ErrNum: 0, 调用Tempcalc后,m_para[160][4]=1141.945557.
 <2023-11-21 21:27:30> Line: 658, ErrNum: 0, 调用Tempcalc后,m_para[161][4]=1142.426814.
 <2023-11-21 21:27:30> Line: 658, ErrNum: 0, 调用Tempcalc后,m_para[162][4]=1142.895936.
 <2023-11-21 21:27:30> Line: 658, ErrNum: 0, 调用Tempcalc后,m_para[163][4]=1143.352832.
 <2023-11-21 21:27:30> Line: 658, ErrNum: 0, 调用Tempcalc后,m_para[164][4]=1143.797527.
 <2023-11-21 21:27:30> Line: 658, ErrNum: 0, 调用Tempcalc后,m_para[165][4]=1144.230127.
 <2023-11-21 21:27:30> Line: 658, ErrNum: 0, 调用Tempcalc后,m_para[166][4]=1144.650801.
 <2023-11-21 21:27:30> Line: 658, ErrNum: 0, 调用Tempcalc后,m_para[167][4]=1145.059753.
 <2023-11-21 21:27:30> Line: 658, ErrNum: 0, 调用Tempcalc后,m_para[168][4]=1145.425203.
 <2023-11-21 21:27:30> Line: 658, ErrNum: 0, 调用Tempcalc后,m_para[169][4]=1145.785095.
 <2023-11-21 21:27:30> Line: 658, ErrNum: 0, 调用Tempcalc后,m_para[170][4]=1146.138362.
 <2023-11-21 21:27:30> Line: 658, ErrNum: 0, 调用Tempcalc后,m_para[171][4]=1146.483666.
 <2023-11-21 21:27:30> Line: 658, ErrNum: 0, 调用Tempcalc后,m_para[172][4]=1146.820580.
 <2023-11-21 21:27:30> Line: 658, ErrNum: 0, 调用Tempcalc后,m_para[173][4]=1147.148970.
 <2023-11-21 21:27:30> Line: 658, ErrNum: 0, 调用Tempcalc后,m_para[174][4]=1147.468835.
 <2023-11-21 21:27:30> Line: 658, ErrNum: 0, 调用Tempcalc后,m_para[175][4]=1147.780252.
 <2023-11-21 21:27:30> Line: 658, ErrNum: 0, 调用Tempcalc后,m_para[176][4]=1148.083340.
 <2023-11-21 21:27:30> Line: 658, ErrNum: 0, 调用Tempcalc后,m_para[177][4]=1148.378244.
 <2023-11-21 21:27:30> Line: 658, ErrNum: 0, 调用Tempcalc后,m_para[178][4]=1148.665129.
 <2023-11-21 21:27:30> Line: 658, ErrNum: 0, 调用Tempcalc后,m_para[179][4]=1148.944170.
 <2023-11-21 21:27:30> Line: 658, ErrNum: 0, 调用Tempcalc后,m_para[180][4]=1149.215551.
 <2023-11-21 21:27:30> Line: 658, ErrNum: 0, 调用Tempcalc后,m_para[181][4]=1149.479455.
 <2023-11-21 21:27:30> Line: 658, ErrNum: 0, 调用Tempcalc后,m_para[182][4]=1149.736070.
 <2023-11-21 21:27:30> Line: 658, ErrNum: 0, 调用Tempcalc后,m_para[183][4]=1149.985582.
 <2023-11-21 21:27:36> Line: 716, ErrNum: 0, 点击再次生成按钮............
 <2023-11-21 21:27:36> Line: 648, ErrNum: 0, 调用Tempcalc,传入参数: WX=0, cnt=184, m=6,matcode=5,fceno=1,thk=0.230000,chargetemp=680.000000,COFIX_REC=1.000000,COFIX_PRE=1.000000,COFIX_HEAT1=1.000000,COFIX_HEAT2=1.000000,COFIX_SOAK=1.000000.
 <2023-11-21 21:27:41> Line: 658, ErrNum: 0, 调用Tempcalc后,m_para[0][4]=0.000000.
 <2023-11-21 21:27:41> Line: 658, ErrNum: 0, 调用Tempcalc后,m_para[1][4]=679.735747.
 <2023-11-21 21:27:41> Line: 658, ErrNum: 0, 调用Tempcalc后,m_para[2][4]=679.473940.
 <2023-11-21 21:27:41> Line: 658, ErrNum: 0, 调用Tempcalc后,m_para[3][4]=679.240980.
 <2023-11-21 21:27:41> Line: 658, ErrNum: 0, 调用Tempcalc后,m_para[4][4]=679.128351.
 <2023-11-21 21:27:41> Line: 658, ErrNum: 0, 调用Tempcalc后,m_para[5][4]=679.495905.
 <2023-11-21 21:27:41> Line: 658, ErrNum: 0, 调用Tempcalc后,m_para[6][4]=679.864360.
 <2023-11-21 21:27:41> Line: 658, ErrNum: 0, 调用Tempcalc后,m_para[7][4]=680.167141.
 <2023-11-21 21:27:41> Line: 658, ErrNum: 0, 调用Tempcalc后,m_para[8][4]=680.852054.
 <2023-11-21 21:27:41> Line: 658, ErrNum: 0, 调用Tempcalc后,m_para[9][4]=681.748962.
 <2023-11-21 21:27:41> Line: 658, ErrNum: 0, 调用Tempcalc后,m_para[10][4]=682.560821.
 <2023-11-21 21:27:41> Line: 658, ErrNum: 0, 调用Tempcalc后,m_para[11][4]=683.257004.
 <2023-11-21 21:27:41> Line: 658, ErrNum: 0, 调用Tempcalc后,m_para[12][4]=683.905961.
 <2023-11-21 21:27:41> Line: 658, ErrNum: 0, 调用Tempcalc后,m_para[13][4]=684.544568.
 <2023-11-21 21:27:41> Line: 658, ErrNum: 0, 调用Tempcalc后,m_para[14][4]=685.134725.
 <2023-11-21 21:27:41> Line: 658, ErrNum: 0, 调用Tempcalc后,m_para[15][4]=686.204271.
 <2023-11-21 21:27:41> Line: 658, ErrNum: 0, 调用Tempcalc后,m_para[16][4]=687.795309.
 <2023-11-21 21:27:41> Line: 658, ErrNum: 0, 调用Tempcalc后,m_para[17][4]=689.431172.
 <2023-11-21 21:27:41> Line: 658, ErrNum: 0, 调用Tempcalc后,m_para[18][4]=690.928134.
 <2023-11-21 21:27:41> Line: 658, ErrNum: 0, 调用Tempcalc后,m_para[19][4]=692.366637.
 <2023-11-21 21:27:41> Line: 658, ErrNum: 0, 调用Tempcalc后,m_para[20][4]=693.779314.
 <2023-11-21 21:27:41> Line: 658, ErrNum: 0, 调用Tempcalc后,m_para[21][4]=695.108966.
 <2023-11-21 21:27:41> Line: 658, ErrNum: 0, 调用Tempcalc后,m_para[22][4]=696.877167.
 <2023-11-21 21:27:41> Line: 658, ErrNum: 0, 调用Tempcalc后,m_para[23][4]=699.144250.
 <2023-11-21 21:27:41> Line: 658, ErrNum: 0, 调用Tempcalc后,m_para[24][4]=701.818464.
 <2023-11-21 21:27:41> Line: 658, ErrNum: 0, 调用Tempcalc后,m_para[25][4]=704.368850.
 <2023-11-21 21:27:41> Line: 658, ErrNum: 0, 调用Tempcalc后,m_para[26][4]=706.684251.
 <2023-11-21 21:27:41> Line: 658, ErrNum: 0, 调用Tempcalc后,m_para[27][4]=709.448980.
 <2023-11-21 21:27:41> Line: 658, ErrNum: 0, 调用Tempcalc后,m_para[28][4]=712.706474.
 <2023-11-21 21:27:41> Line: 658, ErrNum: 0, 调用Tempcalc后,m_para[29][4]=715.757852.
 <2023-11-21 21:27:41> Line: 658, ErrNum: 0, 调用Tempcalc后,m_para[30][4]=718.526792.
 <2023-11-21 21:27:41> Line: 658, ErrNum: 0, 调用Tempcalc后,m_para[31][4]=721.075676.
 <2023-11-21 21:27:41> Line: 658, ErrNum: 0, 调用Tempcalc后,m_para[32][4]=723.533766.
 <2023-11-21 21:27:41> Line: 658, ErrNum: 0, 调用Tempcalc后,m_para[33][4]=726.592527.
 <2023-11-21 21:27:41> Line: 658, ErrNum: 0, 调用Tempcalc后,m_para[34][4]=730.298698.
 <2023-11-21 21:27:41> Line: 658, ErrNum: 0, 调用Tempcalc后,m_para[35][4]=733.762436.
 <2023-11-21 21:27:41> Line: 658, ErrNum: 0, 调用Tempcalc后,m_para[36][4]=736.967043.
 <2023-11-21 21:27:41> Line: 658, ErrNum: 0, 调用Tempcalc后,m_para[37][4]=749.373213.
 <2023-11-21 21:27:41> Line: 658, ErrNum: 0, 调用Tempcalc后,m_para[38][4]=760.331164.
 <2023-11-21 21:27:41> Line: 658, ErrNum: 0, 调用Tempcalc后,m_para[39][4]=770.138937.
 <2023-11-21 21:27:41> Line: 658, ErrNum: 0, 调用Tempcalc后,m_para[40][4]=779.283471.
 <2023-11-21 21:27:41> Line: 658, ErrNum: 0, 调用Tempcalc后,m_para[41][4]=787.964000.
 <2023-11-21 21:27:41> Line: 658, ErrNum: 0, 调用Tempcalc后,m_para[42][4]=796.291035.
 <2023-11-21 21:27:41> Line: 658, ErrNum: 0, 调用Tempcalc后,m_para[43][4]=804.326454.
 <2023-11-21 21:27:41> Line: 658, ErrNum: 0, 调用Tempcalc后,m_para[44][4]=812.118950.
 <2023-11-21 21:27:41> Line: 658, ErrNum: 0, 调用Tempcalc后,m_para[45][4]=819.709962.
 <2023-11-21 21:27:41> Line: 658, ErrNum: 0, 调用Tempcalc后,m_para[46][4]=827.130004.
 <2023-11-21 21:27:41> Line: 658, ErrNum: 0, 调用Tempcalc后,m_para[47][4]=834.399114.
 <2023-11-21 21:27:41> Line: 658, ErrNum: 0, 调用Tempcalc后,m_para[48][4]=841.520898.
 <2023-11-21 21:27:41> Line: 658, ErrNum: 0, 调用Tempcalc后,m_para[49][4]=848.481889.
 <2023-11-21 21:27:41> Line: 658, ErrNum: 0, 调用Tempcalc后,m_para[50][4]=855.253055.
 <2023-11-21 21:27:41> Line: 658, ErrNum: 0, 调用Tempcalc后,m_para[51][4]=861.813014.
 <2023-11-21 21:27:41> Line: 658, ErrNum: 0, 调用Tempcalc后,m_para[52][4]=868.043538.
 <2023-11-21 21:27:41> Line: 658, ErrNum: 0, 调用Tempcalc后,m_para[53][4]=874.096566.
 <2023-11-21 21:27:41> Line: 658, ErrNum: 0, 调用Tempcalc后,m_para[54][4]=879.984968.
 <2023-11-21 21:27:41> Line: 658, ErrNum: 0, 调用Tempcalc后,m_para[55][4]=885.727814.
 <2023-11-21 21:27:41> Line: 658, ErrNum: 0, 调用Tempcalc后,m_para[56][4]=891.350149.
 <2023-11-21 21:27:41> Line: 658, ErrNum: 0, 调用Tempcalc后,m_para[57][4]=896.872327.
 <2023-11-21 21:27:41> Line: 658, ErrNum: 0, 调用Tempcalc后,m_para[58][4]=902.315374.
 <2023-11-21 21:27:41> Line: 658, ErrNum: 0, 调用Tempcalc后,m_para[59][4]=907.694281.
 <2023-11-21 21:27:41> Line: 658, ErrNum: 0, 调用Tempcalc后,m_para[60][4]=913.016862.
 <2023-11-21 21:27:41> Line: 658, ErrNum: 0, 调用Tempcalc后,m_para[61][4]=918.283294.
 <2023-11-21 21:27:41> Line: 658, ErrNum: 0, 调用Tempcalc后,m_para[62][4]=923.486444.
 <2023-11-21 21:27:41> Line: 658, ErrNum: 0, 调用Tempcalc后,m_para[63][4]=928.614570.
 <2023-11-21 21:27:41> Line: 658, ErrNum: 0, 调用Tempcalc后,m_para[64][4]=933.655080.
 <2023-11-21 21:27:41> Line: 658, ErrNum: 0, 调用Tempcalc后,m_para[65][4]=938.596351.
 <2023-11-21 21:27:41> Line: 658, ErrNum: 0, 调用Tempcalc后,m_para[66][4]=943.429191.
 <2023-11-21 21:27:41> Line: 658, ErrNum: 0, 调用Tempcalc后,m_para[67][4]=948.147613.
 <2023-11-21 21:27:41> Line: 658, ErrNum: 0, 调用Tempcalc后,m_para[68][4]=956.026383.
 <2023-11-21 21:27:41> Line: 658, ErrNum: 0, 调用Tempcalc后,m_para[69][4]=963.214743.
 <2023-11-21 21:27:41> Line: 658, ErrNum: 0, 调用Tempcalc后,m_para[70][4]=969.895915.
 <2023-11-21 21:27:41> Line: 658, ErrNum: 0, 调用Tempcalc后,m_para[71][4]=976.237936.
 <2023-11-21 21:27:41> Line: 658, ErrNum: 0, 调用Tempcalc后,m_para[72][4]=982.311153.
 <2023-11-21 21:27:41> Line: 658, ErrNum: 0, 调用Tempcalc后,m_para[73][4]=988.155215.
 <2023-11-21 21:27:41> Line: 658, ErrNum: 0, 调用Tempcalc后,m_para[74][4]=993.795622.
 <2023-11-21 21:27:41> Line: 658, ErrNum: 0, 调用Tempcalc后,m_para[75][4]=999.250169.
 <2023-11-21 21:27:41> Line: 658, ErrNum: 0, 调用Tempcalc后,m_para[76][4]=1004.532414.
 <2023-11-21 21:27:41> Line: 658, ErrNum: 0, 调用Tempcalc后,m_para[77][4]=1009.653258.
 <2023-11-21 21:27:41> Line: 658, ErrNum: 0, 调用Tempcalc后,m_para[78][4]=1014.621738.
 <2023-11-21 21:27:41> Line: 658, ErrNum: 0, 调用Tempcalc后,m_para[79][4]=1019.445375.
 <2023-11-21 21:27:41> Line: 658, ErrNum: 0, 调用Tempcalc后,m_para[80][4]=1024.130568.
 <2023-11-21 21:27:41> Line: 658, ErrNum: 0, 调用Tempcalc后,m_para[81][4]=1028.682864.
 <2023-11-21 21:27:41> Line: 658, ErrNum: 0, 调用Tempcalc后,m_para[82][4]=1033.107068.
 <2023-11-21 21:27:41> Line: 658, ErrNum: 0, 调用Tempcalc后,m_para[83][4]=1037.407403.
 <2023-11-21 21:27:41> Line: 658, ErrNum: 0, 调用Tempcalc后,m_para[84][4]=1041.587689.
 <2023-11-21 21:27:41> Line: 658, ErrNum: 0, 调用Tempcalc后,m_para[85][4]=1045.651423.
 <2023-11-21 21:27:41> Line: 658, ErrNum: 0, 调用Tempcalc后,m_para[86][4]=1049.601848.
 <2023-11-21 21:27:41> Line: 658, ErrNum: 0, 调用Tempcalc后,m_para[87][4]=1053.441993.
 <2023-11-21 21:27:41> Line: 658, ErrNum: 0, 调用Tempcalc后,m_para[88][4]=1057.174737.
 <2023-11-21 21:27:41> Line: 658, ErrNum: 0, 调用Tempcalc后,m_para[89][4]=1060.494089.
 <2023-11-21 21:27:41> Line: 658, ErrNum: 0, 调用Tempcalc后,m_para[90][4]=1063.775025.
 <2023-11-21 21:27:41> Line: 658, ErrNum: 0, 调用Tempcalc后,m_para[91][4]=1067.001788.
 <2023-11-21 21:27:41> Line: 658, ErrNum: 0, 调用Tempcalc后,m_para[92][4]=1070.159831.
 <2023-11-21 21:27:41> Line: 658, ErrNum: 0, 调用Tempcalc后,m_para[93][4]=1073.244029.
 <2023-11-21 21:27:41> Line: 658, ErrNum: 0, 调用Tempcalc后,m_para[94][4]=1076.252287.
 <2023-11-21 21:27:41> Line: 658, ErrNum: 0, 调用Tempcalc后,m_para[95][4]=1079.183906.
 <2023-11-21 21:27:41> Line: 658, ErrNum: 0, 调用Tempcalc后,m_para[96][4]=1082.038954.
 <2023-11-21 21:27:41> Line: 658, ErrNum: 0, 调用Tempcalc后,m_para[97][4]=1084.817969.
 <2023-11-21 21:27:41> Line: 658, ErrNum: 0, 调用Tempcalc后,m_para[98][4]=1087.521800.
 <2023-11-21 21:27:41> Line: 658, ErrNum: 0, 调用Tempcalc后,m_para[99][4]=1090.151510.
 <2023-11-21 21:27:41> Line: 658, ErrNum: 0, 调用Tempcalc后,m_para[100][4]=1092.708312.
 <2023-11-21 21:27:41> Line: 658, ErrNum: 0, 调用Tempcalc后,m_para[101][4]=1095.193533.
 <2023-11-21 21:27:41> Line: 658, ErrNum: 0, 调用Tempcalc后,m_para[102][4]=1097.608582.
 <2023-11-21 21:27:41> Line: 658, ErrNum: 0, 调用Tempcalc后,m_para[103][4]=1099.954940.
 <2023-11-21 21:27:41> Line: 658, ErrNum: 0, 调用Tempcalc后,m_para[104][4]=1102.234146.
 <2023-11-21 21:27:41> Line: 658, ErrNum: 0, 调用Tempcalc后,m_para[105][4]=1104.447782.
 <2023-11-21 21:27:41> Line: 658, ErrNum: 0, 调用Tempcalc后,m_para[106][4]=1106.597461.
 <2023-11-21 21:27:41> Line: 658, ErrNum: 0, 调用Tempcalc后,m_para[107][4]=1108.331723.
 <2023-11-21 21:27:41> Line: 658, ErrNum: 0, 调用Tempcalc后,m_para[108][4]=1110.069434.
 <2023-11-21 21:27:41> Line: 658, ErrNum: 0, 调用Tempcalc后,m_para[109][4]=1111.792153.
 <2023-11-21 21:27:41> Line: 658, ErrNum: 0, 调用Tempcalc后,m_para[110][4]=1113.483434.
 <2023-11-21 21:27:41> Line: 658, ErrNum: 0, 调用Tempcalc后,m_para[111][4]=1115.137303.
 <2023-11-21 21:27:41> Line: 658, ErrNum: 0, 调用Tempcalc后,m_para[112][4]=1116.751099.
 <2023-11-21 21:27:41> Line: 658, ErrNum: 0, 调用Tempcalc后,m_para[113][4]=1118.323660.
 <2023-11-21 21:27:41> Line: 658, ErrNum: 0, 调用Tempcalc后,m_para[114][4]=1119.854635.
 <2023-11-21 21:27:41> Line: 658, ErrNum: 0, 调用Tempcalc后,m_para[115][4]=1121.344150.
 <2023-11-21 21:27:41> Line: 658, ErrNum: 0, 调用Tempcalc后,m_para[116][4]=1122.792640.
 <2023-11-21 21:27:41> Line: 658, ErrNum: 0, 调用Tempcalc后,m_para[117][4]=1124.200740.
 <2023-11-21 21:27:41> Line: 658, ErrNum: 0, 调用Tempcalc后,m_para[118][4]=1125.569215.
 <2023-11-21 21:27:41> Line: 658, ErrNum: 0, 调用Tempcalc后,m_para[119][4]=1126.898917.
 <2023-11-21 21:27:41> Line: 658, ErrNum: 0, 调用Tempcalc后,m_para[120][4]=1128.190754.
 <2023-11-21 21:27:41> Line: 658, ErrNum: 0, 调用Tempcalc后,m_para[121][4]=1129.445660.
 <2023-11-21 21:27:41> Line: 658, ErrNum: 0, 调用Tempcalc后,m_para[122][4]=1130.667263.
 <2023-11-21 21:27:41> Line: 658, ErrNum: 0, 调用Tempcalc后,m_para[123][4]=1131.855363.
 <2023-11-21 21:27:41> Line: 658, ErrNum: 0, 调用Tempcalc后,m_para[124][4]=1133.008839.
 <2023-11-21 21:27:41> Line: 658, ErrNum: 0, 调用Tempcalc后,m_para[125][4]=1134.129700.
 <2023-11-21 21:27:41> Line: 658, ErrNum: 0, 调用Tempcalc后,m_para[126][4]=1135.220987.
 <2023-11-21 21:27:41> Line: 658, ErrNum: 0, 调用Tempcalc后,m_para[127][4]=1136.280012.
 <2023-11-21 21:27:41> Line: 658, ErrNum: 0, 调用Tempcalc后,m_para[128][4]=1137.311912.
 <2023-11-21 21:27:41> Line: 658, ErrNum: 0, 调用Tempcalc后,m_para[129][4]=1138.299657.
 <2023-11-21 21:27:41> Line: 658, ErrNum: 0, 调用Tempcalc后,m_para[130][4]=1139.269982.
 <2023-11-21 21:27:41> Line: 658, ErrNum: 0, 调用Tempcalc后,m_para[131][4]=1140.211443.
 <2023-11-21 21:27:41> Line: 658, ErrNum: 0, 调用Tempcalc后,m_para[132][4]=1141.125551.
 <2023-11-21 21:27:41> Line: 658, ErrNum: 0, 调用Tempcalc后,m_para[133][4]=1142.013194.
 <2023-11-21 21:27:41> Line: 658, ErrNum: 0, 调用Tempcalc后,m_para[134][4]=1142.875146.
 <2023-11-21 21:27:41> Line: 658, ErrNum: 0, 调用Tempcalc后,m_para[135][4]=1143.712137.
 <2023-11-21 21:27:41> Line: 658, ErrNum: 0, 调用Tempcalc后,m_para[136][4]=1144.524868.
 <2023-11-21 21:27:41> Line: 658, ErrNum: 0, 调用Tempcalc后,m_para[137][4]=1145.314020.
 <2023-11-21 21:27:41> Line: 658, ErrNum: 0, 调用Tempcalc后,m_para[138][4]=1146.080251.
 <2023-11-21 21:27:41> Line: 658, ErrNum: 0, 调用Tempcalc后,m_para[139][4]=1146.824203.
 <2023-11-21 21:27:41> Line: 658, ErrNum: 0, 调用Tempcalc后,m_para[140][4]=1147.546498.
 <2023-11-21 21:27:41> Line: 658, ErrNum: 0, 调用Tempcalc后,m_para[141][4]=1148.247741.
 <2023-11-21 21:27:41> Line: 658, ErrNum: 0, 调用Tempcalc后,m_para[142][4]=1148.928521.
 <2023-11-21 21:27:41> Line: 658, ErrNum: 0, 调用Tempcalc后,m_para[143][4]=1149.589410.
 <2023-11-21 21:27:41> Line: 658, ErrNum: 0, 调用Tempcalc后,m_para[144][4]=1150.230964.
 <2023-11-21 21:27:41> Line: 658, ErrNum: 0, 调用Tempcalc后,m_para[145][4]=1150.853727.
 <2023-11-21 21:27:41> Line: 658, ErrNum: 0, 调用Tempcalc后,m_para[146][4]=1151.458225.
 <2023-11-21 21:27:41> Line: 658, ErrNum: 0, 调用Tempcalc后,m_para[147][4]=1152.044971.
 <2023-11-21 21:27:41> Line: 658, ErrNum: 0, 调用Tempcalc后,m_para[148][4]=1152.614465.
 <2023-11-21 21:27:41> Line: 658, ErrNum: 0, 调用Tempcalc后,m_para[149][4]=1153.167192.
 <2023-11-21 21:27:41> Line: 658, ErrNum: 0, 调用Tempcalc后,m_para[150][4]=1153.703627.
 <2023-11-21 21:27:41> Line: 658, ErrNum: 0, 调用Tempcalc后,m_para[151][4]=1153.660261.
 <2023-11-21 21:27:41> Line: 658, ErrNum: 0, 调用Tempcalc后,m_para[152][4]=1153.694093.
 <2023-11-21 21:27:41> Line: 658, ErrNum: 0, 调用Tempcalc后,m_para[153][4]=1153.780791.
 <2023-11-21 21:27:41> Line: 658, ErrNum: 0, 调用Tempcalc后,m_para[154][4]=1153.893221.
 <2023-11-21 21:27:41> Line: 658, ErrNum: 0, 调用Tempcalc后,m_para[155][4]=1154.020131.
 <2023-11-21 21:27:41> Line: 658, ErrNum: 0, 调用Tempcalc后,m_para[156][4]=1154.155362.
 <2023-11-21 21:27:41> Line: 658, ErrNum: 0, 调用Tempcalc后,m_para[157][4]=1154.295099.
 <2023-11-21 21:27:41> Line: 658, ErrNum: 0, 调用Tempcalc后,m_para[158][4]=1154.436824.
 <2023-11-21 21:27:41> Line: 658, ErrNum: 0, 调用Tempcalc后,m_para[159][4]=1154.578814.
 <2023-11-21 21:27:41> Line: 658, ErrNum: 0, 调用Tempcalc后,m_para[160][4]=1154.719872.
 <2023-11-21 21:27:41> Line: 658, ErrNum: 0, 调用Tempcalc后,m_para[161][4]=1154.859163.
 <2023-11-21 21:27:41> Line: 658, ErrNum: 0, 调用Tempcalc后,m_para[162][4]=1154.996109.
 <2023-11-21 21:27:41> Line: 658, ErrNum: 0, 调用Tempcalc后,m_para[163][4]=1155.130318.
 <2023-11-21 21:27:41> Line: 658, ErrNum: 0, 调用Tempcalc后,m_para[164][4]=1155.261530.
 <2023-11-21 21:27:41> Line: 658, ErrNum: 0, 调用Tempcalc后,m_para[165][4]=1155.389583.
 <2023-11-21 21:27:41> Line: 658, ErrNum: 0, 调用Tempcalc后,m_para[166][4]=1155.514386.
 <2023-11-21 21:27:41> Line: 658, ErrNum: 0, 调用Tempcalc后,m_para[167][4]=1155.635897.
 <2023-11-21 21:27:41> Line: 658, ErrNum: 0, 调用Tempcalc后,m_para[168][4]=1155.743730.
 <2023-11-21 21:27:41> Line: 658, ErrNum: 0, 调用Tempcalc后,m_para[169][4]=1155.850071.
 <2023-11-21 21:27:41> Line: 658, ErrNum: 0, 调用Tempcalc后,m_para[170][4]=1155.954564.
 <2023-11-21 21:27:41> Line: 658, ErrNum: 0, 调用Tempcalc后,m_para[171][4]=1156.056752.
 <2023-11-21 21:27:41> Line: 658, ErrNum: 0, 调用Tempcalc后,m_para[172][4]=1156.156474.
 <2023-11-21 21:27:41> Line: 658, ErrNum: 0, 调用Tempcalc后,m_para[173][4]=1156.253670.
 <2023-11-21 21:27:41> Line: 658, ErrNum: 0, 调用Tempcalc后,m_para[174][4]=1156.348328.
 <2023-11-21 21:27:41> Line: 658, ErrNum: 0, 调用Tempcalc后,m_para[175][4]=1156.440460.
 <2023-11-21 21:27:41> Line: 658, ErrNum: 0, 调用Tempcalc后,m_para[176][4]=1156.530096.
 <2023-11-21 21:27:41> Line: 658, ErrNum: 0, 调用Tempcalc后,m_para[177][4]=1156.617277.
 <2023-11-21 21:27:41> Line: 658, ErrNum: 0, 调用Tempcalc后,m_para[178][4]=1156.702051.
 <2023-11-21 21:27:41> Line: 658, ErrNum: 0, 调用Tempcalc后,m_para[179][4]=1156.784468.
 <2023-11-21 21:27:41> Line: 658, ErrNum: 0, 调用Tempcalc后,m_para[180][4]=1156.864584.
 <2023-11-21 21:27:41> Line: 658, ErrNum: 0, 调用Tempcalc后,m_para[181][4]=1156.942455.
 <2023-11-21 21:27:41> Line: 658, ErrNum: 0, 调用Tempcalc后,m_para[182][4]=1157.018137.
 <2023-11-21 21:27:41> Line: 658, ErrNum: 0, 调用Tempcalc后,m_para[183][4]=1157.091688.
